#
# There is insufficient memory for the Java Runtime Environment to continue.
# Native memory allocation (malloc) failed to allocate 102160 bytes for Chunk::new
# Possible reasons:
#   The system is out of physical RAM or swap space
#   The process is running with CompressedOops enabled, and the Java Heap may be blocking the growth of the native heap
# Possible solutions:
#   Reduce memory load on the system
#   Increase physical memory or swap space
#   Check if swap backing store is full
#   Decrease Java heap size (-Xmx/-Xms)
#   Decrease number of Java threads
#   Decrease Java thread stack sizes (-Xss)
#   Set larger code cache with -XX:ReservedCodeCacheSize=
#   JVM is running with Zero Based Compressed Oops mode in which the Java heap is
#     placed in the first 32GB address space. The Java Heap base address is the
#     maximum limit for the native heap growth. Please use -XX:HeapBaseMinAddress
#     to set the Java Heap base and to place the Java Heap above 32GB virtual address.
# This output file may be truncated or incomplete.
#
#  Out of Memory Error (./open/src/hotspot/share/memory/arena.cpp:195), pid=27376, tid=36528
#
# JRE version: OpenJDK Runtime Environment (15.0.2+7) (build 15.0.2+7-27)
# Java VM: OpenJDK 64-Bit Server VM (15.0.2+7-27, mixed mode, tiered, compressed oops, g1 gc, windows-amd64)
# No core dump will be written. Minidumps are not enabled by default on client versions of Windows
#

---------------  S U M M A R Y ------------

Command Line: -ea -Dtestng.dtd.http=true -javaagent:C:\Users\Smrmr\.m2\repository/org/aspectj/aspectjweaver/1.9.6/aspectjweaver-1.9.6.jar -Dfile.encoding=Cp1252 -XX:+ShowCodeDetailsInExceptionMessages org.testng.remote.RemoteTestNG -usedefaultlisteners false -listener com.shaft.tools.listeners.AlterSuiteListener,com.shaft.tools.listeners.SuiteListener,com.shaft.tools.listeners.InvokedMethodListener,com.shaft.tools.listeners.CucumberFeatureListener -serport 62118 -protocol json -d C:\Users\Smrmr\eclipse-workspace\Alahlymomknapis\test-output C:\Users\Smrmr\AppData\Local\Temp\testng-eclipse-674759679\testng-customsuite.xml

Host: Intel(R) Core(TM) i7-10510U CPU @ 1.80GHz, 8 cores, 15G,  Windows 10 , 64 bit Build 19041 (10.0.19041.1023)
Time: Thu Jul  1 17:59:06 2021 Egypt Standard Time elapsed time: 0.237836 seconds (0d 0h 0m 0s)

---------------  T H R E A D  ---------------

Current thread (0x000001f17f584a20):  JavaThread "C2 CompilerThread0" daemon [_thread_in_native, id=36528, stack(0x000000c6ea800000,0x000000c6ea900000)]


Current CompileTask:
C2:    237  209       4       java.util.HashMap::putVal (300 bytes)

Stack: [0x000000c6ea800000,0x000000c6ea900000]
Native frames: (J=compiled Java code, j=interpreted, Vv=VM code, C=native code)
V  [jvm.dll+0x62ae9a]
V  [jvm.dll+0x7817a9]
V  [jvm.dll+0x782f03]
V  [jvm.dll+0x783563]
V  [jvm.dll+0x216325]
V  [jvm.dll+0x97f3a]
V  [jvm.dll+0x9861c]
V  [jvm.dll+0x32e305]
V  [jvm.dll+0x18e3b1]
V  [jvm.dll+0x1ea822]
V  [jvm.dll+0x1e996e]
V  [jvm.dll+0x178567]
V  [jvm.dll+0x1f9225]
V  [jvm.dll+0x1f72cc]
V  [jvm.dll+0x74495d]
V  [jvm.dll+0x73d75a]
V  [jvm.dll+0x629c56]
C  [ucrtbase.dll+0x21bb2]
C  [KERNEL32.DLL+0x17034]
C  [ntdll.dll+0x52651]


---------------  P R O C E S S  ---------------

Threads class SMR info:
_java_thread_list=0x000001f17f824380, length=11, elements={
0x000001f172e0c260, 0x000001f17f55c030, 0x000001f17f55d190, 0x000001f17f57f0b0,
0x000001f17f581980, 0x000001f17f582240, 0x000001f17f584a20, 0x000001f17f588d80,
0x000001f17f593e60, 0x000001f17ecbc210, 0x000001f17f859a80
}

Java Threads: ( => current thread )
  0x000001f172e0c260 JavaThread "main" [_thread_in_native, id=21408, stack(0x000000c6e9c00000,0x000000c6e9d00000)]
  0x000001f17f55c030 JavaThread "Reference Handler" daemon [_thread_blocked, id=37068, stack(0x000000c6ea300000,0x000000c6ea400000)]
  0x000001f17f55d190 JavaThread "Finalizer" daemon [_thread_blocked, id=21648, stack(0x000000c6ea400000,0x000000c6ea500000)]
  0x000001f17f57f0b0 JavaThread "Signal Dispatcher" daemon [_thread_blocked, id=2588, stack(0x000000c6ea500000,0x000000c6ea600000)]
  0x000001f17f581980 JavaThread "Attach Listener" daemon [_thread_blocked, id=27740, stack(0x000000c6ea600000,0x000000c6ea700000)]
  0x000001f17f582240 JavaThread "Service Thread" daemon [_thread_blocked, id=35768, stack(0x000000c6ea700000,0x000000c6ea800000)]
=>0x000001f17f584a20 JavaThread "C2 CompilerThread0" daemon [_thread_in_native, id=36528, stack(0x000000c6ea800000,0x000000c6ea900000)]
  0x000001f17f588d80 JavaThread "C1 CompilerThread0" daemon [_thread_blocked, id=35188, stack(0x000000c6ea900000,0x000000c6eaa00000)]
  0x000001f17f593e60 JavaThread "Sweeper thread" daemon [_thread_blocked, id=11528, stack(0x000000c6eaa00000,0x000000c6eab00000)]
  0x000001f17ecbc210 JavaThread "Common-Cleaner" daemon [_thread_blocked, id=37248, stack(0x000000c6eab00000,0x000000c6eac00000)]
  0x000001f17f859a80 JavaThread "C2 CompilerThread1" daemon [_thread_blocked, id=37828, stack(0x000000c6eac00000,0x000000c6ead00000)]

Other Threads:
  0x000001f17f522ac0 VMThread "VM Thread" [stack: 0x000000c6ea200000,0x000000c6ea300000] [id=28900]
  0x000001f172e5c450 GCTaskThread "GC Thread#0" [stack: 0x000000c6e9d00000,0x000000c6e9e00000] [id=38388]
  0x000001f172e6d330 ConcurrentGCThread "G1 Main Marker" [stack: 0x000000c6e9e00000,0x000000c6e9f00000] [id=30852]
  0x000001f172e6eec0 ConcurrentGCThread "G1 Conc#0" [stack: 0x000000c6e9f00000,0x000000c6ea000000] [id=31572]
  0x000001f17eb4a510 ConcurrentGCThread "G1 Refine#0" [stack: 0x000000c6ea000000,0x000000c6ea100000] [id=25452]
  0x000001f17eb4b7c0 ConcurrentGCThread "G1 Young RemSet Sampling" [stack: 0x000000c6ea100000,0x000000c6ea200000] [id=36436]

Threads with active compile tasks:
C2 CompilerThread0      248  209       4       java.util.HashMap::putVal (300 bytes)

VM state: not at safepoint (normal execution)

VM Mutex/Monitor currently owned by a thread: None

Heap address: 0x0000000703000000, size: 4048 MB, Compressed Oops mode: Zero based, Oop shift amount: 3
CDS disabled.
Compressed class space mapped at: 0x0000000800000000-0x0000000840000000, size: 1073741824
Narrow klass base: 0x0000000800000000, Narrow klass shift: 0, Narrow klass range: 0x40000000

GC Precious Log:
 CPUs: 8 total, 8 available
 Memory: 16190M
 Large Page Support: Disabled
 NUMA Support: Disabled
 Compressed Oops: Enabled (Zero based)
 Heap Region Size: 2M
 Heap Min Capacity: 8M
 Heap Initial Capacity: 254M
 Heap Max Capacity: 4048M
 Pre-touch: Disabled
 Parallel Workers: 8
 Concurrent Workers: 2
 Concurrent Refinement Workers: 8
 Periodic GC: Disabled

Heap:
 garbage-first heap   total 260096K, used 2048K [0x0000000703000000, 0x0000000800000000)
  region size 2048K, 2 young (4096K), 0 survivors (0K)
 Metaspace       used 5538K, capacity 5595K, committed 5888K, reserved 1056768K
  class space    used 451K, capacity 457K, committed 512K, reserved 1048576K

Heap Regions: E=young(eden), S=young(survivor), O=old, HS=humongous(starts), HC=humongous(continues), CS=collection set, F=free, OA=open archive, CA=closed archive, TAMS=top-at-mark-start (previous, next)
|   0|0x0000000703000000, 0x0000000703000000, 0x0000000703200000|  0%| F|  |TAMS 0x0000000703000000, 0x0000000703000000| Untracked 
|   1|0x0000000703200000, 0x0000000703200000, 0x0000000703400000|  0%| F|  |TAMS 0x0000000703200000, 0x0000000703200000| Untracked 
|   2|0x0000000703400000, 0x0000000703400000, 0x0000000703600000|  0%| F|  |TAMS 0x0000000703400000, 0x0000000703400000| Untracked 
|   3|0x0000000703600000, 0x0000000703600000, 0x0000000703800000|  0%| F|  |TAMS 0x0000000703600000, 0x0000000703600000| Untracked 
|   4|0x0000000703800000, 0x0000000703800000, 0x0000000703a00000|  0%| F|  |TAMS 0x0000000703800000, 0x0000000703800000| Untracked 
|   5|0x0000000703a00000, 0x0000000703a00000, 0x0000000703c00000|  0%| F|  |TAMS 0x0000000703a00000, 0x0000000703a00000| Untracked 
|   6|0x0000000703c00000, 0x0000000703c00000, 0x0000000703e00000|  0%| F|  |TAMS 0x0000000703c00000, 0x0000000703c00000| Untracked 
|   7|0x0000000703e00000, 0x0000000703e00000, 0x0000000704000000|  0%| F|  |TAMS 0x0000000703e00000, 0x0000000703e00000| Untracked 
|   8|0x0000000704000000, 0x0000000704000000, 0x0000000704200000|  0%| F|  |TAMS 0x0000000704000000, 0x0000000704000000| Untracked 
|   9|0x0000000704200000, 0x0000000704200000, 0x0000000704400000|  0%| F|  |TAMS 0x0000000704200000, 0x0000000704200000| Untracked 
|  10|0x0000000704400000, 0x0000000704400000, 0x0000000704600000|  0%| F|  |TAMS 0x0000000704400000, 0x0000000704400000| Untracked 
|  11|0x0000000704600000, 0x0000000704600000, 0x0000000704800000|  0%| F|  |TAMS 0x0000000704600000, 0x0000000704600000| Untracked 
|  12|0x0000000704800000, 0x0000000704800000, 0x0000000704a00000|  0%| F|  |TAMS 0x0000000704800000, 0x0000000704800000| Untracked 
|  13|0x0000000704a00000, 0x0000000704a00000, 0x0000000704c00000|  0%| F|  |TAMS 0x0000000704a00000, 0x0000000704a00000| Untracked 
|  14|0x0000000704c00000, 0x0000000704c00000, 0x0000000704e00000|  0%| F|  |TAMS 0x0000000704c00000, 0x0000000704c00000| Untracked 
|  15|0x0000000704e00000, 0x0000000704e00000, 0x0000000705000000|  0%| F|  |TAMS 0x0000000704e00000, 0x0000000704e00000| Untracked 
|  16|0x0000000705000000, 0x0000000705000000, 0x0000000705200000|  0%| F|  |TAMS 0x0000000705000000, 0x0000000705000000| Untracked 
|  17|0x0000000705200000, 0x0000000705200000, 0x0000000705400000|  0%| F|  |TAMS 0x0000000705200000, 0x0000000705200000| Untracked 
|  18|0x0000000705400000, 0x0000000705400000, 0x0000000705600000|  0%| F|  |TAMS 0x0000000705400000, 0x0000000705400000| Untracked 
|  19|0x0000000705600000, 0x0000000705600000, 0x0000000705800000|  0%| F|  |TAMS 0x0000000705600000, 0x0000000705600000| Untracked 
|  20|0x0000000705800000, 0x0000000705800000, 0x0000000705a00000|  0%| F|  |TAMS 0x0000000705800000, 0x0000000705800000| Untracked 
|  21|0x0000000705a00000, 0x0000000705a00000, 0x0000000705c00000|  0%| F|  |TAMS 0x0000000705a00000, 0x0000000705a00000| Untracked 
|  22|0x0000000705c00000, 0x0000000705c00000, 0x0000000705e00000|  0%| F|  |TAMS 0x0000000705c00000, 0x0000000705c00000| Untracked 
|  23|0x0000000705e00000, 0x0000000705e00000, 0x0000000706000000|  0%| F|  |TAMS 0x0000000705e00000, 0x0000000705e00000| Untracked 
|  24|0x0000000706000000, 0x0000000706000000, 0x0000000706200000|  0%| F|  |TAMS 0x0000000706000000, 0x0000000706000000| Untracked 
|  25|0x0000000706200000, 0x0000000706200000, 0x0000000706400000|  0%| F|  |TAMS 0x0000000706200000, 0x0000000706200000| Untracked 
|  26|0x0000000706400000, 0x0000000706400000, 0x0000000706600000|  0%| F|  |TAMS 0x0000000706400000, 0x0000000706400000| Untracked 
|  27|0x0000000706600000, 0x0000000706600000, 0x0000000706800000|  0%| F|  |TAMS 0x0000000706600000, 0x0000000706600000| Untracked 
|  28|0x0000000706800000, 0x0000000706800000, 0x0000000706a00000|  0%| F|  |TAMS 0x0000000706800000, 0x0000000706800000| Untracked 
|  29|0x0000000706a00000, 0x0000000706a00000, 0x0000000706c00000|  0%| F|  |TAMS 0x0000000706a00000, 0x0000000706a00000| Untracked 
|  30|0x0000000706c00000, 0x0000000706c00000, 0x0000000706e00000|  0%| F|  |TAMS 0x0000000706c00000, 0x0000000706c00000| Untracked 
|  31|0x0000000706e00000, 0x0000000706e00000, 0x0000000707000000|  0%| F|  |TAMS 0x0000000706e00000, 0x0000000706e00000| Untracked 
|  32|0x0000000707000000, 0x0000000707000000, 0x0000000707200000|  0%| F|  |TAMS 0x0000000707000000, 0x0000000707000000| Untracked 
|  33|0x0000000707200000, 0x0000000707200000, 0x0000000707400000|  0%| F|  |TAMS 0x0000000707200000, 0x0000000707200000| Untracked 
|  34|0x0000000707400000, 0x0000000707400000, 0x0000000707600000|  0%| F|  |TAMS 0x0000000707400000, 0x0000000707400000| Untracked 
|  35|0x0000000707600000, 0x0000000707600000, 0x0000000707800000|  0%| F|  |TAMS 0x0000000707600000, 0x0000000707600000| Untracked 
|  36|0x0000000707800000, 0x0000000707800000, 0x0000000707a00000|  0%| F|  |TAMS 0x0000000707800000, 0x0000000707800000| Untracked 
|  37|0x0000000707a00000, 0x0000000707a00000, 0x0000000707c00000|  0%| F|  |TAMS 0x0000000707a00000, 0x0000000707a00000| Untracked 
|  38|0x0000000707c00000, 0x0000000707c00000, 0x0000000707e00000|  0%| F|  |TAMS 0x0000000707c00000, 0x0000000707c00000| Untracked 
|  39|0x0000000707e00000, 0x0000000707e00000, 0x0000000708000000|  0%| F|  |TAMS 0x0000000707e00000, 0x0000000707e00000| Untracked 
|  40|0x0000000708000000, 0x0000000708000000, 0x0000000708200000|  0%| F|  |TAMS 0x0000000708000000, 0x0000000708000000| Untracked 
|  41|0x0000000708200000, 0x0000000708200000, 0x0000000708400000|  0%| F|  |TAMS 0x0000000708200000, 0x0000000708200000| Untracked 
|  42|0x0000000708400000, 0x0000000708400000, 0x0000000708600000|  0%| F|  |TAMS 0x0000000708400000, 0x0000000708400000| Untracked 
|  43|0x0000000708600000, 0x0000000708600000, 0x0000000708800000|  0%| F|  |TAMS 0x0000000708600000, 0x0000000708600000| Untracked 
|  44|0x0000000708800000, 0x0000000708800000, 0x0000000708a00000|  0%| F|  |TAMS 0x0000000708800000, 0x0000000708800000| Untracked 
|  45|0x0000000708a00000, 0x0000000708a00000, 0x0000000708c00000|  0%| F|  |TAMS 0x0000000708a00000, 0x0000000708a00000| Untracked 
|  46|0x0000000708c00000, 0x0000000708c00000, 0x0000000708e00000|  0%| F|  |TAMS 0x0000000708c00000, 0x0000000708c00000| Untracked 
|  47|0x0000000708e00000, 0x0000000708e00000, 0x0000000709000000|  0%| F|  |TAMS 0x0000000708e00000, 0x0000000708e00000| Untracked 
|  48|0x0000000709000000, 0x0000000709000000, 0x0000000709200000|  0%| F|  |TAMS 0x0000000709000000, 0x0000000709000000| Untracked 
|  49|0x0000000709200000, 0x0000000709200000, 0x0000000709400000|  0%| F|  |TAMS 0x0000000709200000, 0x0000000709200000| Untracked 
|  50|0x0000000709400000, 0x0000000709400000, 0x0000000709600000|  0%| F|  |TAMS 0x0000000709400000, 0x0000000709400000| Untracked 
|  51|0x0000000709600000, 0x0000000709600000, 0x0000000709800000|  0%| F|  |TAMS 0x0000000709600000, 0x0000000709600000| Untracked 
|  52|0x0000000709800000, 0x0000000709800000, 0x0000000709a00000|  0%| F|  |TAMS 0x0000000709800000, 0x0000000709800000| Untracked 
|  53|0x0000000709a00000, 0x0000000709a00000, 0x0000000709c00000|  0%| F|  |TAMS 0x0000000709a00000, 0x0000000709a00000| Untracked 
|  54|0x0000000709c00000, 0x0000000709c00000, 0x0000000709e00000|  0%| F|  |TAMS 0x0000000709c00000, 0x0000000709c00000| Untracked 
|  55|0x0000000709e00000, 0x0000000709e00000, 0x000000070a000000|  0%| F|  |TAMS 0x0000000709e00000, 0x0000000709e00000| Untracked 
|  56|0x000000070a000000, 0x000000070a000000, 0x000000070a200000|  0%| F|  |TAMS 0x000000070a000000, 0x000000070a000000| Untracked 
|  57|0x000000070a200000, 0x000000070a200000, 0x000000070a400000|  0%| F|  |TAMS 0x000000070a200000, 0x000000070a200000| Untracked 
|  58|0x000000070a400000, 0x000000070a400000, 0x000000070a600000|  0%| F|  |TAMS 0x000000070a400000, 0x000000070a400000| Untracked 
|  59|0x000000070a600000, 0x000000070a600000, 0x000000070a800000|  0%| F|  |TAMS 0x000000070a600000, 0x000000070a600000| Untracked 
|  60|0x000000070a800000, 0x000000070a800000, 0x000000070aa00000|  0%| F|  |TAMS 0x000000070a800000, 0x000000070a800000| Untracked 
|  61|0x000000070aa00000, 0x000000070aa00000, 0x000000070ac00000|  0%| F|  |TAMS 0x000000070aa00000, 0x000000070aa00000| Untracked 
|  62|0x000000070ac00000, 0x000000070ac00000, 0x000000070ae00000|  0%| F|  |TAMS 0x000000070ac00000, 0x000000070ac00000| Untracked 
|  63|0x000000070ae00000, 0x000000070ae00000, 0x000000070b000000|  0%| F|  |TAMS 0x000000070ae00000, 0x000000070ae00000| Untracked 
|  64|0x000000070b000000, 0x000000070b000000, 0x000000070b200000|  0%| F|  |TAMS 0x000000070b000000, 0x000000070b000000| Untracked 
|  65|0x000000070b200000, 0x000000070b200000, 0x000000070b400000|  0%| F|  |TAMS 0x000000070b200000, 0x000000070b200000| Untracked 
|  66|0x000000070b400000, 0x000000070b400000, 0x000000070b600000|  0%| F|  |TAMS 0x000000070b400000, 0x000000070b400000| Untracked 
|  67|0x000000070b600000, 0x000000070b600000, 0x000000070b800000|  0%| F|  |TAMS 0x000000070b600000, 0x000000070b600000| Untracked 
|  68|0x000000070b800000, 0x000000070b800000, 0x000000070ba00000|  0%| F|  |TAMS 0x000000070b800000, 0x000000070b800000| Untracked 
|  69|0x000000070ba00000, 0x000000070ba00000, 0x000000070bc00000|  0%| F|  |TAMS 0x000000070ba00000, 0x000000070ba00000| Untracked 
|  70|0x000000070bc00000, 0x000000070bc00000, 0x000000070be00000|  0%| F|  |TAMS 0x000000070bc00000, 0x000000070bc00000| Untracked 
|  71|0x000000070be00000, 0x000000070be00000, 0x000000070c000000|  0%| F|  |TAMS 0x000000070be00000, 0x000000070be00000| Untracked 
|  72|0x000000070c000000, 0x000000070c000000, 0x000000070c200000|  0%| F|  |TAMS 0x000000070c000000, 0x000000070c000000| Untracked 
|  73|0x000000070c200000, 0x000000070c200000, 0x000000070c400000|  0%| F|  |TAMS 0x000000070c200000, 0x000000070c200000| Untracked 
|  74|0x000000070c400000, 0x000000070c400000, 0x000000070c600000|  0%| F|  |TAMS 0x000000070c400000, 0x000000070c400000| Untracked 
|  75|0x000000070c600000, 0x000000070c600000, 0x000000070c800000|  0%| F|  |TAMS 0x000000070c600000, 0x000000070c600000| Untracked 
|  76|0x000000070c800000, 0x000000070c800000, 0x000000070ca00000|  0%| F|  |TAMS 0x000000070c800000, 0x000000070c800000| Untracked 
|  77|0x000000070ca00000, 0x000000070ca00000, 0x000000070cc00000|  0%| F|  |TAMS 0x000000070ca00000, 0x000000070ca00000| Untracked 
|  78|0x000000070cc00000, 0x000000070cc00000, 0x000000070ce00000|  0%| F|  |TAMS 0x000000070cc00000, 0x000000070cc00000| Untracked 
|  79|0x000000070ce00000, 0x000000070ce00000, 0x000000070d000000|  0%| F|  |TAMS 0x000000070ce00000, 0x000000070ce00000| Untracked 
|  80|0x000000070d000000, 0x000000070d000000, 0x000000070d200000|  0%| F|  |TAMS 0x000000070d000000, 0x000000070d000000| Untracked 
|  81|0x000000070d200000, 0x000000070d200000, 0x000000070d400000|  0%| F|  |TAMS 0x000000070d200000, 0x000000070d200000| Untracked 
|  82|0x000000070d400000, 0x000000070d400000, 0x000000070d600000|  0%| F|  |TAMS 0x000000070d400000, 0x000000070d400000| Untracked 
|  83|0x000000070d600000, 0x000000070d600000, 0x000000070d800000|  0%| F|  |TAMS 0x000000070d600000, 0x000000070d600000| Untracked 
|  84|0x000000070d800000, 0x000000070d800000, 0x000000070da00000|  0%| F|  |TAMS 0x000000070d800000, 0x000000070d800000| Untracked 
|  85|0x000000070da00000, 0x000000070da00000, 0x000000070dc00000|  0%| F|  |TAMS 0x000000070da00000, 0x000000070da00000| Untracked 
|  86|0x000000070dc00000, 0x000000070dc00000, 0x000000070de00000|  0%| F|  |TAMS 0x000000070dc00000, 0x000000070dc00000| Untracked 
|  87|0x000000070de00000, 0x000000070de00000, 0x000000070e000000|  0%| F|  |TAMS 0x000000070de00000, 0x000000070de00000| Untracked 
|  88|0x000000070e000000, 0x000000070e000000, 0x000000070e200000|  0%| F|  |TAMS 0x000000070e000000, 0x000000070e000000| Untracked 
|  89|0x000000070e200000, 0x000000070e200000, 0x000000070e400000|  0%| F|  |TAMS 0x000000070e200000, 0x000000070e200000| Untracked 
|  90|0x000000070e400000, 0x000000070e400000, 0x000000070e600000|  0%| F|  |TAMS 0x000000070e400000, 0x000000070e400000| Untracked 
|  91|0x000000070e600000, 0x000000070e600000, 0x000000070e800000|  0%| F|  |TAMS 0x000000070e600000, 0x000000070e600000| Untracked 
|  92|0x000000070e800000, 0x000000070e800000, 0x000000070ea00000|  0%| F|  |TAMS 0x000000070e800000, 0x000000070e800000| Untracked 
|  93|0x000000070ea00000, 0x000000070ea00000, 0x000000070ec00000|  0%| F|  |TAMS 0x000000070ea00000, 0x000000070ea00000| Untracked 
|  94|0x000000070ec00000, 0x000000070ec00000, 0x000000070ee00000|  0%| F|  |TAMS 0x000000070ec00000, 0x000000070ec00000| Untracked 
|  95|0x000000070ee00000, 0x000000070ee00000, 0x000000070f000000|  0%| F|  |TAMS 0x000000070ee00000, 0x000000070ee00000| Untracked 
|  96|0x000000070f000000, 0x000000070f000000, 0x000000070f200000|  0%| F|  |TAMS 0x000000070f000000, 0x000000070f000000| Untracked 
|  97|0x000000070f200000, 0x000000070f200000, 0x000000070f400000|  0%| F|  |TAMS 0x000000070f200000, 0x000000070f200000| Untracked 
|  98|0x000000070f400000, 0x000000070f400000, 0x000000070f600000|  0%| F|  |TAMS 0x000000070f400000, 0x000000070f400000| Untracked 
|  99|0x000000070f600000, 0x000000070f600000, 0x000000070f800000|  0%| F|  |TAMS 0x000000070f600000, 0x000000070f600000| Untracked 
| 100|0x000000070f800000, 0x000000070f800000, 0x000000070fa00000|  0%| F|  |TAMS 0x000000070f800000, 0x000000070f800000| Untracked 
| 101|0x000000070fa00000, 0x000000070fa00000, 0x000000070fc00000|  0%| F|  |TAMS 0x000000070fa00000, 0x000000070fa00000| Untracked 
| 102|0x000000070fc00000, 0x000000070fc00000, 0x000000070fe00000|  0%| F|  |TAMS 0x000000070fc00000, 0x000000070fc00000| Untracked 
| 103|0x000000070fe00000, 0x000000070fe00000, 0x0000000710000000|  0%| F|  |TAMS 0x000000070fe00000, 0x000000070fe00000| Untracked 
| 104|0x0000000710000000, 0x0000000710000000, 0x0000000710200000|  0%| F|  |TAMS 0x0000000710000000, 0x0000000710000000| Untracked 
| 105|0x0000000710200000, 0x0000000710200000, 0x0000000710400000|  0%| F|  |TAMS 0x0000000710200000, 0x0000000710200000| Untracked 
| 106|0x0000000710400000, 0x0000000710400000, 0x0000000710600000|  0%| F|  |TAMS 0x0000000710400000, 0x0000000710400000| Untracked 
| 107|0x0000000710600000, 0x0000000710600000, 0x0000000710800000|  0%| F|  |TAMS 0x0000000710600000, 0x0000000710600000| Untracked 
| 108|0x0000000710800000, 0x0000000710800000, 0x0000000710a00000|  0%| F|  |TAMS 0x0000000710800000, 0x0000000710800000| Untracked 
| 109|0x0000000710a00000, 0x0000000710a00000, 0x0000000710c00000|  0%| F|  |TAMS 0x0000000710a00000, 0x0000000710a00000| Untracked 
| 110|0x0000000710c00000, 0x0000000710c00000, 0x0000000710e00000|  0%| F|  |TAMS 0x0000000710c00000, 0x0000000710c00000| Untracked 
| 111|0x0000000710e00000, 0x0000000710e00000, 0x0000000711000000|  0%| F|  |TAMS 0x0000000710e00000, 0x0000000710e00000| Untracked 
| 112|0x0000000711000000, 0x0000000711000000, 0x0000000711200000|  0%| F|  |TAMS 0x0000000711000000, 0x0000000711000000| Untracked 
| 113|0x0000000711200000, 0x0000000711200000, 0x0000000711400000|  0%| F|  |TAMS 0x0000000711200000, 0x0000000711200000| Untracked 
| 114|0x0000000711400000, 0x0000000711400000, 0x0000000711600000|  0%| F|  |TAMS 0x0000000711400000, 0x0000000711400000| Untracked 
| 115|0x0000000711600000, 0x0000000711600000, 0x0000000711800000|  0%| F|  |TAMS 0x0000000711600000, 0x0000000711600000| Untracked 
| 116|0x0000000711800000, 0x0000000711800000, 0x0000000711a00000|  0%| F|  |TAMS 0x0000000711800000, 0x0000000711800000| Untracked 
| 117|0x0000000711a00000, 0x0000000711a00000, 0x0000000711c00000|  0%| F|  |TAMS 0x0000000711a00000, 0x0000000711a00000| Untracked 
| 118|0x0000000711c00000, 0x0000000711c00000, 0x0000000711e00000|  0%| F|  |TAMS 0x0000000711c00000, 0x0000000711c00000| Untracked 
| 119|0x0000000711e00000, 0x0000000711e00000, 0x0000000712000000|  0%| F|  |TAMS 0x0000000711e00000, 0x0000000711e00000| Untracked 
| 120|0x0000000712000000, 0x0000000712000000, 0x0000000712200000|  0%| F|  |TAMS 0x0000000712000000, 0x0000000712000000| Untracked 
| 121|0x0000000712200000, 0x0000000712200000, 0x0000000712400000|  0%| F|  |TAMS 0x0000000712200000, 0x0000000712200000| Untracked 
| 122|0x0000000712400000, 0x0000000712400000, 0x0000000712600000|  0%| F|  |TAMS 0x0000000712400000, 0x0000000712400000| Untracked 
| 123|0x0000000712600000, 0x0000000712600000, 0x0000000712800000|  0%| F|  |TAMS 0x0000000712600000, 0x0000000712600000| Untracked 
| 124|0x0000000712800000, 0x0000000712800000, 0x0000000712a00000|  0%| F|  |TAMS 0x0000000712800000, 0x0000000712800000| Untracked 
| 125|0x0000000712a00000, 0x0000000712a71250, 0x0000000712c00000| 22%| E|  |TAMS 0x0000000712a00000, 0x0000000712a00000| Complete 
| 126|0x0000000712c00000, 0x0000000712e00000, 0x0000000712e00000|100%| E|CS|TAMS 0x0000000712c00000, 0x0000000712c00000| Complete 

Card table byte_map: [0x000001f177320000,0x000001f177b10000] _byte_map_base: 0x000001f173b08000

Marking Bits (Prev, Next): (CMBitMap*) 0x000001f172e5cbd0, (CMBitMap*) 0x000001f172e5cc10
 Prev Bits: [0x000001f178300000, 0x000001f17c240000)
 Next Bits: [0x000001f10f000000, 0x000001f112f40000)

Polling page: 0x000001f1725c0000

Metaspace:

Usage:
  Non-class:      5.02 MB capacity,     5.00 MB (>99%) used,    11.64 KB ( <1%) free+waste,     1.44 KB ( <1%) overhead. 
      Class:    489.00 KB capacity,   459.67 KB ( 94%) used,    28.77 KB (  6%) free+waste,   576 bytes ( <1%) overhead. 
       Both:      5.50 MB capacity,     5.45 MB (>99%) used,    40.41 KB ( <1%) free+waste,     2.00 KB ( <1%) overhead. 

Virtual space:
  Non-class space:        8.00 MB reserved,       5.25 MB ( 66%) committed 
      Class space:        1.00 GB reserved,     512.00 KB ( <1%) committed 
             Both:        1.01 GB reserved,       5.75 MB ( <1%) committed 

Chunk freelists:
   Non-Class:  46.00 KB
       Class:  23.00 KB
        Both:  69.00 KB

MaxMetaspaceSize: 17179869184.00 GB
CompressedClassSpaceSize: 1.00 GB

CodeHeap 'non-profiled nmethods': size=120000Kb used=61Kb max_used=61Kb free=119938Kb
 bounds [0x000001f107ad0000, 0x000001f107d40000, 0x000001f10f000000]
CodeHeap 'profiled nmethods': size=120000Kb used=305Kb max_used=305Kb free=119694Kb
 bounds [0x000001f1005a0000, 0x000001f100810000, 0x000001f107ad0000]
CodeHeap 'non-nmethods': size=5760Kb used=1101Kb max_used=1101Kb free=4658Kb
 bounds [0x000001f100000000, 0x000001f100270000, 0x000001f1005a0000]
 total_blobs=565 nmethods=228 adapters=250
 compilation: enabled
              stopped_count=0, restarted_count=0
 full_count=0

Compilation events (20 events):
Event: 0.230 Thread 0x000001f17f588d80  215       1       java.lang.module.ModuleDescriptor$Provides::service (5 bytes)
Event: 0.230 Thread 0x000001f17f588d80 nmethod 215 0x000001f107addd90 code [0x000001f107addf20, 0x000001f107addfd8]
Event: 0.230 Thread 0x000001f17f859a80  216       4       java.lang.String::equals (50 bytes)
Event: 0.230 Thread 0x000001f17f588d80  217       3       java.util.ImmutableCollections$MapN::probe (60 bytes)
Event: 0.230 Thread 0x000001f17f588d80 nmethod 217 0x000001f1005e9010 code [0x000001f1005e91e0, 0x000001f1005e9738]
Event: 0.230 Thread 0x000001f17f588d80  218       3       java.util.HashMap$ValueIterator::next (8 bytes)
Event: 0.231 Thread 0x000001f17f588d80 nmethod 218 0x000001f1005e9990 code [0x000001f1005e9b40, 0x000001f1005e9c88]
Event: 0.231 Thread 0x000001f17f588d80  219       1       java.util.HashMap::size (5 bytes)
Event: 0.231 Thread 0x000001f17f588d80 nmethod 219 0x000001f107ade090 code [0x000001f107ade220, 0x000001f107ade2d8]
Event: 0.231 Thread 0x000001f17f588d80  220       3       java.util.ImmutableCollections$MapN::get (35 bytes)
Event: 0.231 Thread 0x000001f17f588d80 nmethod 220 0x000001f1005e9d90 code [0x000001f1005e9f60, 0x000001f1005ea2d8]
Event: 0.231 Thread 0x000001f17f588d80  222       1       java.lang.Module::getDescriptor (5 bytes)
Event: 0.231 Thread 0x000001f17f859a80 nmethod 216 0x000001f107ade790 code [0x000001f107ade920, 0x000001f107adeaf8]
Event: 0.231 Thread 0x000001f17f588d80 nmethod 222 0x000001f107adeb90 code [0x000001f107aded20, 0x000001f107adedd8]
Event: 0.234 Thread 0x000001f17f588d80  223       1       java.net.URL::getFile (5 bytes)
Event: 0.234 Thread 0x000001f17f588d80 nmethod 223 0x000001f107adee90 code [0x000001f107adf020, 0x000001f107adf0d8]
Event: 0.234 Thread 0x000001f17f588d80  224       1       java.net.URL::getRef (5 bytes)
Event: 0.234 Thread 0x000001f17f588d80 nmethod 224 0x000001f107adf190 code [0x000001f107adf320, 0x000001f107adf3d8]
Event: 0.234 Thread 0x000001f17f588d80  225       1       java.net.URL::getProtocol (5 bytes)
Event: 0.234 Thread 0x000001f17f588d80 nmethod 225 0x000001f107adf490 code [0x000001f107adf620, 0x000001f107adf6d8]

GC Heap History (0 events):
No events

Deoptimization events (8 events):
Event: 0.144 Thread 0x000001f172e0c260 DEOPT PACKING pc=0x000001f1005a83f9 sp=0x000000c6e9cfe470
Event: 0.144 Thread 0x000001f172e0c260 DEOPT UNPACKING pc=0x000001f10004e23f sp=0x000000c6e9cfd8f8 mode 0
Event: 0.196 Thread 0x000001f172e0c260 Uncommon trap: trap_request=0xffffff45 fr.pc=0x000001f107ad2a40 relative=0x00000000000001a0
Event: 0.196 Thread 0x000001f172e0c260 Uncommon trap: reason=unstable_if action=reinterpret pc=0x000001f107ad2a40 method=java.lang.StringLatin1.indexOf([BII)I @ 47 c2
Event: 0.197 Thread 0x000001f172e0c260 DEOPT PACKING pc=0x000001f107ad2a40 sp=0x000000c6e9cfe170
Event: 0.197 Thread 0x000001f172e0c260 DEOPT UNPACKING pc=0x000001f10004e42f sp=0x000000c6e9cfe0e8 mode 2
Event: 0.235 Thread 0x000001f172e0c260 DEOPT PACKING pc=0x000001f1005cb4f9 sp=0x000000c6e9cfe180
Event: 0.235 Thread 0x000001f172e0c260 DEOPT UNPACKING pc=0x000001f10004e23f sp=0x000000c6e9cfd608 mode 0

Classes unloaded (0 events):
No events

Classes redefined (0 events):
No events

Internal exceptions (0 events):
No events

Events (20 events):
Event: 0.232 loading class java/lang/invoke/StringConcatFactory
Event: 0.232 loading class java/lang/invoke/StringConcatFactory done
Event: 0.232 loading class java/lang/invoke/StringConcatFactory$1
Event: 0.232 loading class java/lang/invoke/StringConcatFactory$1 done
Event: 0.232 loading class java/lang/invoke/StringConcatFactory$2
Event: 0.232 loading class java/lang/invoke/StringConcatFactory$2 done
Event: 0.232 loading class java/lang/invoke/StringConcatFactory$3
Event: 0.233 loading class java/lang/invoke/StringConcatFactory$3 done
Event: 0.233 Loaded shared library C:\Users\Smrmr\.p2\pool\plugins\org.eclipse.justj.openjdk.hotspot.jre.full.win32.x86_64_15.0.2.v20210201-0955\jre\bin\zip.dll
Event: 0.234 loading class java/lang/InternalError
Event: 0.234 loading class java/lang/InternalError done
Event: 0.234 loading class sun/instrument/InstrumentationImpl
Event: 0.234 loading class java/lang/instrument/Instrumentation
Event: 0.235 loading class java/lang/instrument/Instrumentation done
Event: 0.235 loading class sun/instrument/InstrumentationImpl done
Event: 0.235 loading class jdk/internal/loader/NativeLibraries$LibraryPaths
Event: 0.235 loading class jdk/internal/loader/NativeLibraries$LibraryPaths done
Event: 0.235 loading class jdk/internal/loader/ClassLoaderHelper
Event: 0.235 loading class jdk/internal/loader/ClassLoaderHelper done
Event: 0.235 loading class jdk/internal/loader/NativeLibraries$1


Dynamic libraries:
0x00007ff7293a0000 - 0x00007ff7293ad000 	C:\Users\Smrmr\.p2\pool\plugins\org.eclipse.justj.openjdk.hotspot.jre.full.win32.x86_64_15.0.2.v20210201-0955\jre\bin\javaw.exe
0x00007ffc329d0000 - 0x00007ffc32bc5000 	C:\WINDOWS\SYSTEM32\ntdll.dll
0x00007ffc31f20000 - 0x00007ffc31fdd000 	C:\WINDOWS\System32\KERNEL32.DLL
0x00007ffc30350000 - 0x00007ffc30618000 	C:\WINDOWS\System32\KERNELBASE.dll
0x00007ffc30110000 - 0x00007ffc30210000 	C:\WINDOWS\System32\ucrtbase.dll
0x00007ffc270d0000 - 0x00007ffc270e8000 	C:\Users\Smrmr\.p2\pool\plugins\org.eclipse.justj.openjdk.hotspot.jre.full.win32.x86_64_15.0.2.v20210201-0955\jre\bin\jli.dll
0x00007ffc326a0000 - 0x00007ffc32840000 	C:\WINDOWS\System32\USER32.dll
0x00007ffc232d0000 - 0x00007ffc232e9000 	C:\Users\Smrmr\.p2\pool\plugins\org.eclipse.justj.openjdk.hotspot.jre.full.win32.x86_64_15.0.2.v20210201-0955\jre\bin\VCRUNTIME140.dll
0x00007ffc30860000 - 0x00007ffc30882000 	C:\WINDOWS\System32\win32u.dll
0x00007ffc31a70000 - 0x00007ffc31a9a000 	C:\WINDOWS\System32\GDI32.dll
0x00007ffc143c0000 - 0x00007ffc1465a000 	C:\WINDOWS\WinSxS\amd64_microsoft.windows.common-controls_6595b64144ccf1df_6.0.19041.1052_none_60b8f8fd71f5e8cb\COMCTL32.dll
0x00007ffc30240000 - 0x00007ffc3034b000 	C:\WINDOWS\System32\gdi32full.dll
0x00007ffc31900000 - 0x00007ffc3199e000 	C:\WINDOWS\System32\msvcrt.dll
0x00007ffc308f0000 - 0x00007ffc3098d000 	C:\WINDOWS\System32\msvcp_win.dll
0x00007ffc31b10000 - 0x00007ffc31b40000 	C:\WINDOWS\System32\IMM32.DLL
0x00007ffc24b20000 - 0x00007ffc24b2c000 	C:\Users\Smrmr\.p2\pool\plugins\org.eclipse.justj.openjdk.hotspot.jre.full.win32.x86_64_15.0.2.v20210201-0955\jre\bin\vcruntime140_1.dll
0x00007ffbf1eb0000 - 0x00007ffbf1f41000 	C:\Users\Smrmr\.p2\pool\plugins\org.eclipse.justj.openjdk.hotspot.jre.full.win32.x86_64_15.0.2.v20210201-0955\jre\bin\msvcp140.dll
0x00007ffbb64d0000 - 0x00007ffbb702e000 	C:\Users\Smrmr\.p2\pool\plugins\org.eclipse.justj.openjdk.hotspot.jre.full.win32.x86_64_15.0.2.v20210201-0955\jre\bin\server\jvm.dll
0x00007ffc31b40000 - 0x00007ffc31bec000 	C:\WINDOWS\System32\ADVAPI32.dll
0x00007ffc328f0000 - 0x00007ffc3298b000 	C:\WINDOWS\System32\sechost.dll
0x00007ffc31df0000 - 0x00007ffc31f1b000 	C:\WINDOWS\System32\RPCRT4.dll
0x00007ffc32110000 - 0x00007ffc32118000 	C:\WINDOWS\System32\PSAPI.DLL
0x00007ffc1fd00000 - 0x00007ffc1fd27000 	C:\WINDOWS\SYSTEM32\WINMM.dll
0x00007ffc18100000 - 0x00007ffc18109000 	C:\WINDOWS\SYSTEM32\WSOCK32.dll
0x00007ffc26ec0000 - 0x00007ffc26eca000 	C:\WINDOWS\SYSTEM32\VERSION.dll
0x00007ffc31aa0000 - 0x00007ffc31b0b000 	C:\WINDOWS\System32\WS2_32.dll
0x00007ffc2ea30000 - 0x00007ffc2ea42000 	C:\WINDOWS\SYSTEM32\kernel.appcore.dll
0x00007ffc26be0000 - 0x00007ffc26bea000 	C:\Users\Smrmr\.p2\pool\plugins\org.eclipse.justj.openjdk.hotspot.jre.full.win32.x86_64_15.0.2.v20210201-0955\jre\bin\jimage.dll
0x00007ffc2de10000 - 0x00007ffc2dff4000 	C:\WINDOWS\SYSTEM32\DBGHELP.DLL
0x00007ffc235f0000 - 0x00007ffc2361c000 	C:\WINDOWS\SYSTEM32\dbgcore.DLL
0x00007ffc30620000 - 0x00007ffc306a3000 	C:\WINDOWS\System32\bcryptPrimitives.dll
0x00007ffc27390000 - 0x00007ffc2739e000 	C:\Users\Smrmr\.p2\pool\plugins\org.eclipse.justj.openjdk.hotspot.jre.full.win32.x86_64_15.0.2.v20210201-0955\jre\bin\instrument.dll
0x00007ffc20d90000 - 0x00007ffc20db5000 	C:\Users\Smrmr\.p2\pool\plugins\org.eclipse.justj.openjdk.hotspot.jre.full.win32.x86_64_15.0.2.v20210201-0955\jre\bin\java.dll
0x00007ffc20c10000 - 0x00007ffc20c28000 	C:\Users\Smrmr\.p2\pool\plugins\org.eclipse.justj.openjdk.hotspot.jre.full.win32.x86_64_15.0.2.v20210201-0955\jre\bin\zip.dll
0x00007ffc311c0000 - 0x00007ffc318ff000 	C:\WINDOWS\System32\SHELL32.dll
0x00007ffc2e240000 - 0x00007ffc2e9d0000 	C:\WINDOWS\SYSTEM32\windows.storage.dll
0x00007ffc30b70000 - 0x00007ffc30ec5000 	C:\WINDOWS\System32\combase.dll
0x00007ffc2fb80000 - 0x00007ffc2fbac000 	C:\WINDOWS\SYSTEM32\Wldp.dll
0x00007ffc32180000 - 0x00007ffc3222e000 	C:\WINDOWS\System32\SHCORE.dll
0x00007ffc32120000 - 0x00007ffc32175000 	C:\WINDOWS\System32\shlwapi.dll
0x00007ffc30050000 - 0x00007ffc3006f000 	C:\WINDOWS\SYSTEM32\profapi.dll
0x00007ffc131e0000 - 0x00007ffc131f9000 	C:\Users\Smrmr\.p2\pool\plugins\org.eclipse.justj.openjdk.hotspot.jre.full.win32.x86_64_15.0.2.v20210201-0955\jre\bin\net.dll
0x00007ffc23d60000 - 0x00007ffc23e6b000 	C:\WINDOWS\SYSTEM32\WINHTTP.dll
0x00007ffc2f8f0000 - 0x00007ffc2f95a000 	C:\WINDOWS\system32\mswsock.dll
0x00007ffc13190000 - 0x00007ffc131a2000 	C:\Users\Smrmr\.p2\pool\plugins\org.eclipse.justj.openjdk.hotspot.jre.full.win32.x86_64_15.0.2.v20210201-0955\jre\bin\nio.dll

dbghelp: loaded successfully - version: 4.0.5 - missing functions: none
symbol engine: initialized successfully - sym options: 0x614 - pdb path: .;C:\Users\Smrmr\.p2\pool\plugins\org.eclipse.justj.openjdk.hotspot.jre.full.win32.x86_64_15.0.2.v20210201-0955\jre\bin;C:\WINDOWS\SYSTEM32;C:\WINDOWS\WinSxS\amd64_microsoft.windows.common-controls_6595b64144ccf1df_6.0.19041.1052_none_60b8f8fd71f5e8cb;C:\Users\Smrmr\.p2\pool\plugins\org.eclipse.justj.openjdk.hotspot.jre.full.win32.x86_64_15.0.2.v20210201-0955\jre\bin\server

VM Arguments:
jvm_args: -ea -Dtestng.dtd.http=true -javaagent:C:\Users\Smrmr\.m2\repository/org/aspectj/aspectjweaver/1.9.6/aspectjweaver-1.9.6.jar -Dfile.encoding=Cp1252 -XX:+ShowCodeDetailsInExceptionMessages 
java_command: org.testng.remote.RemoteTestNG -usedefaultlisteners false -listener com.shaft.tools.listeners.AlterSuiteListener,com.shaft.tools.listeners.SuiteListener,com.shaft.tools.listeners.InvokedMethodListener,com.shaft.tools.listeners.CucumberFeatureListener -serport 62118 -protocol json -d C:\Users\Smrmr\eclipse-workspace\Alahlymomknapis\test-output C:\Users\Smrmr\AppData\Local\Temp\testng-eclipse-674759679\testng-customsuite.xml
java_class_path (initial): C:\Users\Smrmr\eclipse\java-2021-03\eclipse\configuration\org.eclipse.osgi\444\0\.cp\lib\testng-remote.jar;C:\Users\Smrmr\eclipse-workspace\Alahlymomknapis\target\test-classes;C:\Users\Smrmr\eclipse-workspace\Alahlymomknapis\target\classes;C:\Users\Smrmr\.p2\pool\plugins\org.testng_7.4.0.r202105021533.jar;C:\Users\Smrmr\.p2\pool\plugins\com.beust.jcommander_1.78.0.jar;C:\Users\Smrmr\.p2\pool\plugins\org.apache-extras.beanshell.bsh_2.0.0.b6.jar;C:\Users\Smrmr\.p2\pool\plugins\org.yaml.snakeyaml_1.21.0.jar;C:\Users\Smrmr\.m2\repository\io\github\mohabmohie\SHAFT_ENGINE\5.3.20210615\SHAFT_ENGINE-5.3.20210615.jar;C:\Users\Smrmr\.m2\repository\org\testng\testng\7.4.0\testng-7.4.0.jar;C:\Users\Smrmr\.m2\repository\com\beust\jcommander\1.78\jcommander-1.78.jar;C:\Users\Smrmr\.m2\repository\org\webjars\jquery\3.5.1\jquery-3.5.1.jar;C:\Users\Smrmr\.m2\repository\org\seleniumhq\selenium\selenium-java\3.141.59\selenium-java-3.141.59.jar;C:\Users\Smrmr\.m2\repository\org\seleniumhq\selenium\selenium-api\3.141.59\selenium-api-3.141.59.jar;C:\Users\Smrmr\.m2\repository\org\seleniumhq\selenium\selenium-chrome-driver\3.141.59\selenium-chrome-driver-3.141.59.jar;C:\Users\Smrmr\.m2\repository\org\seleniumhq\selenium\selenium-edge-driver\3.141.59\selenium-edge-driver-3.141.59.jar;C:\Users\Smrmr\.m2\repository\org\seleniumhq\selenium\selenium-firefox-driver\3.141.59\selenium-firefox-driver-3.141.59.jar;C:\Users\Smrmr\.m2\repository\org\seleniumhq\selenium\selenium-ie-driver\3.141.59\selenium-ie-driver-3.141.59.jar;C:\Users\Smrmr\.m2\repository\org\seleniumhq\selenium\selenium-opera-driver\3.141.59\selenium-opera-driver-3.141.59.jar;C:\Users\Smrmr\.m2\repository\org\seleniumhq\selenium\selenium-remote-driver\3.141.59\selenium-remote-driver-3.141.59.jar;C:\Users\Smrmr\.m2\repository\org\seleniumhq\selenium\selenium-safari-driver\3.141.59\selenium-safari-driver-3.141.59.jar;C:\Users\Smrmr\.m2\repository\org\seleniumhq\selenium\selenium-support\3.141.59\seleniu
Launcher Type: SUN_STANDARD

[Global flags]
     intx CICompilerCount                          = 4                                         {product} {ergonomic}
     uint ConcGCThreads                            = 2                                         {product} {ergonomic}
     uint G1ConcRefinementThreads                  = 8                                         {product} {ergonomic}
   size_t G1HeapRegionSize                         = 2097152                                   {product} {ergonomic}
    uintx GCDrainStackTargetSize                   = 64                                        {product} {ergonomic}
   size_t InitialHeapSize                          = 266338304                                 {product} {ergonomic}
   size_t MarkStackSize                            = 4194304                                   {product} {ergonomic}
   size_t MaxHeapSize                              = 4244635648                                {product} {ergonomic}
   size_t MaxNewSize                               = 2545942528                                {product} {ergonomic}
   size_t MinHeapDeltaBytes                        = 2097152                                   {product} {ergonomic}
   size_t MinHeapSize                              = 8388608                                   {product} {ergonomic}
    uintx NonNMethodCodeHeapSize                   = 5839372                                {pd product} {ergonomic}
    uintx NonProfiledCodeHeapSize                  = 122909434                              {pd product} {ergonomic}
    uintx ProfiledCodeHeapSize                     = 122909434                              {pd product} {ergonomic}
    uintx ReservedCodeCacheSize                    = 251658240                              {pd product} {ergonomic}
     bool SegmentedCodeCache                       = true                                      {product} {ergonomic}
     bool ShowCodeDetailsInExceptionMessages       = true                                   {manageable} {command line}
   size_t SoftMaxHeapSize                          = 4244635648                             {manageable} {ergonomic}
     bool UseCompressedClassPointers               = true                                 {lp64_product} {ergonomic}
     bool UseCompressedOops                        = true                                 {lp64_product} {ergonomic}
     bool UseG1GC                                  = true                                      {product} {ergonomic}
     bool UseLargePagesIndividualAllocation        = false                                  {pd product} {ergonomic}

Logging:
Log output configuration:
 #0: stdout all=warning uptime,level,tags
 #1: stderr all=off uptime,level,tags

Environment Variables:
JAVA_HOME=C:\Program Files\Java\jdk-16.0.1
PATH=C:/Users/Smrmr/.p2/pool/plugins/org.eclipse.justj.openjdk.hotspot.jre.full.win32.x86_64_15.0.2.v20210201-0955/jre/bin/server;C:/Users/Smrmr/.p2/pool/plugins/org.eclipse.justj.openjdk.hotspot.jre.full.win32.x86_64_15.0.2.v20210201-0955/jre/bin;C:\Program Files\AdoptOpenJDK\jdk-8.0.292.10-hotspot\bin;C:\Users\Smrmr\AppData\Local\Programs\Python\Python39\Scripts\;C:\Users\Smrmr\AppData\Local\Programs\Python\Python39\;C:\Program Files\Common Files\Oracle\Java\javapath;C:\Program Files (x86)\Common Files\Oracle\Java\javapath;C:\WINDOWS\system32;C:\WINDOWS;C:\WINDOWS\System32\Wbem;C:\WINDOWS\System32\WindowsPowerShell\v1.0\;C:\WINDOWS\System32\OpenSSH\;C:\Program Files (x86)\Microsoft SQL Server\150\DTS\Binn\;C:\Program Files\Azure Data Studio\bin;C:\Program Files\Java\jdk-16.0.1\bin;C:\Program Files (x86)\Microsoft SQL Server\130\DTS\Binn\;C:\Program Files\Microsoft SQL Server\130\DTS\Binn\;C:\Program Files\Microsoft SQL Server\Client SDK\ODBC\130\Tools\Binn\;C:\Program Files (x86)\Microsoft SQL Server\130\Tools\Binn\;C:\Program Files\Microsoft SQL Server\130\Tools\Binn\;C:\Program Files\dotnet\;C:\Program Files\Microsoft SQL Server\Client SDK\ODBC\170\Tools\Binn\;C:\Users\Smrmr\Downloads\platform-tools;C:\Program Files\Git\cmd;C:\Program Files\wkhtmltopdf\bin;C:\Program Files\nodejs\;C:\Program Files\nodejs\node_modules\npm\bin;C:\Users\Smrmr\AppData\Local\Android\Sdk\platform-tools;C:\Users\Smrmr\AppData\Local\Programs\Python\Python39\Scripts\;C:\Users\Smrmr\AppData\Local\Programs\Python\Python39\;C:\Users\Smrmr\AppData\Local\Microsoft\WindowsApps;C:\Program Files\Azure Data Studio\bin;C:\Program Files\TestProject Agent;C:\Users\Smrmr\.dotnet\tools;C:\Users\Smrmr\AppData\Roaming\npm;C:\WINDOWS\System32;
USERNAME=Smrmr
OS=Windows_NT
PROCESSOR_IDENTIFIER=Intel64 Family 6 Model 142 Stepping 12, GenuineIntel



---------------  S Y S T E M  ---------------

OS:
 Windows 10 , 64 bit Build 19041 (10.0.19041.1023)
OS uptime: 17 days 0:23 hours

CPU: total 8 (initial active 8) (4 cores per cpu, 2 threads per core) family 6 model 142 stepping 12 microcode 0xde, cmov, cx8, fxsr, mmx, sse, sse2, sse3, ssse3, sse4.1, sse4.2, popcnt, vzeroupper, avx, avx2, aes, clmul, erms, 3dnowpref, lzcnt, ht, tsc, tscinvbit, bmi1, bmi2, adx, fma, clflush, clflushopt

Memory: 4k page, system-wide physical 16190M (4716M free)
TotalPageFile size 34761M (AvailPageFile size 5M)
current process WorkingSet (physical memory assigned to process): 36M, peak: 36M
current process commit charge ("private bytes"): 337M, peak: 337M

vm_info: OpenJDK 64-Bit Server VM (15.0.2+7-27) for windows-amd64 JRE (15.0.2+7-27), built on Dec  7 2020 20:02:38 by "mach5one" with unknown MS VC++:1925

END.
