#
# There is insufficient memory for the Java Runtime Environment to continue.
# Native memory allocation (malloc) failed to allocate 2868960 bytes for Chunk::new
# Possible reasons:
#   The system is out of physical RAM or swap space
#   The process is running with CompressedOops enabled, and the Java Heap may be blocking the growth of the native heap
# Possible solutions:
#   Reduce memory load on the system
#   Increase physical memory or swap space
#   Check if swap backing store is full
#   Decrease Java heap size (-Xmx/-Xms)
#   Decrease number of Java threads
#   Decrease Java thread stack sizes (-Xss)
#   Set larger code cache with -XX:ReservedCodeCacheSize=
#   JVM is running with Zero Based Compressed Oops mode in which the Java heap is
#     placed in the first 32GB address space. The Java Heap base address is the
#     maximum limit for the native heap growth. Please use -XX:HeapBaseMinAddress
#     to set the Java Heap base and to place the Java Heap above 32GB virtual address.
# This output file may be truncated or incomplete.
#
#  Out of Memory Error (./open/src/hotspot/share/memory/arena.cpp:195), pid=26284, tid=19528
#
# JRE version: OpenJDK Runtime Environment (15.0.2+7) (build 15.0.2+7-27)
# Java VM: OpenJDK 64-Bit Server VM (15.0.2+7-27, mixed mode, tiered, compressed oops, g1 gc, windows-amd64)
# No core dump will be written. Minidumps are not enabled by default on client versions of Windows
#

---------------  S U M M A R Y ------------

Command Line: -ea -Dtestng.dtd.http=true -javaagent:C:\Users\Smrmr\.m2\repository/org/aspectj/aspectjweaver/1.9.6/aspectjweaver-1.9.6.jar -Dfile.encoding=Cp1252 -XX:+ShowCodeDetailsInExceptionMessages org.testng.remote.RemoteTestNG -usedefaultlisteners false -listener com.shaft.tools.listeners.AlterSuiteListener,com.shaft.tools.listeners.SuiteListener,com.shaft.tools.listeners.InvokedMethodListener,com.shaft.tools.listeners.CucumberFeatureListener -serport 60707 -protocol json -d C:\Users\Smrmr\eclipse-workspace\Alahlymomknapis\test-output C:\Users\Smrmr\AppData\Local\Temp\testng-eclipse--2112894934\testng-customsuite.xml

Host: Intel(R) Core(TM) i7-10510U CPU @ 1.80GHz, 8 cores, 15G,  Windows 10 , 64 bit Build 19041 (10.0.19041.1023)
Time: Thu Jul  1 17:29:46 2021 Egypt Standard Time elapsed time: 0.728781 seconds (0d 0h 0m 0s)

---------------  T H R E A D  ---------------

Current thread (0x00000213a25e1100):  JavaThread "C2 CompilerThread0" daemon [_thread_in_native, id=19528, stack(0x000000d2a9400000,0x000000d2a9500000)]


Current CompileTask:
C2:    728  667  s!   4       jdk.internal.loader.URLClassPath::getLoader (194 bytes)

Stack: [0x000000d2a9400000,0x000000d2a9500000]
Native frames: (J=compiled Java code, j=interpreted, Vv=VM code, C=native code)
V  [jvm.dll+0x62ae9a]
V  [jvm.dll+0x7817a9]
V  [jvm.dll+0x782f03]
V  [jvm.dll+0x783563]
V  [jvm.dll+0x216325]
V  [jvm.dll+0x97f3a]
V  [jvm.dll+0x9861c]
V  [jvm.dll+0x32e305]
V  [jvm.dll+0x2f768a]
V  [jvm.dll+0x2f6a4a]
V  [jvm.dll+0x1ea705]
V  [jvm.dll+0x1e996e]
V  [jvm.dll+0x178567]
V  [jvm.dll+0x1f9225]
V  [jvm.dll+0x1f72cc]
V  [jvm.dll+0x74495d]
V  [jvm.dll+0x73d75a]
V  [jvm.dll+0x629c56]
C  [ucrtbase.dll+0x21bb2]
C  [KERNEL32.DLL+0x17034]
C  [ntdll.dll+0x52651]


---------------  P R O C E S S  ---------------

Threads class SMR info:
_java_thread_list=0x00000213a3cfe1d0, length=13, elements={
0x0000021382eedff0, 0x00000213a25b9020, 0x00000213a25bb8f0, 0x00000213a25a5ce0,
0x00000213a25a66a0, 0x00000213a25e0410, 0x00000213a25e1100, 0x00000213a25e4800,
0x00000213a25f6ba0, 0x0000021382f9e260, 0x00000213a2a62020, 0x00000213a2fc8050,
0x00000213a3b24890
}

Java Threads: ( => current thread )
  0x0000021382eedff0 JavaThread "main" [_thread_in_Java, id=38760, stack(0x000000d2a8800000,0x000000d2a8900000)]
  0x00000213a25b9020 JavaThread "Reference Handler" daemon [_thread_blocked, id=34972, stack(0x000000d2a8f00000,0x000000d2a9000000)]
  0x00000213a25bb8f0 JavaThread "Finalizer" daemon [_thread_blocked, id=36796, stack(0x000000d2a9000000,0x000000d2a9100000)]
  0x00000213a25a5ce0 JavaThread "Signal Dispatcher" daemon [_thread_blocked, id=10684, stack(0x000000d2a9100000,0x000000d2a9200000)]
  0x00000213a25a66a0 JavaThread "Attach Listener" daemon [_thread_blocked, id=34696, stack(0x000000d2a9200000,0x000000d2a9300000)]
  0x00000213a25e0410 JavaThread "Service Thread" daemon [_thread_blocked, id=27272, stack(0x000000d2a9300000,0x000000d2a9400000)]
=>0x00000213a25e1100 JavaThread "C2 CompilerThread0" daemon [_thread_in_native, id=19528, stack(0x000000d2a9400000,0x000000d2a9500000)]
  0x00000213a25e4800 JavaThread "C1 CompilerThread0" daemon [_thread_blocked, id=24376, stack(0x000000d2a9500000,0x000000d2a9600000)]
  0x00000213a25f6ba0 JavaThread "Sweeper thread" daemon [_thread_blocked, id=38440, stack(0x000000d2a9600000,0x000000d2a9700000)]
  0x0000021382f9e260 JavaThread "Common-Cleaner" daemon [_thread_blocked, id=29364, stack(0x000000d2a9700000,0x000000d2a9800000)]
  0x00000213a2a62020 JavaThread "C2 CompilerThread1" daemon [_thread_in_native, id=37100, stack(0x000000d2a9800000,0x000000d2a9900000)]
  0x00000213a2fc8050 JavaThread "C2 CompilerThread2" daemon [_thread_in_native, id=36708, stack(0x000000d2a9e00000,0x000000d2a9f00000)]
  0x00000213a3b24890 JavaThread "Notification Thread" daemon [_thread_blocked, id=34052, stack(0x000000d2a9f00000,0x000000d2aa000000)]

Other Threads:
  0x00000213a177afa0 VMThread "VM Thread" [stack: 0x000000d2a8e00000,0x000000d2a8f00000] [id=38564]
  0x00000213a3239560 WatcherThread [stack: 0x000000d2aa000000,0x000000d2aa100000] [id=32600]
  0x0000021382f3f380 GCTaskThread "GC Thread#0" [stack: 0x000000d2a8900000,0x000000d2a8a00000] [id=2140]
  0x00000213a2fa3f30 GCTaskThread "GC Thread#1" [stack: 0x000000d2a9900000,0x000000d2a9a00000] [id=30320]
  0x00000213a2fa2c10 GCTaskThread "GC Thread#2" [stack: 0x000000d2a9a00000,0x000000d2a9b00000] [id=29640]
  0x00000213a2fa28e0 GCTaskThread "GC Thread#3" [stack: 0x000000d2a9b00000,0x000000d2a9c00000] [id=29616]
  0x00000213a2fa4260 GCTaskThread "GC Thread#4" [stack: 0x000000d2a9c00000,0x000000d2a9d00000] [id=35116]
  0x00000213a2fa38d0 GCTaskThread "GC Thread#5" [stack: 0x000000d2a9d00000,0x000000d2a9e00000] [id=8628]
  0x0000021382f50260 ConcurrentGCThread "G1 Main Marker" [stack: 0x000000d2a8a00000,0x000000d2a8b00000] [id=27008]
  0x0000021382f52da0 ConcurrentGCThread "G1 Conc#0" [stack: 0x000000d2a8b00000,0x000000d2a8c00000] [id=18044]
  0x00000213a1665c40 ConcurrentGCThread "G1 Refine#0" [stack: 0x000000d2a8c00000,0x000000d2a8d00000] [id=38416]
  0x00000213a1666750 ConcurrentGCThread "G1 Young RemSet Sampling" [stack: 0x000000d2a8d00000,0x000000d2a8e00000] [id=38244]

Threads with active compile tasks:
C2 CompilerThread0      757  667  s!   4       jdk.internal.loader.URLClassPath::getLoader (194 bytes)
C1 CompilerThread0      757  919       2       java.io.DataInputStream::readUTF (501 bytes)
C2 CompilerThread1      757  666   !   4       jdk.internal.loader.URLClassPath$JarLoader::getResource (65 bytes)
C2 CompilerThread2      757  645   !   4       jdk.internal.loader.URLClassPath$JarLoader::ensureOpen (36 bytes)

VM state: not at safepoint (normal execution)

VM Mutex/Monitor currently owned by a thread: None

Heap address: 0x0000000703000000, size: 4048 MB, Compressed Oops mode: Zero based, Oop shift amount: 3
CDS disabled.
Compressed class space mapped at: 0x0000000800000000-0x0000000840000000, size: 1073741824
Narrow klass base: 0x0000000800000000, Narrow klass shift: 0, Narrow klass range: 0x40000000

GC Precious Log:
 CPUs: 8 total, 8 available
 Memory: 16190M
 Large Page Support: Disabled
 NUMA Support: Disabled
 Compressed Oops: Enabled (Zero based)
 Heap Region Size: 2M
 Heap Min Capacity: 8M
 Heap Initial Capacity: 254M
 Heap Max Capacity: 4048M
 Pre-touch: Disabled
 Parallel Workers: 8
 Concurrent Workers: 2
 Concurrent Refinement Workers: 8
 Periodic GC: Disabled

Heap:
 garbage-first heap   total 260096K, used 24876K [0x0000000703000000, 0x0000000800000000)
  region size 2048K, 10 young (20480K), 2 survivors (4096K)
 Metaspace       used 12096K, capacity 12238K, committed 12544K, reserved 1060864K
  class space    used 1087K, capacity 1154K, committed 1280K, reserved 1048576K

Heap Regions: E=young(eden), S=young(survivor), O=old, HS=humongous(starts), HC=humongous(continues), CS=collection set, F=free, OA=open archive, CA=closed archive, TAMS=top-at-mark-start (previous, next)
|   0|0x0000000703000000, 0x0000000703200000, 0x0000000703200000|100%| O|  |TAMS 0x0000000703000000, 0x0000000703000000| Untracked 
|   1|0x0000000703200000, 0x0000000703400000, 0x0000000703400000|100%| O|  |TAMS 0x0000000703200000, 0x0000000703200000| Untracked 
|   2|0x0000000703400000, 0x0000000703600000, 0x0000000703600000|100%| O|  |TAMS 0x0000000703400000, 0x0000000703400000| Untracked 
|   3|0x0000000703600000, 0x0000000703800000, 0x0000000703800000|100%| O|  |TAMS 0x0000000703600000, 0x0000000703600000| Untracked 
|   4|0x0000000703800000, 0x000000070384b200, 0x0000000703a00000| 14%| O|  |TAMS 0x0000000703800000, 0x0000000703800000| Untracked 
|   5|0x0000000703a00000, 0x0000000703a00000, 0x0000000703c00000|  0%| F|  |TAMS 0x0000000703a00000, 0x0000000703a00000| Untracked 
|   6|0x0000000703c00000, 0x0000000703c00000, 0x0000000703e00000|  0%| F|  |TAMS 0x0000000703c00000, 0x0000000703c00000| Untracked 
|   7|0x0000000703e00000, 0x0000000703e00000, 0x0000000704000000|  0%| F|  |TAMS 0x0000000703e00000, 0x0000000703e00000| Untracked 
|   8|0x0000000704000000, 0x0000000704000000, 0x0000000704200000|  0%| F|  |TAMS 0x0000000704000000, 0x0000000704000000| Untracked 
|   9|0x0000000704200000, 0x0000000704200000, 0x0000000704400000|  0%| F|  |TAMS 0x0000000704200000, 0x0000000704200000| Untracked 
|  10|0x0000000704400000, 0x0000000704400000, 0x0000000704600000|  0%| F|  |TAMS 0x0000000704400000, 0x0000000704400000| Untracked 
|  11|0x0000000704600000, 0x0000000704600000, 0x0000000704800000|  0%| F|  |TAMS 0x0000000704600000, 0x0000000704600000| Untracked 
|  12|0x0000000704800000, 0x0000000704800000, 0x0000000704a00000|  0%| F|  |TAMS 0x0000000704800000, 0x0000000704800000| Untracked 
|  13|0x0000000704a00000, 0x0000000704a00000, 0x0000000704c00000|  0%| F|  |TAMS 0x0000000704a00000, 0x0000000704a00000| Untracked 
|  14|0x0000000704c00000, 0x0000000704c00000, 0x0000000704e00000|  0%| F|  |TAMS 0x0000000704c00000, 0x0000000704c00000| Untracked 
|  15|0x0000000704e00000, 0x0000000704e00000, 0x0000000705000000|  0%| F|  |TAMS 0x0000000704e00000, 0x0000000704e00000| Untracked 
|  16|0x0000000705000000, 0x0000000705000000, 0x0000000705200000|  0%| F|  |TAMS 0x0000000705000000, 0x0000000705000000| Untracked 
|  17|0x0000000705200000, 0x0000000705200000, 0x0000000705400000|  0%| F|  |TAMS 0x0000000705200000, 0x0000000705200000| Untracked 
|  18|0x0000000705400000, 0x0000000705400000, 0x0000000705600000|  0%| F|  |TAMS 0x0000000705400000, 0x0000000705400000| Untracked 
|  19|0x0000000705600000, 0x0000000705600000, 0x0000000705800000|  0%| F|  |TAMS 0x0000000705600000, 0x0000000705600000| Untracked 
|  20|0x0000000705800000, 0x0000000705800000, 0x0000000705a00000|  0%| F|  |TAMS 0x0000000705800000, 0x0000000705800000| Untracked 
|  21|0x0000000705a00000, 0x0000000705a00000, 0x0000000705c00000|  0%| F|  |TAMS 0x0000000705a00000, 0x0000000705a00000| Untracked 
|  22|0x0000000705c00000, 0x0000000705c00000, 0x0000000705e00000|  0%| F|  |TAMS 0x0000000705c00000, 0x0000000705c00000| Untracked 
|  23|0x0000000705e00000, 0x0000000705e00000, 0x0000000706000000|  0%| F|  |TAMS 0x0000000705e00000, 0x0000000705e00000| Untracked 
|  24|0x0000000706000000, 0x0000000706000000, 0x0000000706200000|  0%| F|  |TAMS 0x0000000706000000, 0x0000000706000000| Untracked 
|  25|0x0000000706200000, 0x0000000706200000, 0x0000000706400000|  0%| F|  |TAMS 0x0000000706200000, 0x0000000706200000| Untracked 
|  26|0x0000000706400000, 0x0000000706400000, 0x0000000706600000|  0%| F|  |TAMS 0x0000000706400000, 0x0000000706400000| Untracked 
|  27|0x0000000706600000, 0x0000000706600000, 0x0000000706800000|  0%| F|  |TAMS 0x0000000706600000, 0x0000000706600000| Untracked 
|  28|0x0000000706800000, 0x0000000706800000, 0x0000000706a00000|  0%| F|  |TAMS 0x0000000706800000, 0x0000000706800000| Untracked 
|  29|0x0000000706a00000, 0x0000000706a00000, 0x0000000706c00000|  0%| F|  |TAMS 0x0000000706a00000, 0x0000000706a00000| Untracked 
|  30|0x0000000706c00000, 0x0000000706c00000, 0x0000000706e00000|  0%| F|  |TAMS 0x0000000706c00000, 0x0000000706c00000| Untracked 
|  31|0x0000000706e00000, 0x0000000706e00000, 0x0000000707000000|  0%| F|  |TAMS 0x0000000706e00000, 0x0000000706e00000| Untracked 
|  32|0x0000000707000000, 0x0000000707000000, 0x0000000707200000|  0%| F|  |TAMS 0x0000000707000000, 0x0000000707000000| Untracked 
|  33|0x0000000707200000, 0x0000000707200000, 0x0000000707400000|  0%| F|  |TAMS 0x0000000707200000, 0x0000000707200000| Untracked 
|  34|0x0000000707400000, 0x0000000707400000, 0x0000000707600000|  0%| F|  |TAMS 0x0000000707400000, 0x0000000707400000| Untracked 
|  35|0x0000000707600000, 0x0000000707600000, 0x0000000707800000|  0%| F|  |TAMS 0x0000000707600000, 0x0000000707600000| Untracked 
|  36|0x0000000707800000, 0x0000000707800000, 0x0000000707a00000|  0%| F|  |TAMS 0x0000000707800000, 0x0000000707800000| Untracked 
|  37|0x0000000707a00000, 0x0000000707a00000, 0x0000000707c00000|  0%| F|  |TAMS 0x0000000707a00000, 0x0000000707a00000| Untracked 
|  38|0x0000000707c00000, 0x0000000707c00000, 0x0000000707e00000|  0%| F|  |TAMS 0x0000000707c00000, 0x0000000707c00000| Untracked 
|  39|0x0000000707e00000, 0x0000000707e00000, 0x0000000708000000|  0%| F|  |TAMS 0x0000000707e00000, 0x0000000707e00000| Untracked 
|  40|0x0000000708000000, 0x0000000708000000, 0x0000000708200000|  0%| F|  |TAMS 0x0000000708000000, 0x0000000708000000| Untracked 
|  41|0x0000000708200000, 0x0000000708200000, 0x0000000708400000|  0%| F|  |TAMS 0x0000000708200000, 0x0000000708200000| Untracked 
|  42|0x0000000708400000, 0x0000000708400000, 0x0000000708600000|  0%| F|  |TAMS 0x0000000708400000, 0x0000000708400000| Untracked 
|  43|0x0000000708600000, 0x0000000708600000, 0x0000000708800000|  0%| F|  |TAMS 0x0000000708600000, 0x0000000708600000| Untracked 
|  44|0x0000000708800000, 0x0000000708800000, 0x0000000708a00000|  0%| F|  |TAMS 0x0000000708800000, 0x0000000708800000| Untracked 
|  45|0x0000000708a00000, 0x0000000708a00000, 0x0000000708c00000|  0%| F|  |TAMS 0x0000000708a00000, 0x0000000708a00000| Untracked 
|  46|0x0000000708c00000, 0x0000000708c00000, 0x0000000708e00000|  0%| F|  |TAMS 0x0000000708c00000, 0x0000000708c00000| Untracked 
|  47|0x0000000708e00000, 0x0000000708e00000, 0x0000000709000000|  0%| F|  |TAMS 0x0000000708e00000, 0x0000000708e00000| Untracked 
|  48|0x0000000709000000, 0x0000000709000000, 0x0000000709200000|  0%| F|  |TAMS 0x0000000709000000, 0x0000000709000000| Untracked 
|  49|0x0000000709200000, 0x0000000709200000, 0x0000000709400000|  0%| F|  |TAMS 0x0000000709200000, 0x0000000709200000| Untracked 
|  50|0x0000000709400000, 0x0000000709400000, 0x0000000709600000|  0%| F|  |TAMS 0x0000000709400000, 0x0000000709400000| Untracked 
|  51|0x0000000709600000, 0x0000000709600000, 0x0000000709800000|  0%| F|  |TAMS 0x0000000709600000, 0x0000000709600000| Untracked 
|  52|0x0000000709800000, 0x0000000709800000, 0x0000000709a00000|  0%| F|  |TAMS 0x0000000709800000, 0x0000000709800000| Untracked 
|  53|0x0000000709a00000, 0x0000000709a00000, 0x0000000709c00000|  0%| F|  |TAMS 0x0000000709a00000, 0x0000000709a00000| Untracked 
|  54|0x0000000709c00000, 0x0000000709c00000, 0x0000000709e00000|  0%| F|  |TAMS 0x0000000709c00000, 0x0000000709c00000| Untracked 
|  55|0x0000000709e00000, 0x0000000709e00000, 0x000000070a000000|  0%| F|  |TAMS 0x0000000709e00000, 0x0000000709e00000| Untracked 
|  56|0x000000070a000000, 0x000000070a000000, 0x000000070a200000|  0%| F|  |TAMS 0x000000070a000000, 0x000000070a000000| Untracked 
|  57|0x000000070a200000, 0x000000070a200000, 0x000000070a400000|  0%| F|  |TAMS 0x000000070a200000, 0x000000070a200000| Untracked 
|  58|0x000000070a400000, 0x000000070a400000, 0x000000070a600000|  0%| F|  |TAMS 0x000000070a400000, 0x000000070a400000| Untracked 
|  59|0x000000070a600000, 0x000000070a600000, 0x000000070a800000|  0%| F|  |TAMS 0x000000070a600000, 0x000000070a600000| Untracked 
|  60|0x000000070a800000, 0x000000070a800000, 0x000000070aa00000|  0%| F|  |TAMS 0x000000070a800000, 0x000000070a800000| Untracked 
|  61|0x000000070aa00000, 0x000000070aa00000, 0x000000070ac00000|  0%| F|  |TAMS 0x000000070aa00000, 0x000000070aa00000| Untracked 
|  62|0x000000070ac00000, 0x000000070ac00000, 0x000000070ae00000|  0%| F|  |TAMS 0x000000070ac00000, 0x000000070ac00000| Untracked 
|  63|0x000000070ae00000, 0x000000070ae00000, 0x000000070b000000|  0%| F|  |TAMS 0x000000070ae00000, 0x000000070ae00000| Untracked 
|  64|0x000000070b000000, 0x000000070b000000, 0x000000070b200000|  0%| F|  |TAMS 0x000000070b000000, 0x000000070b000000| Untracked 
|  65|0x000000070b200000, 0x000000070b200000, 0x000000070b400000|  0%| F|  |TAMS 0x000000070b200000, 0x000000070b200000| Untracked 
|  66|0x000000070b400000, 0x000000070b400000, 0x000000070b600000|  0%| F|  |TAMS 0x000000070b400000, 0x000000070b400000| Untracked 
|  67|0x000000070b600000, 0x000000070b600000, 0x000000070b800000|  0%| F|  |TAMS 0x000000070b600000, 0x000000070b600000| Untracked 
|  68|0x000000070b800000, 0x000000070b800000, 0x000000070ba00000|  0%| F|  |TAMS 0x000000070b800000, 0x000000070b800000| Untracked 
|  69|0x000000070ba00000, 0x000000070ba00000, 0x000000070bc00000|  0%| F|  |TAMS 0x000000070ba00000, 0x000000070ba00000| Untracked 
|  70|0x000000070bc00000, 0x000000070bc00000, 0x000000070be00000|  0%| F|  |TAMS 0x000000070bc00000, 0x000000070bc00000| Untracked 
|  71|0x000000070be00000, 0x000000070be00000, 0x000000070c000000|  0%| F|  |TAMS 0x000000070be00000, 0x000000070be00000| Untracked 
|  72|0x000000070c000000, 0x000000070c000000, 0x000000070c200000|  0%| F|  |TAMS 0x000000070c000000, 0x000000070c000000| Untracked 
|  73|0x000000070c200000, 0x000000070c200000, 0x000000070c400000|  0%| F|  |TAMS 0x000000070c200000, 0x000000070c200000| Untracked 
|  74|0x000000070c400000, 0x000000070c400000, 0x000000070c600000|  0%| F|  |TAMS 0x000000070c400000, 0x000000070c400000| Untracked 
|  75|0x000000070c600000, 0x000000070c600000, 0x000000070c800000|  0%| F|  |TAMS 0x000000070c600000, 0x000000070c600000| Untracked 
|  76|0x000000070c800000, 0x000000070c800000, 0x000000070ca00000|  0%| F|  |TAMS 0x000000070c800000, 0x000000070c800000| Untracked 
|  77|0x000000070ca00000, 0x000000070ca00000, 0x000000070cc00000|  0%| F|  |TAMS 0x000000070ca00000, 0x000000070ca00000| Untracked 
|  78|0x000000070cc00000, 0x000000070cc00000, 0x000000070ce00000|  0%| F|  |TAMS 0x000000070cc00000, 0x000000070cc00000| Untracked 
|  79|0x000000070ce00000, 0x000000070ce00000, 0x000000070d000000|  0%| F|  |TAMS 0x000000070ce00000, 0x000000070ce00000| Untracked 
|  80|0x000000070d000000, 0x000000070d000000, 0x000000070d200000|  0%| F|  |TAMS 0x000000070d000000, 0x000000070d000000| Untracked 
|  81|0x000000070d200000, 0x000000070d200000, 0x000000070d400000|  0%| F|  |TAMS 0x000000070d200000, 0x000000070d200000| Untracked 
|  82|0x000000070d400000, 0x000000070d400000, 0x000000070d600000|  0%| F|  |TAMS 0x000000070d400000, 0x000000070d400000| Untracked 
|  83|0x000000070d600000, 0x000000070d600000, 0x000000070d800000|  0%| F|  |TAMS 0x000000070d600000, 0x000000070d600000| Untracked 
|  84|0x000000070d800000, 0x000000070d800000, 0x000000070da00000|  0%| F|  |TAMS 0x000000070d800000, 0x000000070d800000| Untracked 
|  85|0x000000070da00000, 0x000000070da00000, 0x000000070dc00000|  0%| F|  |TAMS 0x000000070da00000, 0x000000070da00000| Untracked 
|  86|0x000000070dc00000, 0x000000070dc00000, 0x000000070de00000|  0%| F|  |TAMS 0x000000070dc00000, 0x000000070dc00000| Untracked 
|  87|0x000000070de00000, 0x000000070de00000, 0x000000070e000000|  0%| F|  |TAMS 0x000000070de00000, 0x000000070de00000| Untracked 
|  88|0x000000070e000000, 0x000000070e000000, 0x000000070e200000|  0%| F|  |TAMS 0x000000070e000000, 0x000000070e000000| Untracked 
|  89|0x000000070e200000, 0x000000070e200000, 0x000000070e400000|  0%| F|  |TAMS 0x000000070e200000, 0x000000070e200000| Untracked 
|  90|0x000000070e400000, 0x000000070e400000, 0x000000070e600000|  0%| F|  |TAMS 0x000000070e400000, 0x000000070e400000| Untracked 
|  91|0x000000070e600000, 0x000000070e600000, 0x000000070e800000|  0%| F|  |TAMS 0x000000070e600000, 0x000000070e600000| Untracked 
|  92|0x000000070e800000, 0x000000070e800000, 0x000000070ea00000|  0%| F|  |TAMS 0x000000070e800000, 0x000000070e800000| Untracked 
|  93|0x000000070ea00000, 0x000000070ea00000, 0x000000070ec00000|  0%| F|  |TAMS 0x000000070ea00000, 0x000000070ea00000| Untracked 
|  94|0x000000070ec00000, 0x000000070ec00000, 0x000000070ee00000|  0%| F|  |TAMS 0x000000070ec00000, 0x000000070ec00000| Untracked 
|  95|0x000000070ee00000, 0x000000070ee00000, 0x000000070f000000|  0%| F|  |TAMS 0x000000070ee00000, 0x000000070ee00000| Untracked 
|  96|0x000000070f000000, 0x000000070f000000, 0x000000070f200000|  0%| F|  |TAMS 0x000000070f000000, 0x000000070f000000| Untracked 
|  97|0x000000070f200000, 0x000000070f200000, 0x000000070f400000|  0%| F|  |TAMS 0x000000070f200000, 0x000000070f200000| Untracked 
|  98|0x000000070f400000, 0x000000070f400000, 0x000000070f600000|  0%| F|  |TAMS 0x000000070f400000, 0x000000070f400000| Untracked 
|  99|0x000000070f600000, 0x000000070f600000, 0x000000070f800000|  0%| F|  |TAMS 0x000000070f600000, 0x000000070f600000| Untracked 
| 100|0x000000070f800000, 0x000000070f800000, 0x000000070fa00000|  0%| F|  |TAMS 0x000000070f800000, 0x000000070f800000| Untracked 
| 101|0x000000070fa00000, 0x000000070fa00000, 0x000000070fc00000|  0%| F|  |TAMS 0x000000070fa00000, 0x000000070fa00000| Untracked 
| 102|0x000000070fc00000, 0x000000070fc00000, 0x000000070fe00000|  0%| F|  |TAMS 0x000000070fc00000, 0x000000070fc00000| Untracked 
| 103|0x000000070fe00000, 0x000000070fe00000, 0x0000000710000000|  0%| F|  |TAMS 0x000000070fe00000, 0x000000070fe00000| Untracked 
| 104|0x0000000710000000, 0x0000000710000000, 0x0000000710200000|  0%| F|  |TAMS 0x0000000710000000, 0x0000000710000000| Untracked 
| 105|0x0000000710200000, 0x0000000710200000, 0x0000000710400000|  0%| F|  |TAMS 0x0000000710200000, 0x0000000710200000| Untracked 
| 106|0x0000000710400000, 0x0000000710400000, 0x0000000710600000|  0%| F|  |TAMS 0x0000000710400000, 0x0000000710400000| Untracked 
| 107|0x0000000710600000, 0x0000000710600000, 0x0000000710800000|  0%| F|  |TAMS 0x0000000710600000, 0x0000000710600000| Untracked 
| 108|0x0000000710800000, 0x0000000710800000, 0x0000000710a00000|  0%| F|  |TAMS 0x0000000710800000, 0x0000000710800000| Untracked 
| 109|0x0000000710a00000, 0x0000000710a00000, 0x0000000710c00000|  0%| F|  |TAMS 0x0000000710a00000, 0x0000000710a00000| Untracked 
| 110|0x0000000710c00000, 0x0000000710c00000, 0x0000000710e00000|  0%| F|  |TAMS 0x0000000710c00000, 0x0000000710c00000| Untracked 
| 111|0x0000000710e00000, 0x0000000710e00000, 0x0000000711000000|  0%| F|  |TAMS 0x0000000710e00000, 0x0000000710e00000| Untracked 
| 112|0x0000000711000000, 0x0000000711000000, 0x0000000711200000|  0%| F|  |TAMS 0x0000000711000000, 0x0000000711000000| Untracked 
| 113|0x0000000711200000, 0x0000000711200000, 0x0000000711400000|  0%| F|  |TAMS 0x0000000711200000, 0x0000000711200000| Untracked 
| 114|0x0000000711400000, 0x0000000711600000, 0x0000000711600000|100%| S|CS|TAMS 0x0000000711400000, 0x0000000711400000| Complete 
| 115|0x0000000711600000, 0x0000000711800000, 0x0000000711800000|100%| S|CS|TAMS 0x0000000711600000, 0x0000000711600000| Complete 
| 116|0x0000000711800000, 0x0000000711800000, 0x0000000711a00000|  0%| F|  |TAMS 0x0000000711800000, 0x0000000711800000| Untracked 
| 117|0x0000000711a00000, 0x0000000711a00000, 0x0000000711c00000|  0%| F|  |TAMS 0x0000000711a00000, 0x0000000711a00000| Untracked 
| 118|0x0000000711c00000, 0x0000000711c00000, 0x0000000711e00000|  0%| F|  |TAMS 0x0000000711c00000, 0x0000000711c00000| Untracked 
| 119|0x0000000711e00000, 0x0000000711f13380, 0x0000000712000000| 53%| E|  |TAMS 0x0000000711e00000, 0x0000000711e00000| Complete 
| 120|0x0000000712000000, 0x0000000712200000, 0x0000000712200000|100%| E|CS|TAMS 0x0000000712000000, 0x0000000712000000| Complete 
| 121|0x0000000712200000, 0x0000000712400000, 0x0000000712400000|100%| E|CS|TAMS 0x0000000712200000, 0x0000000712200000| Complete 
| 122|0x0000000712400000, 0x0000000712600000, 0x0000000712600000|100%| E|CS|TAMS 0x0000000712400000, 0x0000000712400000| Complete 
| 123|0x0000000712600000, 0x0000000712800000, 0x0000000712800000|100%| E|CS|TAMS 0x0000000712600000, 0x0000000712600000| Complete 
| 124|0x0000000712800000, 0x0000000712a00000, 0x0000000712a00000|100%| E|CS|TAMS 0x0000000712800000, 0x0000000712800000| Complete 
| 125|0x0000000712a00000, 0x0000000712c00000, 0x0000000712c00000|100%| E|CS|TAMS 0x0000000712a00000, 0x0000000712a00000| Complete 
| 126|0x0000000712c00000, 0x0000000712e00000, 0x0000000712e00000|100%| E|  |TAMS 0x0000000712c00000, 0x0000000712c00000| Complete 

Card table byte_map: [0x0000021396400000,0x0000021396bf0000] _byte_map_base: 0x0000021392be8000

Marking Bits (Prev, Next): (CMBitMap*) 0x0000021382f3fb00, (CMBitMap*) 0x0000021382f3fb40
 Prev Bits: [0x00000213973e0000, 0x000002139b320000)
 Next Bits: [0x000002139b320000, 0x000002139f260000)

Polling page: 0x0000021380e90000

Metaspace:

Usage:
  Non-class:     10.82 MB capacity,    10.77 MB (>99%) used,    47.76 KB ( <1%) free+waste,     9.69 KB ( <1%) overhead. 
      Class:      1.13 MB capacity,     1.06 MB ( 94%) used,    62.55 KB (  5%) free+waste,     3.06 KB ( <1%) overhead. 
       Both:     11.95 MB capacity,    11.83 MB ( 99%) used,   110.30 KB ( <1%) free+waste,    12.75 KB ( <1%) overhead. 

Virtual space:
  Non-class space:       12.00 MB reserved,      11.00 MB ( 92%) committed 
      Class space:        1.00 GB reserved,       1.25 MB ( <1%) committed 
             Both:        1.01 GB reserved,      12.25 MB (  1%) committed 

Chunk freelists:
   Non-Class:  52.00 KB
       Class:  30.00 KB
        Both:  82.00 KB

MaxMetaspaceSize: 17179869184.00 GB
CompressedClassSpaceSize: 1.00 GB

CodeHeap 'non-profiled nmethods': size=120000Kb used=342Kb max_used=342Kb free=119658Kb
 bounds [0x000002138e3b0000, 0x000002138e620000, 0x00000213958e0000]
CodeHeap 'profiled nmethods': size=120000Kb used=1763Kb max_used=1763Kb free=118236Kb
 bounds [0x0000021386e80000, 0x00000213870f0000, 0x000002138e3b0000]
CodeHeap 'non-nmethods': size=5760Kb used=1138Kb max_used=1165Kb free=4621Kb
 bounds [0x00000213868e0000, 0x0000021386b50000, 0x0000021386e80000]
 total_blobs=1286 nmethods=900 adapters=299
 compilation: enabled
              stopped_count=0, restarted_count=0
 full_count=0

Compilation events (20 events):
Event: 0.687 Thread 0x00000213a25e4800  873       3       java.lang.ClassLoader::definePackage (85 bytes)
Event: 0.688 Thread 0x00000213a25e4800 nmethod 873 0x000002138701dc90 code [0x000002138701df60, 0x000002138701ee98]
Event: 0.688 Thread 0x00000213a25e4800  874       3       java.lang.Package::isSealed (26 bytes)
Event: 0.688 Thread 0x00000213a25e4800 nmethod 874 0x000002138701f310 code [0x000002138701f4c0, 0x000002138701f7d8]
Event: 0.688 Thread 0x00000213a25e4800  875       3       java.lang.ClassLoader::compareCerts (197 bytes)
Event: 0.689 Thread 0x00000213a25e4800 nmethod 875 0x000002138701f910 code [0x000002138701fb20, 0x0000021387020378]
Event: 0.691 Thread 0x00000213a25e4800  876       1       org.aspectj.apache.bcel.classfile.ConstantUtf8::getValue (5 bytes)
Event: 0.691 Thread 0x00000213a25e4800 nmethod 876 0x000002138e404790 code [0x000002138e404920, 0x000002138e4049d8]
Event: 0.693 Thread 0x00000213a25e4800  877       3       java.lang.invoke.LambdaForm::uncustomize (57 bytes)
Event: 0.693 Thread 0x00000213a25e4800 nmethod 877 0x0000021387020690 code [0x0000021387020840, 0x0000021387020b48]
Event: 0.694 Thread 0x00000213a25e4800  878       3       java.io.DataInputStream::readByte (23 bytes)
Event: 0.694 Thread 0x00000213a25e4800 nmethod 878 0x0000021387020c90 code [0x0000021387020e40, 0x0000021387021118]
Event: 0.694 Thread 0x00000213a25e4800  879       3       org.aspectj.apache.bcel.classfile.Constant::readConstant (280 bytes)
Event: 0.696 Thread 0x00000213a25e4800 nmethod 879 0x0000021387021210 code [0x00000213870217e0, 0x0000021387024758]
Event: 0.696 Thread 0x00000213a25e4800  880  s    3       java.io.BufferedInputStream::read (113 bytes)
Event: 0.697 Thread 0x00000213a25e4800 nmethod 880 0x0000021387025910 code [0x0000021387025b20, 0x0000021387026398]
Event: 0.697 Thread 0x00000213a25e4800  881       3       java.io.BufferedInputStream::read1 (108 bytes)
Event: 0.697 Thread 0x00000213a25e4800 nmethod 881 0x0000021387026610 code [0x0000021387026840, 0x0000021387027118]
Event: 0.724 Thread 0x00000213a25e4800  883       3       jdk.internal.loader.BuiltinClassLoader::defineClass (121 bytes)
Event: 0.724 Thread 0x00000213a25e4800 nmethod 883 0x0000021387027410 code [0x0000021387027700, 0x00000213870289e8]

GC Heap History (2 events):
Event: 0.432 GC heap before
{Heap before GC invocations=0 (full 0):
 garbage-first heap   total 260096K, used 20480K [0x0000000703000000, 0x0000000800000000)
  region size 2048K, 11 young (22528K), 0 survivors (0K)
 Metaspace       used 7524K, capacity 7651K, committed 7936K, reserved 1056768K
  class space    used 630K, capacity 693K, committed 768K, reserved 1048576K
}
Event: 0.436 GC heap after
{Heap after GC invocations=1 (full 0):
 garbage-first heap   total 260096K, used 12588K [0x0000000703000000, 0x0000000800000000)
  region size 2048K, 2 young (4096K), 2 survivors (4096K)
 Metaspace       used 7524K, capacity 7651K, committed 7936K, reserved 1056768K
  class space    used 630K, capacity 693K, committed 768K, reserved 1048576K
}

Deoptimization events (20 events):
Event: 0.556 Thread 0x0000021382eedff0 DEOPT PACKING pc=0x000002138e3cede0 sp=0x000000d2a88fc320
Event: 0.556 Thread 0x0000021382eedff0 DEOPT UNPACKING pc=0x000002138692e42f sp=0x000000d2a88fc280 mode 2
Event: 0.573 Thread 0x0000021382eedff0 DEOPT PACKING pc=0x0000021386e9187b sp=0x000000d2a88f84f0
Event: 0.573 Thread 0x0000021382eedff0 DEOPT UNPACKING pc=0x000002138692e23f sp=0x000000d2a88f7960 mode 0
Event: 0.600 Thread 0x0000021382eedff0 DEOPT PACKING pc=0x0000021386e9187b sp=0x000000d2a88f4f10
Event: 0.600 Thread 0x0000021382eedff0 DEOPT UNPACKING pc=0x000002138692e23f sp=0x000000d2a88f4380 mode 0
Event: 0.620 Thread 0x0000021382eedff0 DEOPT PACKING pc=0x0000021386e9187b sp=0x000000d2a88fc540
Event: 0.620 Thread 0x0000021382eedff0 DEOPT UNPACKING pc=0x000002138692e23f sp=0x000000d2a88fb9b0 mode 0
Event: 0.633 Thread 0x0000021382eedff0 DEOPT PACKING pc=0x0000021386e9187b sp=0x000000d2a88fc0a0
Event: 0.633 Thread 0x0000021382eedff0 DEOPT UNPACKING pc=0x000002138692e23f sp=0x000000d2a88fb510 mode 0
Event: 0.643 Thread 0x0000021382eedff0 DEOPT PACKING pc=0x0000021386e9187b sp=0x000000d2a88f7910
Event: 0.643 Thread 0x0000021382eedff0 DEOPT UNPACKING pc=0x000002138692e23f sp=0x000000d2a88f6d80 mode 0
Event: 0.665 Thread 0x0000021382eedff0 DEOPT PACKING pc=0x0000021386e9187b sp=0x000000d2a88fb120
Event: 0.665 Thread 0x0000021382eedff0 DEOPT UNPACKING pc=0x000002138692e23f sp=0x000000d2a88fa590 mode 0
Event: 0.681 Thread 0x0000021382eedff0 DEOPT PACKING pc=0x0000021386e9187b sp=0x000000d2a88f7b40
Event: 0.681 Thread 0x0000021382eedff0 DEOPT UNPACKING pc=0x000002138692e23f sp=0x000000d2a88f6fb0 mode 0
Event: 0.698 Thread 0x0000021382eedff0 DEOPT PACKING pc=0x0000021386e9187b sp=0x000000d2a88f6b60
Event: 0.698 Thread 0x0000021382eedff0 DEOPT UNPACKING pc=0x000002138692e23f sp=0x000000d2a88f5fd0 mode 0
Event: 0.713 Thread 0x0000021382eedff0 DEOPT PACKING pc=0x0000021386e9187b sp=0x000000d2a88f7ca0
Event: 0.713 Thread 0x0000021382eedff0 DEOPT UNPACKING pc=0x000002138692e23f sp=0x000000d2a88f7110 mode 0

Classes unloaded (0 events):
No events

Classes redefined (0 events):
No events

Internal exceptions (5 events):
Event: 0.417 Thread 0x0000021382eedff0 Exception <a 'java/lang/NoSuchMethodError'{0x0000000711884cd0}: 'void java.lang.invoke.DirectMethodHandle$Holder.invokeSpecial(java.lang.Object, java.lang.Object, java.lang.Object)'> (0x0000000711884cd0) 
thrown [./open/src/hotspot/share/interpreter/linkResolver.cpp, line 782]
Event: 0.516 Thread 0x0000021382eedff0 Exception <a 'java/lang/NoSuchMethodError'{0x00000007128c7eb8}: 'java.lang.Object java.lang.invoke.DirectMethodHandle$Holder.invokeStatic(java.lang.Object)'> (0x00000007128c7eb8) 
thrown [./open/src/hotspot/share/interpreter/linkResolver.cpp, line 782]
Event: 0.725 Thread 0x0000021382eedff0 Exception <a 'java/lang/ArrayIndexOutOfBoundsException'{0x0000000712139500}: Index 11 out of bounds for length 11> (0x0000000712139500) 
thrown [./open/src/hotspot/share/interpreter/interpreterRuntime.cpp, line 443]
Event: 0.725 Thread 0x0000021382eedff0 Exception <a 'java/lang/ArrayIndexOutOfBoundsException'{0x0000000712139b48}: Index 11 out of bounds for length 11> (0x0000000712139b48) 
thrown [./open/src/hotspot/share/interpreter/interpreterRuntime.cpp, line 443]
Event: 0.725 Thread 0x0000021382eedff0 Exception <a 'java/lang/ArrayIndexOutOfBoundsException'{0x000000071213a110}: Index 11 out of bounds for length 11> (0x000000071213a110) 
thrown [./open/src/hotspot/share/interpreter/interpreterRuntime.cpp, line 443]

Events (20 events):
Event: 0.652 loading class java/lang/AbstractMethodError
Event: 0.652 loading class java/lang/AbstractMethodError done
Event: 0.652 loading class java/lang/IllegalAccessError
Event: 0.652 loading class java/lang/IllegalAccessError done
Event: 0.652 loading class java/lang/InstantiationError
Event: 0.652 loading class java/lang/InstantiationError done
Event: 0.652 loading class java/lang/NoSuchFieldError
Event: 0.652 loading class java/lang/NoSuchFieldError done
Event: 0.652 loading class java/lang/UnsatisfiedLinkError
Event: 0.652 loading class java/lang/UnsatisfiedLinkError done
Event: 0.652 loading class java/lang/VerifyError
Event: 0.652 loading class java/lang/VerifyError done
Event: 0.652 loading class java/lang/NegativeArraySizeException
Event: 0.652 loading class java/lang/NegativeArraySizeException done
Event: 0.693 loading class sun/net/www/protocol/jrt/JavaRuntimeURLConnection
Event: 0.693 loading class sun/net/www/protocol/jrt/JavaRuntimeURLConnection done
Event: 0.693 loading class sun/net/www/protocol/jrt/JavaRuntimeURLConnection$1
Event: 0.694 loading class sun/net/www/protocol/jrt/JavaRuntimeURLConnection$1 done
Event: 0.694 loading class java/io/DataOutputStream
Event: 0.695 loading class java/io/DataOutputStream done


Dynamic libraries:
0x00007ff7293a0000 - 0x00007ff7293ad000 	C:\Users\Smrmr\.p2\pool\plugins\org.eclipse.justj.openjdk.hotspot.jre.full.win32.x86_64_15.0.2.v20210201-0955\jre\bin\javaw.exe
0x00007ffc329d0000 - 0x00007ffc32bc5000 	C:\WINDOWS\SYSTEM32\ntdll.dll
0x00007ffc31f20000 - 0x00007ffc31fdd000 	C:\WINDOWS\System32\KERNEL32.DLL
0x00007ffc30350000 - 0x00007ffc30618000 	C:\WINDOWS\System32\KERNELBASE.dll
0x00007ffc30110000 - 0x00007ffc30210000 	C:\WINDOWS\System32\ucrtbase.dll
0x00007ffc270d0000 - 0x00007ffc270e8000 	C:\Users\Smrmr\.p2\pool\plugins\org.eclipse.justj.openjdk.hotspot.jre.full.win32.x86_64_15.0.2.v20210201-0955\jre\bin\jli.dll
0x00007ffc232d0000 - 0x00007ffc232e9000 	C:\Users\Smrmr\.p2\pool\plugins\org.eclipse.justj.openjdk.hotspot.jre.full.win32.x86_64_15.0.2.v20210201-0955\jre\bin\VCRUNTIME140.dll
0x00007ffc326a0000 - 0x00007ffc32840000 	C:\WINDOWS\System32\USER32.dll
0x00007ffc30860000 - 0x00007ffc30882000 	C:\WINDOWS\System32\win32u.dll
0x00007ffc143c0000 - 0x00007ffc1465a000 	C:\WINDOWS\WinSxS\amd64_microsoft.windows.common-controls_6595b64144ccf1df_6.0.19041.1052_none_60b8f8fd71f5e8cb\COMCTL32.dll
0x00007ffc31a70000 - 0x00007ffc31a9a000 	C:\WINDOWS\System32\GDI32.dll
0x00007ffc31900000 - 0x00007ffc3199e000 	C:\WINDOWS\System32\msvcrt.dll
0x00007ffc30240000 - 0x00007ffc3034b000 	C:\WINDOWS\System32\gdi32full.dll
0x00007ffc308f0000 - 0x00007ffc3098d000 	C:\WINDOWS\System32\msvcp_win.dll
0x00007ffc31b10000 - 0x00007ffc31b40000 	C:\WINDOWS\System32\IMM32.DLL
0x00007ffc24b20000 - 0x00007ffc24b2c000 	C:\Users\Smrmr\.p2\pool\plugins\org.eclipse.justj.openjdk.hotspot.jre.full.win32.x86_64_15.0.2.v20210201-0955\jre\bin\vcruntime140_1.dll
0x00007ffbf1eb0000 - 0x00007ffbf1f41000 	C:\Users\Smrmr\.p2\pool\plugins\org.eclipse.justj.openjdk.hotspot.jre.full.win32.x86_64_15.0.2.v20210201-0955\jre\bin\msvcp140.dll
0x00007ffbb64d0000 - 0x00007ffbb702e000 	C:\Users\Smrmr\.p2\pool\plugins\org.eclipse.justj.openjdk.hotspot.jre.full.win32.x86_64_15.0.2.v20210201-0955\jre\bin\server\jvm.dll
0x00007ffc31b40000 - 0x00007ffc31bec000 	C:\WINDOWS\System32\ADVAPI32.dll
0x00007ffc328f0000 - 0x00007ffc3298b000 	C:\WINDOWS\System32\sechost.dll
0x00007ffc31df0000 - 0x00007ffc31f1b000 	C:\WINDOWS\System32\RPCRT4.dll
0x00007ffc32110000 - 0x00007ffc32118000 	C:\WINDOWS\System32\PSAPI.DLL
0x00007ffc18100000 - 0x00007ffc18109000 	C:\WINDOWS\SYSTEM32\WSOCK32.dll
0x00007ffc26ec0000 - 0x00007ffc26eca000 	C:\WINDOWS\SYSTEM32\VERSION.dll
0x00007ffc31aa0000 - 0x00007ffc31b0b000 	C:\WINDOWS\System32\WS2_32.dll
0x00007ffc1fd00000 - 0x00007ffc1fd27000 	C:\WINDOWS\SYSTEM32\WINMM.dll
0x00007ffc2ea30000 - 0x00007ffc2ea42000 	C:\WINDOWS\SYSTEM32\kernel.appcore.dll
0x00007ffc26be0000 - 0x00007ffc26bea000 	C:\Users\Smrmr\.p2\pool\plugins\org.eclipse.justj.openjdk.hotspot.jre.full.win32.x86_64_15.0.2.v20210201-0955\jre\bin\jimage.dll
0x00007ffc2de10000 - 0x00007ffc2dff4000 	C:\WINDOWS\SYSTEM32\DBGHELP.DLL
0x00007ffc235f0000 - 0x00007ffc2361c000 	C:\WINDOWS\SYSTEM32\dbgcore.DLL
0x00007ffc30620000 - 0x00007ffc306a3000 	C:\WINDOWS\System32\bcryptPrimitives.dll
0x00007ffc254f0000 - 0x00007ffc254fe000 	C:\Users\Smrmr\.p2\pool\plugins\org.eclipse.justj.openjdk.hotspot.jre.full.win32.x86_64_15.0.2.v20210201-0955\jre\bin\instrument.dll
0x00007ffc20d90000 - 0x00007ffc20db5000 	C:\Users\Smrmr\.p2\pool\plugins\org.eclipse.justj.openjdk.hotspot.jre.full.win32.x86_64_15.0.2.v20210201-0955\jre\bin\java.dll
0x00007ffc20c10000 - 0x00007ffc20c28000 	C:\Users\Smrmr\.p2\pool\plugins\org.eclipse.justj.openjdk.hotspot.jre.full.win32.x86_64_15.0.2.v20210201-0955\jre\bin\zip.dll
0x00007ffc311c0000 - 0x00007ffc318ff000 	C:\WINDOWS\System32\SHELL32.dll
0x00007ffc2e240000 - 0x00007ffc2e9d0000 	C:\WINDOWS\SYSTEM32\windows.storage.dll
0x00007ffc30b70000 - 0x00007ffc30ec5000 	C:\WINDOWS\System32\combase.dll
0x00007ffc2fb80000 - 0x00007ffc2fbac000 	C:\WINDOWS\SYSTEM32\Wldp.dll
0x00007ffc32180000 - 0x00007ffc3222e000 	C:\WINDOWS\System32\SHCORE.dll
0x00007ffc32120000 - 0x00007ffc32175000 	C:\WINDOWS\System32\shlwapi.dll
0x00007ffc30050000 - 0x00007ffc3006f000 	C:\WINDOWS\SYSTEM32\profapi.dll
0x00007ffc131e0000 - 0x00007ffc131f9000 	C:\Users\Smrmr\.p2\pool\plugins\org.eclipse.justj.openjdk.hotspot.jre.full.win32.x86_64_15.0.2.v20210201-0955\jre\bin\net.dll
0x00007ffc23d60000 - 0x00007ffc23e6b000 	C:\WINDOWS\SYSTEM32\WINHTTP.dll
0x00007ffc2f8f0000 - 0x00007ffc2f95a000 	C:\WINDOWS\system32\mswsock.dll
0x00007ffc13190000 - 0x00007ffc131a2000 	C:\Users\Smrmr\.p2\pool\plugins\org.eclipse.justj.openjdk.hotspot.jre.full.win32.x86_64_15.0.2.v20210201-0955\jre\bin\nio.dll

dbghelp: loaded successfully - version: 4.0.5 - missing functions: none
symbol engine: initialized successfully - sym options: 0x614 - pdb path: .;C:\Users\Smrmr\.p2\pool\plugins\org.eclipse.justj.openjdk.hotspot.jre.full.win32.x86_64_15.0.2.v20210201-0955\jre\bin;C:\WINDOWS\SYSTEM32;C:\WINDOWS\WinSxS\amd64_microsoft.windows.common-controls_6595b64144ccf1df_6.0.19041.1052_none_60b8f8fd71f5e8cb;C:\Users\Smrmr\.p2\pool\plugins\org.eclipse.justj.openjdk.hotspot.jre.full.win32.x86_64_15.0.2.v20210201-0955\jre\bin\server

VM Arguments:
jvm_args: -ea -Dtestng.dtd.http=true -javaagent:C:\Users\Smrmr\.m2\repository/org/aspectj/aspectjweaver/1.9.6/aspectjweaver-1.9.6.jar -Dfile.encoding=Cp1252 -XX:+ShowCodeDetailsInExceptionMessages 
java_command: org.testng.remote.RemoteTestNG -usedefaultlisteners false -listener com.shaft.tools.listeners.AlterSuiteListener,com.shaft.tools.listeners.SuiteListener,com.shaft.tools.listeners.InvokedMethodListener,com.shaft.tools.listeners.CucumberFeatureListener -serport 60707 -protocol json -d C:\Users\Smrmr\eclipse-workspace\Alahlymomknapis\test-output C:\Users\Smrmr\AppData\Local\Temp\testng-eclipse--2112894934\testng-customsuite.xml
java_class_path (initial): C:\Users\Smrmr\eclipse\java-2021-03\eclipse\configuration\org.eclipse.osgi\444\0\.cp\lib\testng-remote.jar;C:\Users\Smrmr\eclipse-workspace\Alahlymomknapis\target\test-classes;C:\Users\Smrmr\eclipse-workspace\Alahlymomknapis\target\classes;C:\Users\Smrmr\.p2\pool\plugins\org.testng_7.4.0.r202105021533.jar;C:\Users\Smrmr\.p2\pool\plugins\com.beust.jcommander_1.78.0.jar;C:\Users\Smrmr\.p2\pool\plugins\org.apache-extras.beanshell.bsh_2.0.0.b6.jar;C:\Users\Smrmr\.p2\pool\plugins\org.yaml.snakeyaml_1.21.0.jar;C:\Users\Smrmr\.m2\repository\io\github\mohabmohie\SHAFT_ENGINE\5.3.20210615\SHAFT_ENGINE-5.3.20210615.jar;C:\Users\Smrmr\.m2\repository\org\testng\testng\7.4.0\testng-7.4.0.jar;C:\Users\Smrmr\.m2\repository\com\beust\jcommander\1.78\jcommander-1.78.jar;C:\Users\Smrmr\.m2\repository\org\webjars\jquery\3.5.1\jquery-3.5.1.jar;C:\Users\Smrmr\.m2\repository\org\seleniumhq\selenium\selenium-java\3.141.59\selenium-java-3.141.59.jar;C:\Users\Smrmr\.m2\repository\org\seleniumhq\selenium\selenium-api\3.141.59\selenium-api-3.141.59.jar;C:\Users\Smrmr\.m2\repository\org\seleniumhq\selenium\selenium-chrome-driver\3.141.59\selenium-chrome-driver-3.141.59.jar;C:\Users\Smrmr\.m2\repository\org\seleniumhq\selenium\selenium-edge-driver\3.141.59\selenium-edge-driver-3.141.59.jar;C:\Users\Smrmr\.m2\repository\org\seleniumhq\selenium\selenium-firefox-driver\3.141.59\selenium-firefox-driver-3.141.59.jar;C:\Users\Smrmr\.m2\repository\org\seleniumhq\selenium\selenium-ie-driver\3.141.59\selenium-ie-driver-3.141.59.jar;C:\Users\Smrmr\.m2\repository\org\seleniumhq\selenium\selenium-opera-driver\3.141.59\selenium-opera-driver-3.141.59.jar;C:\Users\Smrmr\.m2\repository\org\seleniumhq\selenium\selenium-remote-driver\3.141.59\selenium-remote-driver-3.141.59.jar;C:\Users\Smrmr\.m2\repository\org\seleniumhq\selenium\selenium-safari-driver\3.141.59\selenium-safari-driver-3.141.59.jar;C:\Users\Smrmr\.m2\repository\org\seleniumhq\selenium\selenium-support\3.141.59\seleniu
Launcher Type: SUN_STANDARD

[Global flags]
     intx CICompilerCount                          = 4                                         {product} {ergonomic}
     uint ConcGCThreads                            = 2                                         {product} {ergonomic}
     uint G1ConcRefinementThreads                  = 8                                         {product} {ergonomic}
   size_t G1HeapRegionSize                         = 2097152                                   {product} {ergonomic}
    uintx GCDrainStackTargetSize                   = 64                                        {product} {ergonomic}
   size_t InitialHeapSize                          = 266338304                                 {product} {ergonomic}
   size_t MarkStackSize                            = 4194304                                   {product} {ergonomic}
   size_t MaxHeapSize                              = 4244635648                                {product} {ergonomic}
   size_t MaxNewSize                               = 2545942528                                {product} {ergonomic}
   size_t MinHeapDeltaBytes                        = 2097152                                   {product} {ergonomic}
   size_t MinHeapSize                              = 8388608                                   {product} {ergonomic}
    uintx NonNMethodCodeHeapSize                   = 5839372                                {pd product} {ergonomic}
    uintx NonProfiledCodeHeapSize                  = 122909434                              {pd product} {ergonomic}
    uintx ProfiledCodeHeapSize                     = 122909434                              {pd product} {ergonomic}
    uintx ReservedCodeCacheSize                    = 251658240                              {pd product} {ergonomic}
     bool SegmentedCodeCache                       = true                                      {product} {ergonomic}
     bool ShowCodeDetailsInExceptionMessages       = true                                   {manageable} {command line}
   size_t SoftMaxHeapSize                          = 4244635648                             {manageable} {ergonomic}
     bool UseCompressedClassPointers               = true                                 {lp64_product} {ergonomic}
     bool UseCompressedOops                        = true                                 {lp64_product} {ergonomic}
     bool UseG1GC                                  = true                                      {product} {ergonomic}
     bool UseLargePagesIndividualAllocation        = false                                  {pd product} {ergonomic}

Logging:
Log output configuration:
 #0: stdout all=warning uptime,level,tags
 #1: stderr all=off uptime,level,tags

Environment Variables:
JAVA_HOME=C:\Program Files\Java\jdk-16.0.1
PATH=C:/Users/Smrmr/.p2/pool/plugins/org.eclipse.justj.openjdk.hotspot.jre.full.win32.x86_64_15.0.2.v20210201-0955/jre/bin/server;C:/Users/Smrmr/.p2/pool/plugins/org.eclipse.justj.openjdk.hotspot.jre.full.win32.x86_64_15.0.2.v20210201-0955/jre/bin;C:\Program Files\AdoptOpenJDK\jdk-8.0.292.10-hotspot\bin;C:\Users\Smrmr\AppData\Local\Programs\Python\Python39\Scripts\;C:\Users\Smrmr\AppData\Local\Programs\Python\Python39\;C:\Program Files\Common Files\Oracle\Java\javapath;C:\Program Files (x86)\Common Files\Oracle\Java\javapath;C:\WINDOWS\system32;C:\WINDOWS;C:\WINDOWS\System32\Wbem;C:\WINDOWS\System32\WindowsPowerShell\v1.0\;C:\WINDOWS\System32\OpenSSH\;C:\Program Files (x86)\Microsoft SQL Server\150\DTS\Binn\;C:\Program Files\Azure Data Studio\bin;C:\Program Files\Java\jdk-16.0.1\bin;C:\Program Files (x86)\Microsoft SQL Server\130\DTS\Binn\;C:\Program Files\Microsoft SQL Server\130\DTS\Binn\;C:\Program Files\Microsoft SQL Server\Client SDK\ODBC\130\Tools\Binn\;C:\Program Files (x86)\Microsoft SQL Server\130\Tools\Binn\;C:\Program Files\Microsoft SQL Server\130\Tools\Binn\;C:\Program Files\dotnet\;C:\Program Files\Microsoft SQL Server\Client SDK\ODBC\170\Tools\Binn\;C:\Users\Smrmr\Downloads\platform-tools;C:\Program Files\Git\cmd;C:\Program Files\wkhtmltopdf\bin;C:\Program Files\nodejs\;C:\Program Files\nodejs\node_modules\npm\bin;C:\Users\Smrmr\AppData\Local\Android\Sdk\platform-tools;C:\Users\Smrmr\AppData\Local\Programs\Python\Python39\Scripts\;C:\Users\Smrmr\AppData\Local\Programs\Python\Python39\;C:\Users\Smrmr\AppData\Local\Microsoft\WindowsApps;C:\Program Files\Azure Data Studio\bin;C:\Program Files\TestProject Agent;C:\Users\Smrmr\.dotnet\tools;C:\Users\Smrmr\AppData\Roaming\npm;C:\WINDOWS\System32;
USERNAME=Smrmr
OS=Windows_NT
PROCESSOR_IDENTIFIER=Intel64 Family 6 Model 142 Stepping 12, GenuineIntel



---------------  S Y S T E M  ---------------

OS:
 Windows 10 , 64 bit Build 19041 (10.0.19041.1023)
OS uptime: 16 days 23:53 hours

CPU: total 8 (initial active 8) (4 cores per cpu, 2 threads per core) family 6 model 142 stepping 12 microcode 0xde, cmov, cx8, fxsr, mmx, sse, sse2, sse3, ssse3, sse4.1, sse4.2, popcnt, vzeroupper, avx, avx2, aes, clmul, erms, 3dnowpref, lzcnt, ht, tsc, tscinvbit, bmi1, bmi2, adx, fma, clflush, clflushopt

Memory: 4k page, system-wide physical 16190M (3858M free)
TotalPageFile size 34761M (AvailPageFile size 5M)
current process WorkingSet (physical memory assigned to process): 142M, peak: 143M
current process commit charge ("private bytes"): 419M, peak: 420M

vm_info: OpenJDK 64-Bit Server VM (15.0.2+7-27) for windows-amd64 JRE (15.0.2+7-27), built on Dec  7 2020 20:02:38 by "mach5one" with unknown MS VC++:1925

END.
