#
# There is insufficient memory for the Java Runtime Environment to continue.
# Native memory allocation (malloc) failed to allocate 1771216 bytes for Chunk::new
# Possible reasons:
#   The system is out of physical RAM or swap space
#   The process is running with CompressedOops enabled, and the Java Heap may be blocking the growth of the native heap
# Possible solutions:
#   Reduce memory load on the system
#   Increase physical memory or swap space
#   Check if swap backing store is full
#   Decrease Java heap size (-Xmx/-Xms)
#   Decrease number of Java threads
#   Decrease Java thread stack sizes (-Xss)
#   Set larger code cache with -XX:ReservedCodeCacheSize=
#   JVM is running with Zero Based Compressed Oops mode in which the Java heap is
#     placed in the first 32GB address space. The Java Heap base address is the
#     maximum limit for the native heap growth. Please use -XX:HeapBaseMinAddress
#     to set the Java Heap base and to place the Java Heap above 32GB virtual address.
# This output file may be truncated or incomplete.
#
#  Out of Memory Error (./open/src/hotspot/share/memory/arena.cpp:195), pid=24308, tid=21460
#
# JRE version: OpenJDK Runtime Environment (15.0.2+7) (build 15.0.2+7-27)
# Java VM: OpenJDK 64-Bit Server VM (15.0.2+7-27, mixed mode, tiered, compressed oops, g1 gc, windows-amd64)
# No core dump will be written. Minidumps are not enabled by default on client versions of Windows
#

---------------  S U M M A R Y ------------

Command Line: -ea -Dtestng.dtd.http=true -javaagent:C:\Users\Smrmr\.m2\repository/org/aspectj/aspectjweaver/1.9.6/aspectjweaver-1.9.6.jar -Dfile.encoding=Cp1252 -XX:+ShowCodeDetailsInExceptionMessages org.testng.remote.RemoteTestNG -usedefaultlisteners false -listener com.shaft.tools.listeners.AlterSuiteListener,com.shaft.tools.listeners.SuiteListener,com.shaft.tools.listeners.InvokedMethodListener,com.shaft.tools.listeners.CucumberFeatureListener -serport 62372 -protocol json -d C:\Users\Smrmr\eclipse-workspace\Alahlymomknapis\test-output C:\Users\Smrmr\AppData\Local\Temp\testng-eclipse--1246068819\testng-customsuite.xml

Host: Intel(R) Core(TM) i7-10510U CPU @ 1.80GHz, 8 cores, 15G,  Windows 10 , 64 bit Build 19041 (10.0.19041.1023)
Time: Thu Jul  1 18:11:25 2021 Egypt Standard Time elapsed time: 11.145759 seconds (0d 0h 0m 11s)

---------------  T H R E A D  ---------------

Current thread (0x000001c336654530):  JavaThread "C2 CompilerThread0" daemon [_thread_in_native, id=21460, stack(0x00000044c7900000,0x00000044c7a00000)]


Current CompileTask:
C2:  11145 5873       4       groovy.lang.MetaClassImpl$1MOPIter::methodNameAction (325 bytes)

Stack: [0x00000044c7900000,0x00000044c7a00000]
Native frames: (J=compiled Java code, j=interpreted, Vv=VM code, C=native code)
V  [jvm.dll+0x62ae9a]
V  [jvm.dll+0x7817a9]
V  [jvm.dll+0x782f03]
V  [jvm.dll+0x783563]
V  [jvm.dll+0x216325]
V  [jvm.dll+0x97f3a]
V  [jvm.dll+0x9861c]
V  [jvm.dll+0x32e2a8]
V  [jvm.dll+0x2f768a]
V  [jvm.dll+0x2f6a4a]
V  [jvm.dll+0x1ea705]
V  [jvm.dll+0x1e996e]
V  [jvm.dll+0x178567]
V  [jvm.dll+0x1f9225]
V  [jvm.dll+0x1f72cc]
V  [jvm.dll+0x74495d]
V  [jvm.dll+0x73d75a]
V  [jvm.dll+0x629c56]
C  [ucrtbase.dll+0x21bb2]
C  [KERNEL32.DLL+0x17034]
C  [ntdll.dll+0x52651]


---------------  P R O C E S S  ---------------

Threads class SMR info:
_java_thread_list=0x000001c339b78b00, length=14, elements={
0x000001c316f6ce10, 0x000001c3365ff490, 0x000001c3365ffd50, 0x000001c33662da80,
0x000001c33662e340, 0x000001c33662ed00, 0x000001c336654530, 0x000001c336658330,
0x000001c33666d410, 0x000001c3367be3e0, 0x000001c336a76580, 0x000001c337cacc80,
0x000001c339cdaf90, 0x000001c337822f90
}

Java Threads: ( => current thread )
  0x000001c316f6ce10 JavaThread "main" [_thread_in_native, id=3964, stack(0x00000044c6d00000,0x00000044c6e00000)]
  0x000001c3365ff490 JavaThread "Reference Handler" daemon [_thread_blocked, id=26244, stack(0x00000044c7400000,0x00000044c7500000)]
  0x000001c3365ffd50 JavaThread "Finalizer" daemon [_thread_blocked, id=25396, stack(0x00000044c7500000,0x00000044c7600000)]
  0x000001c33662da80 JavaThread "Signal Dispatcher" daemon [_thread_blocked, id=33852, stack(0x00000044c7600000,0x00000044c7700000)]
  0x000001c33662e340 JavaThread "Attach Listener" daemon [_thread_blocked, id=35944, stack(0x00000044c7700000,0x00000044c7800000)]
  0x000001c33662ed00 JavaThread "Service Thread" daemon [_thread_blocked, id=16868, stack(0x00000044c7800000,0x00000044c7900000)]
=>0x000001c336654530 JavaThread "C2 CompilerThread0" daemon [_thread_in_native, id=21460, stack(0x00000044c7900000,0x00000044c7a00000)]
  0x000001c336658330 JavaThread "C1 CompilerThread0" daemon [_thread_blocked, id=28480, stack(0x00000044c7a00000,0x00000044c7b00000)]
  0x000001c33666d410 JavaThread "Sweeper thread" daemon [_thread_blocked, id=33388, stack(0x00000044c7b00000,0x00000044c7c00000)]
  0x000001c3367be3e0 JavaThread "Common-Cleaner" daemon [_thread_blocked, id=35288, stack(0x00000044c7c00000,0x00000044c7d00000)]
  0x000001c336a76580 JavaThread "C2 CompilerThread1" daemon [_thread_in_native, id=31584, stack(0x00000044c7d00000,0x00000044c7e00000)]
  0x000001c337cacc80 JavaThread "Notification Thread" daemon [_thread_blocked, id=30960, stack(0x00000044c8300000,0x00000044c8400000)]
  0x000001c339cdaf90 JavaThread "ReaderThread" [_thread_in_native, id=24648, stack(0x00000044c8700000,0x00000044c8800000)]
  0x000001c337822f90 JavaThread "C2 CompilerThread2" daemon [_thread_in_native, id=38308, stack(0x00000044c8500000,0x00000044c8600000)]

Other Threads:
  0x000001c3356fc9d0 VMThread "VM Thread" [stack: 0x00000044c7300000,0x00000044c7400000] [id=27544]
  0x000001c337e9c820 WatcherThread [stack: 0x00000044c8400000,0x00000044c8500000] [id=30056]
  0x000001c316fbefa0 GCTaskThread "GC Thread#0" [stack: 0x00000044c6e00000,0x00000044c6f00000] [id=35560]
  0x000001c337625d60 GCTaskThread "GC Thread#1" [stack: 0x00000044c7e00000,0x00000044c7f00000] [id=28296]
  0x000001c3376230c0 GCTaskThread "GC Thread#2" [stack: 0x00000044c7f00000,0x00000044c8000000] [id=22144]
  0x000001c337624a40 GCTaskThread "GC Thread#3" [stack: 0x00000044c8000000,0x00000044c8100000] [id=38656]
  0x000001c337625a30 GCTaskThread "GC Thread#4" [stack: 0x00000044c8100000,0x00000044c8200000] [id=37004]
  0x000001c337623d80 GCTaskThread "GC Thread#5" [stack: 0x00000044c8200000,0x00000044c8300000] [id=33728]
  0x000001c316fd1530 ConcurrentGCThread "G1 Main Marker" [stack: 0x00000044c6f00000,0x00000044c7000000] [id=13036]
  0x000001c316fd3040 ConcurrentGCThread "G1 Conc#0" [stack: 0x00000044c7000000,0x00000044c7100000] [id=19372]
  0x000001c337624d70 ConcurrentGCThread "G1 Conc#1" [stack: 0x00000044c8800000,0x00000044c8900000] [id=37748]
  0x000001c31700e000 ConcurrentGCThread "G1 Refine#0" [stack: 0x00000044c7100000,0x00000044c7200000] [id=17268]
  0x000001c31700ea10 ConcurrentGCThread "G1 Young RemSet Sampling" [stack: 0x00000044c7200000,0x00000044c7300000] [id=38860]

Threads with active compile tasks:
C2 CompilerThread0    11172 5873       4       groovy.lang.MetaClassImpl$1MOPIter::methodNameAction (325 bytes)
C2 CompilerThread1    11172 5909       4       sun.net.www.protocol.jar.Handler::parseURL (212 bytes)
C2 CompilerThread2    11172 5912   !   4       java.util.zip.ZipFile$ZipFileInputStream::close (59 bytes)

VM state: not at safepoint (normal execution)

VM Mutex/Monitor currently owned by a thread: None

Heap address: 0x0000000703000000, size: 4048 MB, Compressed Oops mode: Zero based, Oop shift amount: 3
CDS disabled.
Compressed class space mapped at: 0x0000000800000000-0x0000000840000000, size: 1073741824
Narrow klass base: 0x0000000800000000, Narrow klass shift: 0, Narrow klass range: 0x40000000

GC Precious Log:
 CPUs: 8 total, 8 available
 Memory: 16190M
 Large Page Support: Disabled
 NUMA Support: Disabled
 Compressed Oops: Enabled (Zero based)
 Heap Region Size: 2M
 Heap Min Capacity: 8M
 Heap Initial Capacity: 254M
 Heap Max Capacity: 4048M
 Pre-touch: Disabled
 Parallel Workers: 8
 Concurrent Workers: 2
 Concurrent Refinement Workers: 8
 Periodic GC: Disabled

Heap:
 garbage-first heap   total 208896K, used 102381K [0x0000000703000000, 0x0000000800000000)
  region size 2048K, 14 young (28672K), 3 survivors (6144K)
 Metaspace       used 47428K, capacity 48500K, committed 48768K, reserved 1091584K
  class space    used 5226K, capacity 5723K, committed 5760K, reserved 1048576K

Heap Regions: E=young(eden), S=young(survivor), O=old, HS=humongous(starts), HC=humongous(continues), CS=collection set, F=free, OA=open archive, CA=closed archive, TAMS=top-at-mark-start (previous, next)
|   0|0x0000000703000000, 0x0000000703200000, 0x0000000703200000|100%| O|  |TAMS 0x0000000703200000, 0x0000000703000000| Untracked 
|   1|0x0000000703200000, 0x0000000703400000, 0x0000000703400000|100%| O|  |TAMS 0x0000000703400000, 0x0000000703200000| Untracked 
|   2|0x0000000703400000, 0x0000000703600000, 0x0000000703600000|100%| O|  |TAMS 0x0000000703600000, 0x0000000703400000| Untracked 
|   3|0x0000000703600000, 0x0000000703800000, 0x0000000703800000|100%| O|  |TAMS 0x0000000703800000, 0x0000000703600000| Untracked 
|   4|0x0000000703800000, 0x0000000703a00000, 0x0000000703a00000|100%| O|  |TAMS 0x0000000703a00000, 0x0000000703800000| Untracked 
|   5|0x0000000703a00000, 0x0000000703c00000, 0x0000000703c00000|100%| O|  |TAMS 0x0000000703c00000, 0x0000000703a00000| Untracked 
|   6|0x0000000703c00000, 0x0000000703ca8c00, 0x0000000703e00000| 32%| O|  |TAMS 0x0000000703ca8c00, 0x0000000703c00000| Untracked 
|   7|0x0000000703e00000, 0x0000000704000000, 0x0000000704000000|100%| O|  |TAMS 0x0000000704000000, 0x0000000703e00000| Untracked 
|   8|0x0000000704000000, 0x0000000704200000, 0x0000000704200000|100%| O|  |TAMS 0x0000000704200000, 0x0000000704000000| Untracked 
|   9|0x0000000704200000, 0x0000000704400000, 0x0000000704400000|100%| O|  |TAMS 0x0000000704400000, 0x0000000704200000| Untracked 
|  10|0x0000000704400000, 0x0000000704600000, 0x0000000704600000|100%| O|  |TAMS 0x0000000704600000, 0x0000000704400000| Untracked 
|  11|0x0000000704600000, 0x0000000704800000, 0x0000000704800000|100%| O|  |TAMS 0x0000000704800000, 0x0000000704600000| Untracked 
|  12|0x0000000704800000, 0x0000000704a00000, 0x0000000704a00000|100%| O|  |TAMS 0x0000000704a00000, 0x0000000704800000| Untracked 
|  13|0x0000000704a00000, 0x0000000704c00000, 0x0000000704c00000|100%| O|  |TAMS 0x0000000704c00000, 0x0000000704a00000| Untracked 
|  14|0x0000000704c00000, 0x0000000704e00000, 0x0000000704e00000|100%| O|  |TAMS 0x0000000704e00000, 0x0000000704c00000| Untracked 
|  15|0x0000000704e00000, 0x0000000705000000, 0x0000000705000000|100%| O|  |TAMS 0x0000000705000000, 0x0000000704e00000| Untracked 
|  16|0x0000000705000000, 0x0000000705200000, 0x0000000705200000|100%| O|  |TAMS 0x0000000705200000, 0x0000000705000000| Untracked 
|  17|0x0000000705200000, 0x0000000705400000, 0x0000000705400000|100%| O|  |TAMS 0x0000000705400000, 0x0000000705200000| Untracked 
|  18|0x0000000705400000, 0x0000000705600000, 0x0000000705600000|100%| O|  |TAMS 0x0000000705600000, 0x0000000705400000| Untracked 
|  19|0x0000000705600000, 0x0000000705800000, 0x0000000705800000|100%| O|  |TAMS 0x0000000705800000, 0x0000000705600000| Untracked 
|  20|0x0000000705800000, 0x0000000705a00000, 0x0000000705a00000|100%| O|  |TAMS 0x0000000705a00000, 0x0000000705800000| Untracked 
|  21|0x0000000705a00000, 0x0000000705c00000, 0x0000000705c00000|100%| O|  |TAMS 0x0000000705c00000, 0x0000000705a00000| Untracked 
|  22|0x0000000705c00000, 0x0000000705e00000, 0x0000000705e00000|100%| O|  |TAMS 0x0000000705dde000, 0x0000000705c00000| Untracked 
|  23|0x0000000705e00000, 0x0000000706000000, 0x0000000706000000|100%| O|  |TAMS 0x0000000705e00000, 0x0000000705e00000| Untracked 
|  24|0x0000000706000000, 0x0000000706200000, 0x0000000706200000|100%| O|  |TAMS 0x0000000706000000, 0x0000000706000000| Untracked 
|  25|0x0000000706200000, 0x0000000706400000, 0x0000000706400000|100%| O|  |TAMS 0x0000000706200000, 0x0000000706200000| Untracked 
|  26|0x0000000706400000, 0x0000000706600000, 0x0000000706600000|100%| O|  |TAMS 0x0000000706400000, 0x0000000706400000| Untracked 
|  27|0x0000000706600000, 0x0000000706800000, 0x0000000706800000|100%| O|  |TAMS 0x0000000706600000, 0x0000000706600000| Untracked 
|  28|0x0000000706800000, 0x0000000706a00000, 0x0000000706a00000|100%| O|  |TAMS 0x0000000706800000, 0x0000000706800000| Untracked 
|  29|0x0000000706a00000, 0x0000000706c00000, 0x0000000706c00000|100%| O|  |TAMS 0x0000000706a00000, 0x0000000706a00000| Untracked 
|  30|0x0000000706c00000, 0x0000000706e00000, 0x0000000706e00000|100%| O|  |TAMS 0x0000000706c00000, 0x0000000706c00000| Untracked 
|  31|0x0000000706e00000, 0x0000000707000000, 0x0000000707000000|100%| O|  |TAMS 0x0000000706e00000, 0x0000000706e00000| Untracked 
|  32|0x0000000707000000, 0x0000000707200000, 0x0000000707200000|100%| O|  |TAMS 0x0000000707000000, 0x0000000707000000| Untracked 
|  33|0x0000000707200000, 0x0000000707400000, 0x0000000707400000|100%| O|  |TAMS 0x0000000707200000, 0x0000000707200000| Untracked 
|  34|0x0000000707400000, 0x0000000707600000, 0x0000000707600000|100%| O|  |TAMS 0x0000000707400000, 0x0000000707400000| Untracked 
|  35|0x0000000707600000, 0x0000000707800000, 0x0000000707800000|100%| O|  |TAMS 0x0000000707600000, 0x0000000707600000| Untracked 
|  36|0x0000000707800000, 0x0000000707a00000, 0x0000000707a00000|100%| O|  |TAMS 0x0000000707800000, 0x0000000707800000| Untracked 
|  37|0x0000000707a00000, 0x0000000707b5fe00, 0x0000000707c00000| 68%| O|  |TAMS 0x0000000707a00000, 0x0000000707a00000| Untracked 
|  38|0x0000000707c00000, 0x0000000707c00000, 0x0000000707e00000|  0%| F|  |TAMS 0x0000000707c00000, 0x0000000707c00000| Untracked 
|  39|0x0000000707e00000, 0x0000000707e00000, 0x0000000708000000|  0%| F|  |TAMS 0x0000000707e00000, 0x0000000707e00000| Untracked 
|  40|0x0000000708000000, 0x0000000708000000, 0x0000000708200000|  0%| F|  |TAMS 0x0000000708000000, 0x0000000708000000| Untracked 
|  41|0x0000000708200000, 0x0000000708200000, 0x0000000708400000|  0%| F|  |TAMS 0x0000000708200000, 0x0000000708200000| Untracked 
|  42|0x0000000708400000, 0x0000000708400000, 0x0000000708600000|  0%| F|  |TAMS 0x0000000708400000, 0x0000000708400000| Untracked 
|  43|0x0000000708600000, 0x0000000708600000, 0x0000000708800000|  0%| F|  |TAMS 0x0000000708600000, 0x0000000708600000| Untracked 
|  44|0x0000000708800000, 0x0000000708800000, 0x0000000708a00000|  0%| F|  |TAMS 0x0000000708800000, 0x0000000708800000| Untracked 
|  45|0x0000000708a00000, 0x0000000708a00000, 0x0000000708c00000|  0%| F|  |TAMS 0x0000000708a00000, 0x0000000708a00000| Untracked 
|  46|0x0000000708c00000, 0x0000000708c00000, 0x0000000708e00000|  0%| F|  |TAMS 0x0000000708c00000, 0x0000000708c00000| Untracked 
|  47|0x0000000708e00000, 0x0000000708e00000, 0x0000000709000000|  0%| F|  |TAMS 0x0000000708e00000, 0x0000000708e00000| Untracked 
|  48|0x0000000709000000, 0x0000000709000000, 0x0000000709200000|  0%| F|  |TAMS 0x0000000709000000, 0x0000000709000000| Untracked 
|  49|0x0000000709200000, 0x0000000709200000, 0x0000000709400000|  0%| F|  |TAMS 0x0000000709200000, 0x0000000709200000| Untracked 
|  50|0x0000000709400000, 0x0000000709400000, 0x0000000709600000|  0%| F|  |TAMS 0x0000000709400000, 0x0000000709400000| Untracked 
|  51|0x0000000709600000, 0x0000000709600000, 0x0000000709800000|  0%| F|  |TAMS 0x0000000709600000, 0x0000000709600000| Untracked 
|  52|0x0000000709800000, 0x0000000709800000, 0x0000000709a00000|  0%| F|  |TAMS 0x0000000709800000, 0x0000000709800000| Untracked 
|  53|0x0000000709a00000, 0x0000000709a00000, 0x0000000709c00000|  0%| F|  |TAMS 0x0000000709a00000, 0x0000000709a00000| Untracked 
|  54|0x0000000709c00000, 0x0000000709df2d20, 0x0000000709e00000| 97%| S|CS|TAMS 0x0000000709c00000, 0x0000000709c00000| Complete 
|  55|0x0000000709e00000, 0x000000070a000000, 0x000000070a000000|100%| S|CS|TAMS 0x0000000709e00000, 0x0000000709e00000| Complete 
|  56|0x000000070a000000, 0x000000070a200000, 0x000000070a200000|100%| S|CS|TAMS 0x000000070a000000, 0x000000070a000000| Complete 
|  57|0x000000070a200000, 0x000000070a200000, 0x000000070a400000|  0%| F|  |TAMS 0x000000070a200000, 0x000000070a200000| Untracked 
|  58|0x000000070a400000, 0x000000070a400000, 0x000000070a600000|  0%| F|  |TAMS 0x000000070a400000, 0x000000070a400000| Untracked 
|  59|0x000000070a600000, 0x000000070a600000, 0x000000070a800000|  0%| F|  |TAMS 0x000000070a600000, 0x000000070a600000| Untracked 
|  60|0x000000070a800000, 0x000000070a800000, 0x000000070aa00000|  0%| F|  |TAMS 0x000000070a800000, 0x000000070a800000| Untracked 
|  61|0x000000070aa00000, 0x000000070aa00000, 0x000000070ac00000|  0%| F|  |TAMS 0x000000070aa00000, 0x000000070aa00000| Untracked 
|  62|0x000000070ac00000, 0x000000070ac00000, 0x000000070ae00000|  0%| F|  |TAMS 0x000000070ac00000, 0x000000070ac00000| Untracked 
|  63|0x000000070ae00000, 0x000000070ae00000, 0x000000070b000000|  0%| F|  |TAMS 0x000000070ae00000, 0x000000070ae00000| Untracked 
|  64|0x000000070b000000, 0x000000070b000000, 0x000000070b200000|  0%| F|  |TAMS 0x000000070b000000, 0x000000070b000000| Untracked 
|  65|0x000000070b200000, 0x000000070b200000, 0x000000070b400000|  0%| F|  |TAMS 0x000000070b200000, 0x000000070b200000| Untracked 
|  66|0x000000070b400000, 0x000000070b400000, 0x000000070b600000|  0%| F|  |TAMS 0x000000070b400000, 0x000000070b400000| Untracked 
|  67|0x000000070b600000, 0x000000070b600000, 0x000000070b800000|  0%| F|  |TAMS 0x000000070b600000, 0x000000070b600000| Untracked 
|  68|0x000000070b800000, 0x000000070b800000, 0x000000070ba00000|  0%| F|  |TAMS 0x000000070b800000, 0x000000070b800000| Untracked 
|  69|0x000000070ba00000, 0x000000070ba00000, 0x000000070bc00000|  0%| F|  |TAMS 0x000000070ba00000, 0x000000070ba00000| Untracked 
|  70|0x000000070bc00000, 0x000000070bc00000, 0x000000070be00000|  0%| F|  |TAMS 0x000000070bc00000, 0x000000070bc00000| Untracked 
|  71|0x000000070be00000, 0x000000070be00000, 0x000000070c000000|  0%| F|  |TAMS 0x000000070be00000, 0x000000070be00000| Untracked 
|  72|0x000000070c000000, 0x000000070c000000, 0x000000070c200000|  0%| F|  |TAMS 0x000000070c000000, 0x000000070c000000| Untracked 
|  73|0x000000070c200000, 0x000000070c200000, 0x000000070c400000|  0%| F|  |TAMS 0x000000070c200000, 0x000000070c200000| Untracked 
|  74|0x000000070c400000, 0x000000070c400000, 0x000000070c600000|  0%| F|  |TAMS 0x000000070c400000, 0x000000070c400000| Untracked 
|  75|0x000000070c600000, 0x000000070c600000, 0x000000070c800000|  0%| F|  |TAMS 0x000000070c600000, 0x000000070c600000| Untracked 
|  76|0x000000070c800000, 0x000000070c800000, 0x000000070ca00000|  0%| F|  |TAMS 0x000000070c800000, 0x000000070c800000| Untracked 
|  77|0x000000070ca00000, 0x000000070ca00000, 0x000000070cc00000|  0%| F|  |TAMS 0x000000070ca00000, 0x000000070ca00000| Untracked 
|  78|0x000000070cc00000, 0x000000070cc00000, 0x000000070ce00000|  0%| F|  |TAMS 0x000000070cc00000, 0x000000070cc00000| Untracked 
|  79|0x000000070ce00000, 0x000000070ce00000, 0x000000070d000000|  0%| F|  |TAMS 0x000000070ce00000, 0x000000070ce00000| Untracked 
|  80|0x000000070d000000, 0x000000070d000000, 0x000000070d200000|  0%| F|  |TAMS 0x000000070d000000, 0x000000070d000000| Untracked 
|  81|0x000000070d200000, 0x000000070d200000, 0x000000070d400000|  0%| F|  |TAMS 0x000000070d200000, 0x000000070d200000| Untracked 
|  82|0x000000070d400000, 0x000000070d400000, 0x000000070d600000|  0%| F|  |TAMS 0x000000070d400000, 0x000000070d400000| Untracked 
|  83|0x000000070d600000, 0x000000070d600000, 0x000000070d800000|  0%| F|  |TAMS 0x000000070d600000, 0x000000070d600000| Untracked 
|  84|0x000000070d800000, 0x000000070d800000, 0x000000070da00000|  0%| F|  |TAMS 0x000000070d800000, 0x000000070d800000| Untracked 
|  85|0x000000070da00000, 0x000000070da00000, 0x000000070dc00000|  0%| F|  |TAMS 0x000000070da00000, 0x000000070da00000| Untracked 
|  86|0x000000070dc00000, 0x000000070dc00000, 0x000000070de00000|  0%| F|  |TAMS 0x000000070dc00000, 0x000000070dc00000| Untracked 
|  87|0x000000070de00000, 0x000000070de00000, 0x000000070e000000|  0%| F|  |TAMS 0x000000070de00000, 0x000000070de00000| Untracked 
|  88|0x000000070e000000, 0x000000070e000000, 0x000000070e200000|  0%| F|  |TAMS 0x000000070e000000, 0x000000070e000000| Untracked 
|  89|0x000000070e200000, 0x000000070e200000, 0x000000070e400000|  0%| F|  |TAMS 0x000000070e200000, 0x000000070e200000| Untracked 
|  90|0x000000070e400000, 0x000000070e400000, 0x000000070e600000|  0%| F|  |TAMS 0x000000070e400000, 0x000000070e400000| Untracked 
|  91|0x000000070e600000, 0x000000070e800000, 0x000000070e800000|100%| E|  |TAMS 0x000000070e600000, 0x000000070e600000| Complete 
|  92|0x000000070e800000, 0x000000070ea00000, 0x000000070ea00000|100%| E|CS|TAMS 0x000000070e800000, 0x000000070e800000| Complete 
|  93|0x000000070ea00000, 0x000000070ec00000, 0x000000070ec00000|100%| E|CS|TAMS 0x000000070ea00000, 0x000000070ea00000| Complete 
|  94|0x000000070ec00000, 0x000000070ee00000, 0x000000070ee00000|100%| E|CS|TAMS 0x000000070ec00000, 0x000000070ec00000| Complete 
|  95|0x000000070ee00000, 0x000000070f000000, 0x000000070f000000|100%| E|CS|TAMS 0x000000070ee00000, 0x000000070ee00000| Complete 
|  96|0x000000070f000000, 0x000000070f200000, 0x000000070f200000|100%| E|CS|TAMS 0x000000070f000000, 0x000000070f000000| Complete 
|  97|0x000000070f200000, 0x000000070f400000, 0x000000070f400000|100%| E|CS|TAMS 0x000000070f200000, 0x000000070f200000| Complete 
|  98|0x000000070f400000, 0x000000070f600000, 0x000000070f600000|100%| E|CS|TAMS 0x000000070f400000, 0x000000070f400000| Complete 
|  99|0x000000070f600000, 0x000000070f800000, 0x000000070f800000|100%| E|CS|TAMS 0x000000070f600000, 0x000000070f600000| Complete 
| 125|0x0000000712a00000, 0x0000000712c00000, 0x0000000712c00000|100%| E|CS|TAMS 0x0000000712a00000, 0x0000000712a00000| Complete 
| 126|0x0000000712c00000, 0x0000000712e00000, 0x0000000712e00000|100%| E|CS|TAMS 0x0000000712c00000, 0x0000000712c00000| Complete 

Card table byte_map: [0x000001c32a480000,0x000001c32ac70000] _byte_map_base: 0x000001c326c68000

Marking Bits (Prev, Next): (CMBitMap*) 0x000001c316fbf720, (CMBitMap*) 0x000001c316fbf760
 Prev Bits: [0x000001c32b460000, 0x000001c32f3a0000)
 Next Bits: [0x000001c32f3a0000, 0x000001c3332e0000)

Polling page: 0x000001c314db0000

Metaspace:

Usage:
  Non-class:     41.77 MB capacity,    41.22 MB ( 99%) used,   494.80 KB (  1%) free+waste,    70.31 KB ( <1%) overhead. 
      Class:      5.59 MB capacity,     5.11 MB ( 91%) used,   457.99 KB (  8%) free+waste,    31.75 KB ( <1%) overhead. 
       Both:     47.36 MB capacity,    46.33 MB ( 98%) used,   952.79 KB (  2%) free+waste,   102.06 KB ( <1%) overhead. 

Virtual space:
  Non-class space:       42.00 MB reserved,      42.00 MB (100%) committed 
      Class space:        1.00 GB reserved,       5.62 MB ( <1%) committed 
             Both:        1.04 GB reserved,      47.62 MB (  4%) committed 

Chunk freelists:
   Non-Class:  39.00 KB
       Class:  5.00 KB
        Both:  44.00 KB

MaxMetaspaceSize: 17179869184.00 GB
CompressedClassSpaceSize: 1.00 GB

CodeHeap 'non-profiled nmethods': size=120000Kb used=3969Kb max_used=3969Kb free=116030Kb
 bounds [0x000001c322430000, 0x000001c322820000, 0x000001c329960000]
CodeHeap 'profiled nmethods': size=120000Kb used=11027Kb max_used=11027Kb free=108972Kb
 bounds [0x000001c31af00000, 0x000001c31b9d0000, 0x000001c322430000]
CodeHeap 'non-nmethods': size=5760Kb used=2344Kb max_used=2480Kb free=3415Kb
 bounds [0x000001c31a960000, 0x000001c31abe0000, 0x000001c31af00000]
 total_blobs=6097 nmethods=5272 adapters=737
 compilation: enabled
              stopped_count=0, restarted_count=0
 full_count=0

Compilation events (20 events):
Event: 10.940 Thread 0x000001c337822f90 nmethod 5900 0x000001c322806810 code [0x000001c322806a40, 0x000001c322806d40]
Event: 10.963 Thread 0x000001c337822f90 5901       4       java.net.URLConnection::<init> (62 bytes)
Event: 10.964 Thread 0x000001c336658330 5902       3       org.aspectj.apache.bcel.util.ClassLoaderRepository::toURL (69 bytes)
Event: 10.965 Thread 0x000001c336658330 nmethod 5902 0x000001c31b9c0d10 code [0x000001c31b9c0fa0, 0x000001c31b9c1ad8]
Event: 10.986 Thread 0x000001c337822f90 nmethod 5901 0x000001c322807090 code [0x000001c322807260, 0x000001c322807b18]
Event: 10.986 Thread 0x000001c337822f90 5903  s    4       java.util.jar.JarFile::getInputStream (72 bytes)
Event: 10.990 Thread 0x000001c337822f90 nmethod 5903 0x000001c322808010 code [0x000001c3228081a0, 0x000001c322808498]
Event: 11.005 Thread 0x000001c336a76580 nmethod 5881 0x000001c322808610 code [0x000001c3228088a0, 0x000001c32280a300]
Event: 11.008 Thread 0x000001c336658330 5904       3       sun.net.www.ParseUtil::canonizeString (38 bytes)
Event: 11.009 Thread 0x000001c336658330 nmethod 5904 0x000001c31b9c1f10 code [0x000001c31b9c2140, 0x000001c31b9c2978]
Event: 11.009 Thread 0x000001c336658330 5905       3       java.net.URLStreamHandler::setURL (159 bytes)
Event: 11.012 Thread 0x000001c336658330 nmethod 5905 0x000001c31b9c2c90 code [0x000001c31b9c3020, 0x000001c31b9c45a8]
Event: 11.044 Thread 0x000001c336a76580 5906       4       org.aspectj.weaver.UnresolvedType::isGenericWildcard (16 bytes)
Event: 11.045 Thread 0x000001c336a76580 nmethod 5906 0x000001c32280b110 code [0x000001c32280b280, 0x000001c32280b2f8]
Event: 11.080 Thread 0x000001c337822f90 5907   !   4       java.util.concurrent.ConcurrentHashMap::computeIfAbsent (576 bytes)
Event: 11.128 Thread 0x000001c336a76580 5908       4       org.aspectj.weaver.ResolvedType::getInterTypeMungersIncludingSupers (15 bytes)
Event: 11.130 Thread 0x000001c336a76580 nmethod 5908 0x000001c32280b410 code [0x000001c32280b5a0, 0x000001c32280b6a8]
Event: 11.140 Thread 0x000001c336a76580 5909       4       sun.net.www.protocol.jar.Handler::parseURL (212 bytes)
Event: 11.140 Thread 0x000001c337822f90 nmethod 5907 0x000001c32280b810 code [0x000001c32280ba60, 0x000001c32280d890]
Event: 11.140 Thread 0x000001c337822f90 5910       4       sun.net.www.protocol.jar.Handler::parseContextSpec (150 bytes)

GC Heap History (20 events):
Event: 2.309 GC heap before
{Heap before GC invocations=3 (full 0):
 garbage-first heap   total 260096K, used 86691K [0x0000000703000000, 0x0000000800000000)
  region size 2048K, 37 young (75776K), 3 survivors (6144K)
 Metaspace       used 21061K, capacity 21202K, committed 21296K, reserved 1069056K
  class space    used 1878K, capacity 1900K, committed 1920K, reserved 1048576K
}
Event: 2.322 GC heap after
{Heap after GC invocations=4 (full 0):
 garbage-first heap   total 260096K, used 28050K [0x0000000703000000, 0x0000000800000000)
  region size 2048K, 8 young (16384K), 8 survivors (16384K)
 Metaspace       used 21061K, capacity 21202K, committed 21296K, reserved 1069056K
  class space    used 1878K, capacity 1900K, committed 1920K, reserved 1048576K
}
Event: 3.396 GC heap before
{Heap before GC invocations=5 (full 0):
 garbage-first heap   total 116736K, used 81298K [0x0000000703000000, 0x0000000800000000)
  region size 2048K, 34 young (69632K), 8 survivors (16384K)
 Metaspace       used 24382K, capacity 24632K, committed 24832K, reserved 1071104K
  class space    used 2220K, capacity 2293K, committed 2304K, reserved 1048576K
}
Event: 3.417 GC heap after
{Heap after GC invocations=6 (full 0):
 garbage-first heap   total 141312K, used 33118K [0x0000000703000000, 0x0000000800000000)
  region size 2048K, 3 young (6144K), 3 survivors (6144K)
 Metaspace       used 24382K, capacity 24632K, committed 24832K, reserved 1071104K
  class space    used 2220K, capacity 2293K, committed 2304K, reserved 1048576K
}
Event: 4.279 GC heap before
{Heap before GC invocations=6 (full 0):
 garbage-first heap   total 141312K, used 90462K [0x0000000703000000, 0x0000000800000000)
  region size 2048K, 31 young (63488K), 3 survivors (6144K)
 Metaspace       used 26828K, capacity 27155K, committed 27264K, reserved 1073152K
  class space    used 2511K, capacity 2600K, committed 2688K, reserved 1048576K
}
Event: 4.293 GC heap after
{Heap after GC invocations=7 (full 0):
 garbage-first heap   total 141312K, used 40527K [0x0000000703000000, 0x0000000800000000)
  region size 2048K, 4 young (8192K), 4 survivors (8192K)
 Metaspace       used 26828K, capacity 27155K, committed 27264K, reserved 1073152K
  class space    used 2511K, capacity 2600K, committed 2688K, reserved 1048576K
}
Event: 5.159 GC heap before
{Heap before GC invocations=7 (full 0):
 garbage-first heap   total 141312K, used 95823K [0x0000000703000000, 0x0000000800000000)
  region size 2048K, 31 young (63488K), 4 survivors (8192K)
 Metaspace       used 30407K, capacity 30650K, committed 30976K, reserved 1077248K
  class space    used 3187K, capacity 3251K, committed 3328K, reserved 1048576K
}
Event: 5.174 GC heap after
{Heap after GC invocations=8 (full 0):
 garbage-first heap   total 141312K, used 45911K [0x0000000703000000, 0x0000000800000000)
  region size 2048K, 3 young (6144K), 3 survivors (6144K)
 Metaspace       used 30407K, capacity 30650K, committed 30976K, reserved 1077248K
  class space    used 3187K, capacity 3251K, committed 3328K, reserved 1048576K
}
Event: 6.035 GC heap before
{Heap before GC invocations=8 (full 0):
 garbage-first heap   total 141312K, used 101207K [0x0000000703000000, 0x0000000800000000)
  region size 2048K, 30 young (61440K), 3 survivors (6144K)
 Metaspace       used 33775K, capacity 34123K, committed 34176K, reserved 1079296K
  class space    used 3594K, capacity 3678K, committed 3712K, reserved 1048576K
}
Event: 6.051 GC heap after
{Heap after GC invocations=9 (full 0):
 garbage-first heap   total 141312K, used 53692K [0x0000000703000000, 0x0000000800000000)
  region size 2048K, 4 young (8192K), 4 survivors (8192K)
 Metaspace       used 33775K, capacity 34123K, committed 34176K, reserved 1079296K
  class space    used 3594K, capacity 3678K, committed 3712K, reserved 1048576K
}
Event: 6.424 GC heap before
{Heap before GC invocations=9 (full 0):
 garbage-first heap   total 141312K, used 86460K [0x0000000703000000, 0x0000000800000000)
  region size 2048K, 21 young (43008K), 4 survivors (8192K)
 Metaspace       used 35530K, capacity 35854K, committed 35968K, reserved 1081344K
  class space    used 3758K, capacity 3871K, committed 3968K, reserved 1048576K
}
Event: 6.440 GC heap after
{Heap after GC invocations=10 (full 0):
 garbage-first heap   total 174080K, used 56697K [0x0000000703000000, 0x0000000800000000)
  region size 2048K, 2 young (4096K), 2 survivors (4096K)
 Metaspace       used 35530K, capacity 35854K, committed 35968K, reserved 1081344K
  class space    used 3758K, capacity 3871K, committed 3968K, reserved 1048576K
}
Event: 7.333 GC heap before
{Heap before GC invocations=11 (full 0):
 garbage-first heap   total 174080K, used 132473K [0x0000000703000000, 0x0000000800000000)
  region size 2048K, 37 young (75776K), 2 survivors (4096K)
 Metaspace       used 38941K, capacity 39305K, committed 39552K, reserved 1085440K
  class space    used 4033K, capacity 4167K, committed 4224K, reserved 1048576K
}
Event: 7.345 GC heap after
{Heap after GC invocations=12 (full 0):
 garbage-first heap   total 174080K, used 61612K [0x0000000703000000, 0x0000000800000000)
  region size 2048K, 5 young (10240K), 5 survivors (10240K)
 Metaspace       used 38941K, capacity 39305K, committed 39552K, reserved 1085440K
  class space    used 4033K, capacity 4167K, committed 4224K, reserved 1048576K
}
Event: 8.355 GC heap before
{Heap before GC invocations=12 (full 0):
 garbage-first heap   total 174080K, used 129196K [0x0000000703000000, 0x0000000800000000)
  region size 2048K, 38 young (77824K), 5 survivors (10240K)
 Metaspace       used 41308K, capacity 41940K, committed 41984K, reserved 1087488K
  class space    used 4364K, capacity 4584K, committed 4608K, reserved 1048576K
}
Event: 8.375 GC heap after
{Heap after GC invocations=13 (full 0):
 garbage-first heap   total 174080K, used 69184K [0x0000000703000000, 0x0000000800000000)
  region size 2048K, 4 young (8192K), 4 survivors (8192K)
 Metaspace       used 41308K, capacity 41940K, committed 41984K, reserved 1087488K
  class space    used 4364K, capacity 4584K, committed 4608K, reserved 1048576K
}
Event: 9.338 GC heap before
{Heap before GC invocations=13 (full 0):
 garbage-first heap   total 174080K, used 132672K [0x0000000703000000, 0x0000000800000000)
  region size 2048K, 35 young (71680K), 4 survivors (8192K)
 Metaspace       used 44743K, capacity 45573K, committed 45696K, reserved 1089536K
  class space    used 4814K, capacity 5187K, committed 5248K, reserved 1048576K
}
Event: 9.355 GC heap after
{Heap after GC invocations=14 (full 0):
 garbage-first heap   total 174080K, used 76112K [0x0000000703000000, 0x0000000800000000)
  region size 2048K, 4 young (8192K), 4 survivors (8192K)
 Metaspace       used 44743K, capacity 45573K, committed 45696K, reserved 1089536K
  class space    used 4814K, capacity 5187K, committed 5248K, reserved 1048576K
}
Event: 10.834 GC heap before
{Heap before GC invocations=14 (full 0):
 garbage-first heap   total 174080K, used 133456K [0x0000000703000000, 0x0000000800000000)
  region size 2048K, 32 young (65536K), 4 survivors (8192K)
 Metaspace       used 46807K, capacity 47892K, committed 48128K, reserved 1091584K
  class space    used 5123K, capacity 5627K, committed 5632K, reserved 1048576K
}
Event: 10.855 GC heap after
{Heap after GC invocations=15 (full 0):
 garbage-first heap   total 208896K, used 81901K [0x0000000703000000, 0x0000000800000000)
  region size 2048K, 3 young (6144K), 3 survivors (6144K)
 Metaspace       used 46807K, capacity 47892K, committed 48128K, reserved 1091584K
  class space    used 5123K, capacity 5627K, committed 5632K, reserved 1048576K
}

Deoptimization events (20 events):
Event: 10.428 Thread 0x000001c316f6ce10 Uncommon trap: trap_request=0xffffffd6 fr.pc=0x000001c3227d4a80 relative=0x00000000000004e0
Event: 10.428 Thread 0x000001c316f6ce10 Uncommon trap: reason=array_check action=maybe_recompile pc=0x000001c3227d4a80 method=java.util.HashMap.valuesToArray([Ljava/lang/Object;)[Ljava/lang/Object; @ 62 c2
Event: 10.428 Thread 0x000001c316f6ce10 DEOPT PACKING pc=0x000001c3227d4a80 sp=0x00000044c6dfce60
Event: 10.428 Thread 0x000001c316f6ce10 DEOPT UNPACKING pc=0x000001c31a9ae42f sp=0x00000044c6dfce08 mode 2
Event: 10.438 Thread 0x000001c316f6ce10 DEOPT PACKING pc=0x000001c31b8de73e sp=0x00000044c6dfb640
Event: 10.438 Thread 0x000001c316f6ce10 DEOPT UNPACKING pc=0x000001c31a9ae23f sp=0x00000044c6dfaaf8 mode 0
Event: 10.493 Thread 0x000001c316f6ce10 Uncommon trap: trap_request=0xffffff45 fr.pc=0x000001c3225f8a00 relative=0x0000000000000080
Event: 10.493 Thread 0x000001c316f6ce10 Uncommon trap: reason=unstable_if action=reinterpret pc=0x000001c3225f8a00 method=java.lang.CharacterDataLatin1.isWhitespace(I)Z @ 14 c2
Event: 10.493 Thread 0x000001c316f6ce10 DEOPT PACKING pc=0x000001c3225f8a00 sp=0x00000044c6dfd4a0
Event: 10.493 Thread 0x000001c316f6ce10 DEOPT UNPACKING pc=0x000001c31a9ae42f sp=0x00000044c6dfd410 mode 2
Event: 10.605 Thread 0x000001c316f6ce10 DEOPT PACKING pc=0x000001c31b81f03b sp=0x00000044c6dfb7c0
Event: 10.605 Thread 0x000001c316f6ce10 DEOPT UNPACKING pc=0x000001c31a9ae23f sp=0x00000044c6dfac60 mode 0
Event: 10.698 Thread 0x000001c316f6ce10 DEOPT PACKING pc=0x000001c31b69540b sp=0x00000044c6dfcff0
Event: 10.698 Thread 0x000001c316f6ce10 DEOPT UNPACKING pc=0x000001c31a9ae23f sp=0x00000044c6dfc450 mode 0
Event: 10.728 Thread 0x000001c316f6ce10 DEOPT PACKING pc=0x000001c31b6e119a sp=0x00000044c6dfc200
Event: 10.728 Thread 0x000001c316f6ce10 DEOPT UNPACKING pc=0x000001c31a9ae23f sp=0x00000044c6dfb750 mode 0
Event: 10.749 Thread 0x000001c316f6ce10 Uncommon trap: trap_request=0xffffffde fr.pc=0x000001c3225729a4 relative=0x0000000000000284
Event: 10.749 Thread 0x000001c316f6ce10 Uncommon trap: reason=class_check action=maybe_recompile pc=0x000001c3225729a4 method=java.util.regex.Matcher.search(I)Z @ 121 c2
Event: 10.749 Thread 0x000001c316f6ce10 DEOPT PACKING pc=0x000001c3225729a4 sp=0x00000044c6dfd410
Event: 10.749 Thread 0x000001c316f6ce10 DEOPT UNPACKING pc=0x000001c31a9ae42f sp=0x00000044c6dfd3b0 mode 2

Classes unloaded (0 events):
No events

Classes redefined (0 events):
No events

Internal exceptions (20 events):
Event: 10.733 Thread 0x000001c316f6ce10 Exception <a 'java/lang/ArrayIndexOutOfBoundsException'{0x000000070a716430}> (0x000000070a716430) 
thrown [./open/src/hotspot/share/runtime/sharedRuntime.cpp, line 585]
Event: 10.733 Thread 0x000001c316f6ce10 Exception <a 'java/lang/ArrayIndexOutOfBoundsException'{0x000000070a716ca0}> (0x000000070a716ca0) 
thrown [./open/src/hotspot/share/runtime/sharedRuntime.cpp, line 585]
Event: 10.734 Thread 0x000001c316f6ce10 Exception <a 'java/lang/ArrayIndexOutOfBoundsException'{0x000000070a71d278}> (0x000000070a71d278) 
thrown [./open/src/hotspot/share/runtime/sharedRuntime.cpp, line 585]
Event: 10.734 Thread 0x000001c316f6ce10 Exception <a 'java/lang/ArrayIndexOutOfBoundsException'{0x000000070a71dd90}> (0x000000070a71dd90) 
thrown [./open/src/hotspot/share/runtime/sharedRuntime.cpp, line 585]
Event: 10.734 Thread 0x000001c316f6ce10 Exception <a 'java/lang/ArrayIndexOutOfBoundsException'{0x000000070a721088}> (0x000000070a721088) 
thrown [./open/src/hotspot/share/runtime/sharedRuntime.cpp, line 585]
Event: 10.735 Thread 0x000001c316f6ce10 Exception <a 'java/lang/ArrayIndexOutOfBoundsException'{0x000000070a721ba0}> (0x000000070a721ba0) 
thrown [./open/src/hotspot/share/runtime/sharedRuntime.cpp, line 585]
Event: 10.735 Thread 0x000001c316f6ce10 Exception <a 'java/lang/ArrayIndexOutOfBoundsException'{0x000000070a724af0}> (0x000000070a724af0) 
thrown [./open/src/hotspot/share/runtime/sharedRuntime.cpp, line 585]
Event: 10.735 Thread 0x000001c316f6ce10 Exception <a 'java/lang/ArrayIndexOutOfBoundsException'{0x000000070a725608}> (0x000000070a725608) 
thrown [./open/src/hotspot/share/runtime/sharedRuntime.cpp, line 585]
Event: 10.736 Thread 0x000001c316f6ce10 Exception <a 'java/lang/ArrayIndexOutOfBoundsException'{0x000000070a735fa8}> (0x000000070a735fa8) 
thrown [./open/src/hotspot/share/runtime/sharedRuntime.cpp, line 585]
Event: 10.736 Thread 0x000001c316f6ce10 Exception <a 'java/lang/ArrayIndexOutOfBoundsException'{0x000000070a736818}> (0x000000070a736818) 
thrown [./open/src/hotspot/share/runtime/sharedRuntime.cpp, line 585]
Event: 10.736 Thread 0x000001c316f6ce10 Exception <a 'java/lang/ArrayIndexOutOfBoundsException'{0x000000070a737cb0}> (0x000000070a737cb0) 
thrown [./open/src/hotspot/share/runtime/sharedRuntime.cpp, line 585]
Event: 10.736 Thread 0x000001c316f6ce10 Exception <a 'java/lang/ArrayIndexOutOfBoundsException'{0x000000070a738520}> (0x000000070a738520) 
thrown [./open/src/hotspot/share/runtime/sharedRuntime.cpp, line 585]
Event: 10.736 Thread 0x000001c316f6ce10 Exception <a 'java/lang/ArrayIndexOutOfBoundsException'{0x000000070a73d298}> (0x000000070a73d298) 
thrown [./open/src/hotspot/share/runtime/sharedRuntime.cpp, line 585]
Event: 10.736 Thread 0x000001c316f6ce10 Exception <a 'java/lang/ArrayIndexOutOfBoundsException'{0x000000070a73ddb0}> (0x000000070a73ddb0) 
thrown [./open/src/hotspot/share/runtime/sharedRuntime.cpp, line 585]
Event: 10.755 Thread 0x000001c316f6ce10 Exception <a 'java/lang/ClassNotFoundException'{0x000000070a431b90}: groovy/lang/BindingBeanInfo> (0x000000070a431b90) 
thrown [./open/src/hotspot/share/classfile/systemDictionary.cpp, line 295]
Event: 10.756 Thread 0x000001c316f6ce10 Exception <a 'java/lang/ClassNotFoundException'{0x000000070a441dc8}: groovy/lang/BindingCustomizer> (0x000000070a441dc8) 
thrown [./open/src/hotspot/share/classfile/systemDictionary.cpp, line 295]
Event: 10.765 Thread 0x000001c316f6ce10 Exception <a 'java/lang/ClassNotFoundException'{0x000000070a4cfe90}: groovy/lang/GroovyShellBeanInfo> (0x000000070a4cfe90) 
thrown [./open/src/hotspot/share/classfile/systemDictionary.cpp, line 295]
Event: 10.766 Thread 0x000001c316f6ce10 Exception <a 'java/lang/ClassNotFoundException'{0x000000070a4e01f0}: groovy/lang/GroovyShellCustomizer> (0x000000070a4e01f0) 
thrown [./open/src/hotspot/share/classfile/systemDictionary.cpp, line 295]
Event: 10.810 Thread 0x000001c316f6ce10 Exception <a 'java/lang/NoSuchMethodError'{0x000000070a2f99b8}: 'void java.lang.invoke.DirectMethodHandle$Holder.invokeVirtual(java.lang.Object, java.lang.Object)'> (0x000000070a2f99b8) 
thrown [./open/src/hotspot/share/interpreter/linkResolver.cpp, line 782]
Event: 10.812 Thread 0x000001c316f6ce10 Exception <a 'java/lang/NoSuchMethodError'{0x000000070a302c80}: 'void java.lang.invoke.DirectMethodHandle$Holder.invokeSpecial(java.lang.Object, java.lang.Object, java.lang.Object, java.lang.Object, java.lang.Object)'> (0x000000070a302c80) 
thrown [./open/src/hotspot/share/interpreter/linkResolver.cpp, line 782]

Events (20 events):
Event: 10.701 loading class java/util/regex/Pattern$Behind
Event: 10.701 loading class java/util/regex/Pattern$Behind done
Event: 10.718 loading class java/lang/CharacterBeanInfo
Event: 10.718 loading class java/lang/CharacterBeanInfo done
Event: 10.718 loading class java/lang/CharacterBeanInfo
Event: 10.718 loading class java/lang/CharacterBeanInfo done
Event: 10.718 loading class java/lang/CharacterCustomizer
Event: 10.718 loading class java/lang/CharacterCustomizer done
Event: 10.718 loading class java/lang/CharacterCustomizer
Event: 10.718 loading class java/lang/CharacterCustomizer done
Event: 10.785 Executing VM operation: HandshakeAllThreads
Event: 10.785 Executing VM operation: HandshakeAllThreads done
Event: 10.820 loading class java/net/URLClassLoader$3
Event: 10.820 loading class java/net/URLClassLoader$3 done
Event: 10.823 loading class java/net/URLClassLoader$3$1
Event: 10.823 loading class java/net/URLClassLoader$3$1 done
Event: 10.834 Executing VM operation: G1CollectForAllocation
Event: 10.855 Executing VM operation: G1CollectForAllocation done
Event: 10.869 Executing VM operation: HandshakeAllThreads
Event: 10.869 Executing VM operation: HandshakeAllThreads done


Dynamic libraries:
0x00007ff7293a0000 - 0x00007ff7293ad000 	C:\Users\Smrmr\.p2\pool\plugins\org.eclipse.justj.openjdk.hotspot.jre.full.win32.x86_64_15.0.2.v20210201-0955\jre\bin\javaw.exe
0x00007ffc329d0000 - 0x00007ffc32bc5000 	C:\WINDOWS\SYSTEM32\ntdll.dll
0x00007ffc31f20000 - 0x00007ffc31fdd000 	C:\WINDOWS\System32\KERNEL32.DLL
0x00007ffc30350000 - 0x00007ffc30618000 	C:\WINDOWS\System32\KERNELBASE.dll
0x00007ffc30110000 - 0x00007ffc30210000 	C:\WINDOWS\System32\ucrtbase.dll
0x00007ffc232d0000 - 0x00007ffc232e9000 	C:\Users\Smrmr\.p2\pool\plugins\org.eclipse.justj.openjdk.hotspot.jre.full.win32.x86_64_15.0.2.v20210201-0955\jre\bin\VCRUNTIME140.dll
0x00007ffc270d0000 - 0x00007ffc270e8000 	C:\Users\Smrmr\.p2\pool\plugins\org.eclipse.justj.openjdk.hotspot.jre.full.win32.x86_64_15.0.2.v20210201-0955\jre\bin\jli.dll
0x00007ffc326a0000 - 0x00007ffc32840000 	C:\WINDOWS\System32\USER32.dll
0x00007ffc30860000 - 0x00007ffc30882000 	C:\WINDOWS\System32\win32u.dll
0x00007ffc31a70000 - 0x00007ffc31a9a000 	C:\WINDOWS\System32\GDI32.dll
0x00007ffc143c0000 - 0x00007ffc1465a000 	C:\WINDOWS\WinSxS\amd64_microsoft.windows.common-controls_6595b64144ccf1df_6.0.19041.1052_none_60b8f8fd71f5e8cb\COMCTL32.dll
0x00007ffc30240000 - 0x00007ffc3034b000 	C:\WINDOWS\System32\gdi32full.dll
0x00007ffc31900000 - 0x00007ffc3199e000 	C:\WINDOWS\System32\msvcrt.dll
0x00007ffc308f0000 - 0x00007ffc3098d000 	C:\WINDOWS\System32\msvcp_win.dll
0x00007ffc31b10000 - 0x00007ffc31b40000 	C:\WINDOWS\System32\IMM32.DLL
0x00007ffc24b20000 - 0x00007ffc24b2c000 	C:\Users\Smrmr\.p2\pool\plugins\org.eclipse.justj.openjdk.hotspot.jre.full.win32.x86_64_15.0.2.v20210201-0955\jre\bin\vcruntime140_1.dll
0x00007ffbf1eb0000 - 0x00007ffbf1f41000 	C:\Users\Smrmr\.p2\pool\plugins\org.eclipse.justj.openjdk.hotspot.jre.full.win32.x86_64_15.0.2.v20210201-0955\jre\bin\msvcp140.dll
0x00007ffbb64d0000 - 0x00007ffbb702e000 	C:\Users\Smrmr\.p2\pool\plugins\org.eclipse.justj.openjdk.hotspot.jre.full.win32.x86_64_15.0.2.v20210201-0955\jre\bin\server\jvm.dll
0x00007ffc31b40000 - 0x00007ffc31bec000 	C:\WINDOWS\System32\ADVAPI32.dll
0x00007ffc328f0000 - 0x00007ffc3298b000 	C:\WINDOWS\System32\sechost.dll
0x00007ffc31df0000 - 0x00007ffc31f1b000 	C:\WINDOWS\System32\RPCRT4.dll
0x00007ffc32110000 - 0x00007ffc32118000 	C:\WINDOWS\System32\PSAPI.DLL
0x00007ffc1fd00000 - 0x00007ffc1fd27000 	C:\WINDOWS\SYSTEM32\WINMM.dll
0x00007ffc26ec0000 - 0x00007ffc26eca000 	C:\WINDOWS\SYSTEM32\VERSION.dll
0x00007ffc18100000 - 0x00007ffc18109000 	C:\WINDOWS\SYSTEM32\WSOCK32.dll
0x00007ffc31aa0000 - 0x00007ffc31b0b000 	C:\WINDOWS\System32\WS2_32.dll
0x00007ffc2ea30000 - 0x00007ffc2ea42000 	C:\WINDOWS\SYSTEM32\kernel.appcore.dll
0x00007ffc26be0000 - 0x00007ffc26bea000 	C:\Users\Smrmr\.p2\pool\plugins\org.eclipse.justj.openjdk.hotspot.jre.full.win32.x86_64_15.0.2.v20210201-0955\jre\bin\jimage.dll
0x00007ffc2de10000 - 0x00007ffc2dff4000 	C:\WINDOWS\SYSTEM32\DBGHELP.DLL
0x00007ffc235f0000 - 0x00007ffc2361c000 	C:\WINDOWS\SYSTEM32\dbgcore.DLL
0x00007ffc30620000 - 0x00007ffc306a3000 	C:\WINDOWS\System32\bcryptPrimitives.dll
0x00007ffc27390000 - 0x00007ffc2739e000 	C:\Users\Smrmr\.p2\pool\plugins\org.eclipse.justj.openjdk.hotspot.jre.full.win32.x86_64_15.0.2.v20210201-0955\jre\bin\instrument.dll
0x00007ffc20d90000 - 0x00007ffc20db5000 	C:\Users\Smrmr\.p2\pool\plugins\org.eclipse.justj.openjdk.hotspot.jre.full.win32.x86_64_15.0.2.v20210201-0955\jre\bin\java.dll
0x00007ffc20c10000 - 0x00007ffc20c28000 	C:\Users\Smrmr\.p2\pool\plugins\org.eclipse.justj.openjdk.hotspot.jre.full.win32.x86_64_15.0.2.v20210201-0955\jre\bin\zip.dll
0x00007ffc311c0000 - 0x00007ffc318ff000 	C:\WINDOWS\System32\SHELL32.dll
0x00007ffc2e240000 - 0x00007ffc2e9d0000 	C:\WINDOWS\SYSTEM32\windows.storage.dll
0x00007ffc30b70000 - 0x00007ffc30ec5000 	C:\WINDOWS\System32\combase.dll
0x00007ffc2fb80000 - 0x00007ffc2fbac000 	C:\WINDOWS\SYSTEM32\Wldp.dll
0x00007ffc32180000 - 0x00007ffc3222e000 	C:\WINDOWS\System32\SHCORE.dll
0x00007ffc32120000 - 0x00007ffc32175000 	C:\WINDOWS\System32\shlwapi.dll
0x00007ffc30050000 - 0x00007ffc3006f000 	C:\WINDOWS\SYSTEM32\profapi.dll
0x00007ffc131e0000 - 0x00007ffc131f9000 	C:\Users\Smrmr\.p2\pool\plugins\org.eclipse.justj.openjdk.hotspot.jre.full.win32.x86_64_15.0.2.v20210201-0955\jre\bin\net.dll
0x00007ffc23d60000 - 0x00007ffc23e6b000 	C:\WINDOWS\SYSTEM32\WINHTTP.dll
0x00007ffc2f8f0000 - 0x00007ffc2f95a000 	C:\WINDOWS\system32\mswsock.dll
0x00007ffc13190000 - 0x00007ffc131a2000 	C:\Users\Smrmr\.p2\pool\plugins\org.eclipse.justj.openjdk.hotspot.jre.full.win32.x86_64_15.0.2.v20210201-0955\jre\bin\nio.dll
0x00007ffc2f5e0000 - 0x00007ffc2f6ac000 	C:\WINDOWS\SYSTEM32\DNSAPI.dll
0x00007ffc2f590000 - 0x00007ffc2f5cb000 	C:\WINDOWS\SYSTEM32\IPHLPAPI.DLL
0x00007ffc30b00000 - 0x00007ffc30b08000 	C:\WINDOWS\System32\NSI.dll
0x00007ffc23e90000 - 0x00007ffc23e9a000 	C:\Windows\System32\rasadhlp.dll
0x00007ffc23aa0000 - 0x00007ffc23b1f000 	C:\WINDOWS\System32\fwpuclnt.dll
0x00007ffc30210000 - 0x00007ffc30237000 	C:\WINDOWS\System32\bcrypt.dll
0x00007ffc2fac0000 - 0x00007ffc2fad8000 	C:\WINDOWS\SYSTEM32\CRYPTSP.dll
0x00007ffc2f220000 - 0x00007ffc2f254000 	C:\WINDOWS\system32\rsaenh.dll
0x00007ffc30010000 - 0x00007ffc3003e000 	C:\WINDOWS\SYSTEM32\USERENV.dll
0x00007ffc2fae0000 - 0x00007ffc2faec000 	C:\WINDOWS\SYSTEM32\CRYPTBASE.dll
0x00007ffc25070000 - 0x00007ffc25087000 	C:\WINDOWS\SYSTEM32\dhcpcsvc6.DLL
0x00007ffc24ff0000 - 0x00007ffc2500d000 	C:\WINDOWS\SYSTEM32\dhcpcsvc.DLL
0x00007ffc23470000 - 0x00007ffc23480000 	C:\Users\Smrmr\.p2\pool\plugins\org.eclipse.justj.openjdk.hotspot.jre.full.win32.x86_64_15.0.2.v20210201-0955\jre\bin\verify.dll
0x00007ffc22fa0000 - 0x00007ffc22fb7000 	C:\WINDOWS\system32\napinsp.dll
0x00007ffc0a630000 - 0x00007ffc0a64b000 	C:\WINDOWS\system32\pnrpnsp.dll
0x00007ffc27960000 - 0x00007ffc27975000 	C:\WINDOWS\system32\wshbth.dll
0x00007ffc253b0000 - 0x00007ffc253cd000 	C:\WINDOWS\system32\NLAapi.dll
0x00007ffc08cf0000 - 0x00007ffc08d02000 	C:\WINDOWS\System32\winrnr.dll
0x00007ffc27380000 - 0x00007ffc27389000 	C:\Users\Smrmr\.p2\pool\plugins\org.eclipse.justj.openjdk.hotspot.jre.full.win32.x86_64_15.0.2.v20210201-0955\jre\bin\management.dll
0x00007ffc233a0000 - 0x00007ffc233ab000 	C:\Users\Smrmr\.p2\pool\plugins\org.eclipse.justj.openjdk.hotspot.jre.full.win32.x86_64_15.0.2.v20210201-0955\jre\bin\management_ext.dll
0x00007ffc278b0000 - 0x00007ffc278bd000 	C:\Users\Smrmr\.p2\pool\plugins\org.eclipse.justj.openjdk.hotspot.jre.full.win32.x86_64_15.0.2.v20210201-0955\jre\bin\sunmscapi.dll
0x00007ffc306b0000 - 0x00007ffc3080f000 	C:\WINDOWS\System32\CRYPT32.dll
0x00007ffc2fbf0000 - 0x00007ffc2fc17000 	C:\WINDOWS\SYSTEM32\ncrypt.dll
0x00007ffc2fbb0000 - 0x00007ffc2fbeb000 	C:\WINDOWS\SYSTEM32\NTASN1.dll

dbghelp: loaded successfully - version: 4.0.5 - missing functions: none
symbol engine: initialized successfully - sym options: 0x614 - pdb path: .;C:\Users\Smrmr\.p2\pool\plugins\org.eclipse.justj.openjdk.hotspot.jre.full.win32.x86_64_15.0.2.v20210201-0955\jre\bin;C:\WINDOWS\SYSTEM32;C:\WINDOWS\WinSxS\amd64_microsoft.windows.common-controls_6595b64144ccf1df_6.0.19041.1052_none_60b8f8fd71f5e8cb;C:\Users\Smrmr\.p2\pool\plugins\org.eclipse.justj.openjdk.hotspot.jre.full.win32.x86_64_15.0.2.v20210201-0955\jre\bin\server

VM Arguments:
jvm_args: -ea -Dtestng.dtd.http=true -javaagent:C:\Users\Smrmr\.m2\repository/org/aspectj/aspectjweaver/1.9.6/aspectjweaver-1.9.6.jar -Dfile.encoding=Cp1252 -XX:+ShowCodeDetailsInExceptionMessages 
java_command: org.testng.remote.RemoteTestNG -usedefaultlisteners false -listener com.shaft.tools.listeners.AlterSuiteListener,com.shaft.tools.listeners.SuiteListener,com.shaft.tools.listeners.InvokedMethodListener,com.shaft.tools.listeners.CucumberFeatureListener -serport 62372 -protocol json -d C:\Users\Smrmr\eclipse-workspace\Alahlymomknapis\test-output C:\Users\Smrmr\AppData\Local\Temp\testng-eclipse--1246068819\testng-customsuite.xml
java_class_path (initial): C:\Users\Smrmr\eclipse\java-2021-03\eclipse\configuration\org.eclipse.osgi\444\0\.cp\lib\testng-remote.jar;C:\Users\Smrmr\eclipse-workspace\Alahlymomknapis\target\test-classes;C:\Users\Smrmr\eclipse-workspace\Alahlymomknapis\target\classes;C:\Users\Smrmr\.p2\pool\plugins\org.testng_7.4.0.r202105021533.jar;C:\Users\Smrmr\.p2\pool\plugins\com.beust.jcommander_1.78.0.jar;C:\Users\Smrmr\.p2\pool\plugins\org.apache-extras.beanshell.bsh_2.0.0.b6.jar;C:\Users\Smrmr\.p2\pool\plugins\org.yaml.snakeyaml_1.21.0.jar;C:\Users\Smrmr\.m2\repository\io\github\mohabmohie\SHAFT_ENGINE\5.3.20210615\SHAFT_ENGINE-5.3.20210615.jar;C:\Users\Smrmr\.m2\repository\org\testng\testng\7.4.0\testng-7.4.0.jar;C:\Users\Smrmr\.m2\repository\com\beust\jcommander\1.78\jcommander-1.78.jar;C:\Users\Smrmr\.m2\repository\org\webjars\jquery\3.5.1\jquery-3.5.1.jar;C:\Users\Smrmr\.m2\repository\org\seleniumhq\selenium\selenium-java\3.141.59\selenium-java-3.141.59.jar;C:\Users\Smrmr\.m2\repository\org\seleniumhq\selenium\selenium-api\3.141.59\selenium-api-3.141.59.jar;C:\Users\Smrmr\.m2\repository\org\seleniumhq\selenium\selenium-chrome-driver\3.141.59\selenium-chrome-driver-3.141.59.jar;C:\Users\Smrmr\.m2\repository\org\seleniumhq\selenium\selenium-edge-driver\3.141.59\selenium-edge-driver-3.141.59.jar;C:\Users\Smrmr\.m2\repository\org\seleniumhq\selenium\selenium-firefox-driver\3.141.59\selenium-firefox-driver-3.141.59.jar;C:\Users\Smrmr\.m2\repository\org\seleniumhq\selenium\selenium-ie-driver\3.141.59\selenium-ie-driver-3.141.59.jar;C:\Users\Smrmr\.m2\repository\org\seleniumhq\selenium\selenium-opera-driver\3.141.59\selenium-opera-driver-3.141.59.jar;C:\Users\Smrmr\.m2\repository\org\seleniumhq\selenium\selenium-remote-driver\3.141.59\selenium-remote-driver-3.141.59.jar;C:\Users\Smrmr\.m2\repository\org\seleniumhq\selenium\selenium-safari-driver\3.141.59\selenium-safari-driver-3.141.59.jar;C:\Users\Smrmr\.m2\repository\org\seleniumhq\selenium\selenium-support\3.141.59\seleniu
Launcher Type: SUN_STANDARD

[Global flags]
     intx CICompilerCount                          = 4                                         {product} {ergonomic}
     uint ConcGCThreads                            = 2                                         {product} {ergonomic}
     uint G1ConcRefinementThreads                  = 8                                         {product} {ergonomic}
   size_t G1HeapRegionSize                         = 2097152                                   {product} {ergonomic}
    uintx GCDrainStackTargetSize                   = 64                                        {product} {ergonomic}
   size_t InitialHeapSize                          = 266338304                                 {product} {ergonomic}
   size_t MarkStackSize                            = 4194304                                   {product} {ergonomic}
   size_t MaxHeapSize                              = 4244635648                                {product} {ergonomic}
   size_t MaxNewSize                               = 2545942528                                {product} {ergonomic}
   size_t MinHeapDeltaBytes                        = 2097152                                   {product} {ergonomic}
   size_t MinHeapSize                              = 8388608                                   {product} {ergonomic}
    uintx NonNMethodCodeHeapSize                   = 5839372                                {pd product} {ergonomic}
    uintx NonProfiledCodeHeapSize                  = 122909434                              {pd product} {ergonomic}
    uintx ProfiledCodeHeapSize                     = 122909434                              {pd product} {ergonomic}
    uintx ReservedCodeCacheSize                    = 251658240                              {pd product} {ergonomic}
     bool SegmentedCodeCache                       = true                                      {product} {ergonomic}
     bool ShowCodeDetailsInExceptionMessages       = true                                   {manageable} {command line}
   size_t SoftMaxHeapSize                          = 4244635648                             {manageable} {ergonomic}
     bool UseCompressedClassPointers               = true                                 {lp64_product} {ergonomic}
     bool UseCompressedOops                        = true                                 {lp64_product} {ergonomic}
     bool UseG1GC                                  = true                                      {product} {ergonomic}
     bool UseLargePagesIndividualAllocation        = false                                  {pd product} {ergonomic}

Logging:
Log output configuration:
 #0: stdout all=warning uptime,level,tags
 #1: stderr all=off uptime,level,tags

Environment Variables:
JAVA_HOME=C:\Program Files\Java\jdk-16.0.1
PATH=C:/Users/Smrmr/.p2/pool/plugins/org.eclipse.justj.openjdk.hotspot.jre.full.win32.x86_64_15.0.2.v20210201-0955/jre/bin/server;C:/Users/Smrmr/.p2/pool/plugins/org.eclipse.justj.openjdk.hotspot.jre.full.win32.x86_64_15.0.2.v20210201-0955/jre/bin;C:\Program Files\AdoptOpenJDK\jdk-8.0.292.10-hotspot\bin;C:\Users\Smrmr\AppData\Local\Programs\Python\Python39\Scripts\;C:\Users\Smrmr\AppData\Local\Programs\Python\Python39\;C:\Program Files\Common Files\Oracle\Java\javapath;C:\Program Files (x86)\Common Files\Oracle\Java\javapath;C:\WINDOWS\system32;C:\WINDOWS;C:\WINDOWS\System32\Wbem;C:\WINDOWS\System32\WindowsPowerShell\v1.0\;C:\WINDOWS\System32\OpenSSH\;C:\Program Files (x86)\Microsoft SQL Server\150\DTS\Binn\;C:\Program Files\Azure Data Studio\bin;C:\Program Files\Java\jdk-16.0.1\bin;C:\Program Files (x86)\Microsoft SQL Server\130\DTS\Binn\;C:\Program Files\Microsoft SQL Server\130\DTS\Binn\;C:\Program Files\Microsoft SQL Server\Client SDK\ODBC\130\Tools\Binn\;C:\Program Files (x86)\Microsoft SQL Server\130\Tools\Binn\;C:\Program Files\Microsoft SQL Server\130\Tools\Binn\;C:\Program Files\dotnet\;C:\Program Files\Microsoft SQL Server\Client SDK\ODBC\170\Tools\Binn\;C:\Users\Smrmr\Downloads\platform-tools;C:\Program Files\Git\cmd;C:\Program Files\wkhtmltopdf\bin;C:\Program Files\nodejs\;C:\Program Files\nodejs\node_modules\npm\bin;C:\Users\Smrmr\AppData\Local\Android\Sdk\platform-tools;C:\Users\Smrmr\AppData\Local\Programs\Python\Python39\Scripts\;C:\Users\Smrmr\AppData\Local\Programs\Python\Python39\;C:\Users\Smrmr\AppData\Local\Microsoft\WindowsApps;C:\Program Files\Azure Data Studio\bin;C:\Program Files\TestProject Agent;C:\Users\Smrmr\.dotnet\tools;C:\Users\Smrmr\AppData\Roaming\npm;C:\WINDOWS\System32;
USERNAME=Smrmr
OS=Windows_NT
PROCESSOR_IDENTIFIER=Intel64 Family 6 Model 142 Stepping 12, GenuineIntel



---------------  S Y S T E M  ---------------

OS:
 Windows 10 , 64 bit Build 19041 (10.0.19041.1023)
OS uptime: 17 days 0:35 hours

CPU: total 8 (initial active 8) (4 cores per cpu, 2 threads per core) family 6 model 142 stepping 12 microcode 0xde, cmov, cx8, fxsr, mmx, sse, sse2, sse3, ssse3, sse4.1, sse4.2, popcnt, vzeroupper, avx, avx2, aes, clmul, erms, 3dnowpref, lzcnt, ht, tsc, tscinvbit, bmi1, bmi2, adx, fma, clflush, clflushopt

Memory: 4k page, system-wide physical 16190M (5146M free)
TotalPageFile size 34761M (AvailPageFile size 1M)
current process WorkingSet (physical memory assigned to process): 360M, peak: 360M
current process commit charge ("private bytes"): 415M, peak: 433M

vm_info: OpenJDK 64-Bit Server VM (15.0.2+7-27) for windows-amd64 JRE (15.0.2+7-27), built on Dec  7 2020 20:02:38 by "mach5one" with unknown MS VC++:1925

END.
