#
# There is insufficient memory for the Java Runtime Environment to continue.
# Native memory allocation (mmap) failed to map 18874368 bytes for G1 virtual space
# Possible reasons:
#   The system is out of physical RAM or swap space
#   The process is running with CompressedOops enabled, and the Java Heap may be blocking the growth of the native heap
# Possible solutions:
#   Reduce memory load on the system
#   Increase physical memory or swap space
#   Check if swap backing store is full
#   Decrease Java heap size (-Xmx/-Xms)
#   Decrease number of Java threads
#   Decrease Java thread stack sizes (-Xss)
#   Set larger code cache with -XX:ReservedCodeCacheSize=
#   JVM is running with Zero Based Compressed Oops mode in which the Java heap is
#     placed in the first 32GB address space. The Java Heap base address is the
#     maximum limit for the native heap growth. Please use -XX:HeapBaseMinAddress
#     to set the Java Heap base and to place the Java Heap above 32GB virtual address.
# This output file may be truncated or incomplete.
#
#  Out of Memory Error (./open/src/hotspot/os/windows/os_windows.cpp:3321), pid=34168, tid=33148
#
# JRE version: OpenJDK Runtime Environment (15.0.2+7) (build 15.0.2+7-27)
# Java VM: OpenJDK 64-Bit Server VM (15.0.2+7-27, mixed mode, tiered, compressed oops, g1 gc, windows-amd64)
# No core dump will be written. Minidumps are not enabled by default on client versions of Windows
#

---------------  S U M M A R Y ------------

Command Line: -ea -Dtestng.dtd.http=true -javaagent:C:\Users\Smrmr\.m2\repository/org/aspectj/aspectjweaver/1.9.6/aspectjweaver-1.9.6.jar -Dfile.encoding=Cp1252 -XX:+ShowCodeDetailsInExceptionMessages org.testng.remote.RemoteTestNG -usedefaultlisteners false -listener com.shaft.tools.listeners.AlterSuiteListener,com.shaft.tools.listeners.SuiteListener,com.shaft.tools.listeners.InvokedMethodListener,com.shaft.tools.listeners.CucumberFeatureListener -serport 60708 -protocol json -d C:\Users\Smrmr\eclipse-workspace\Alahlymomknapis\test-output C:\Users\Smrmr\AppData\Local\Temp\testng-eclipse-546904860\testng-customsuite.xml

Host: Intel(R) Core(TM) i7-10510U CPU @ 1.80GHz, 8 cores, 15G,  Windows 10 , 64 bit Build 19041 (10.0.19041.1023)
Time: Thu Jul  1 17:30:09 2021 Egypt Standard Time elapsed time: 8.607859 seconds (0d 0h 0m 8s)

---------------  T H R E A D  ---------------

Current thread (0x000001e44a72c520):  VMThread "VM Thread" [stack: 0x000000d342f00000,0x000000d343000000] [id=33148]

Stack: [0x000000d342f00000,0x000000d343000000]
[error occurred during error reporting (printing stack bounds), id 0xc0000005, EXCEPTION_ACCESS_VIOLATION (0xc0000005) at pc=0x000001e42eaa10ad]

Native frames: (J=compiled Java code, j=interpreted, Vv=VM code, C=native code)
V  [jvm.dll+0x62ae9a]
V  [jvm.dll+0x7817a9]
V  [jvm.dll+0x782f03]
V  [jvm.dll+0x7834c5]
V  [jvm.dll+0x78347b]
V  [jvm.dll+0x62a2b9]
V  [jvm.dll+0x62aa88]
C  [ntdll.dll+0xa217f]
C  [ntdll.dll+0x51454]
C  [ntdll.dll+0xa0cae]
C  0x000001e42eaa10ad

VM_Operation (0x000000d3429f52e0): G1CollectForAllocation, mode: safepoint, requested by thread 0x000001e42b0abb80


---------------  P R O C E S S  ---------------

Threads class SMR info:
_java_thread_list=0x000001e44d286620, length=17, elements={
0x000001e42b0abb80, 0x000001e449e9ac50, 0x000001e449e9d620, 0x000001e449e989d0,
0x000001e449e99290, 0x000001e44a765740, 0x000001e44a76e440, 0x000001e44a7723f0,
0x000001e44a773610, 0x000001e44a88b9b0, 0x000001e44ac3d7a0, 0x000001e44bd83d80,
0x000001e44bd5b050, 0x000001e44e254750, 0x000001e44e1069c0, 0x000001e44d08daa0,
0x000001e44d08df70
}

Java Threads: ( => current thread )
  0x000001e42b0abb80 JavaThread "main" [_thread_blocked, id=37992, stack(0x000000d342900000,0x000000d342a00000)]
  0x000001e449e9ac50 JavaThread "Reference Handler" daemon [_thread_blocked, id=37068, stack(0x000000d343000000,0x000000d343100000)]
  0x000001e449e9d620 JavaThread "Finalizer" daemon [_thread_blocked, id=30404, stack(0x000000d343100000,0x000000d343200000)]
  0x000001e449e989d0 JavaThread "Signal Dispatcher" daemon [_thread_blocked, id=10628, stack(0x000000d343200000,0x000000d343300000)]
  0x000001e449e99290 JavaThread "Attach Listener" daemon [_thread_blocked, id=30920, stack(0x000000d343300000,0x000000d343400000)]
  0x000001e44a765740 JavaThread "Service Thread" daemon [_thread_blocked, id=7184, stack(0x000000d343400000,0x000000d343500000)]
  0x000001e44a76e440 JavaThread "C2 CompilerThread0" daemon [_thread_blocked, id=23560, stack(0x000000d343500000,0x000000d343600000)]
  0x000001e44a7723f0 JavaThread "C1 CompilerThread0" daemon [_thread_blocked, id=7520, stack(0x000000d343600000,0x000000d343700000)]
  0x000001e44a773610 JavaThread "Sweeper thread" daemon [_thread_blocked, id=16196, stack(0x000000d343700000,0x000000d343800000)]
  0x000001e44a88b9b0 JavaThread "Common-Cleaner" daemon [_thread_blocked, id=27544, stack(0x000000d343800000,0x000000d343900000)]
  0x000001e44ac3d7a0 JavaThread "C2 CompilerThread1" daemon [_thread_blocked, id=36928, stack(0x000000d343900000,0x000000d343a00000)]
  0x000001e44bd83d80 JavaThread "C2 CompilerThread2" daemon [_thread_in_native, id=32004, stack(0x000000d343f00000,0x000000d344000000)]
  0x000001e44bd5b050 JavaThread "Notification Thread" daemon [_thread_blocked, id=18828, stack(0x000000d344000000,0x000000d344100000)]
  0x000001e44e254750 JavaThread "ReaderThread" [_thread_in_native, id=38092, stack(0x000000d344300000,0x000000d344400000)]
  0x000001e44e1069c0 JavaThread "ForkJoinPool.commonPool-worker-3" daemon [_thread_blocked, id=17372, stack(0x000000d344500000,0x000000d344600000)]
  0x000001e44d08daa0 JavaThread "ForkJoinPool.commonPool-worker-5" daemon [_thread_blocked, id=37664, stack(0x000000d344600000,0x000000d344700000)]
  0x000001e44d08df70 JavaThread "ForkJoinPool.commonPool-worker-7" daemon [_thread_blocked, id=920, stack(0x000000d344700000,0x000000d344800000)]

Other Threads:
=>0x000001e44a72c520 VMThread "VM Thread" [stack: 0x000000d342f00000,0x000000d343000000] [id=33148]
  0x000001e44b680c60 WatcherThread [stack: 0x000000d344100000,0x000000d344200000] [id=24308]
  0x000001e42b0fbdc0 GCTaskThread "GC Thread#0" [stack: 0x000000d342a00000,0x000000d342b00000] [id=8004]
  0x000001e44b6da8f0 GCTaskThread "GC Thread#1" [stack: 0x000000d343a00000,0x000000d343b00000] [id=35552]
  0x000001e44b6dc270 GCTaskThread "GC Thread#2" [stack: 0x000000d343b00000,0x000000d343c00000] [id=27040]
  0x000001e44b6dc8d0 GCTaskThread "GC Thread#3" [stack: 0x000000d343c00000,0x000000d343d00000] [id=38544]
  0x000001e44b6dcc00 GCTaskThread "GC Thread#4" [stack: 0x000000d343d00000,0x000000d343e00000] [id=1096]
  0x000001e44b6d9c30 GCTaskThread "GC Thread#5" [stack: 0x000000d343e00000,0x000000d343f00000] [id=3296]
  0x000001e42b10d440 ConcurrentGCThread "G1 Main Marker" [stack: 0x000000d342b00000,0x000000d342c00000] [id=24028]
  0x000001e42b10efd0 ConcurrentGCThread "G1 Conc#0" [stack: 0x000000d342c00000,0x000000d342d00000] [id=34260]
  0x000001e44b6da290 ConcurrentGCThread "G1 Conc#1" [stack: 0x000000d344400000,0x000000d344500000] [id=35200]
  0x000001e42b15e820 ConcurrentGCThread "G1 Refine#0" [stack: 0x000000d342d00000,0x000000d342e00000] [id=28848]
  0x000001e449d2f500 ConcurrentGCThread "G1 Young RemSet Sampling" [stack: 0x000000d342e00000,0x000000d342f00000] [id=34628]

Threads with active compile tasks:
C2 CompilerThread0     8619 5521   !   4       org.aspectj.weaver.bcel.BcelObjectType::ensureAspectJAttributesUnpacked (341 bytes)
C1 CompilerThread0     8619 5540       3       groovyjarjarasm.asm.SymbolTable::getType (7 bytes)
C2 CompilerThread1     8619 5511   !   4       org.aspectj.weaver.bcel.BcelObjectType::ensureGenericSignatureUnpacked (427 bytes)
C2 CompilerThread2     8619 5464   !   4       org.aspectj.weaver.bcel.AtAjAttributes::readAj5MethodAttributes (572 bytes)

VM state: at safepoint (normal execution)

VM Mutex/Monitor currently owned by a thread:  ([mutex/lock_event])
[0x000001e42b0a6580] Threads_lock - owner thread: 0x000001e44a72c520
[0x000001e42b0a6610] Heap_lock - owner thread: 0x000001e42b0abb80

Heap address: 0x0000000703000000, size: 4048 MB, Compressed Oops mode: Zero based, Oop shift amount: 3
CDS disabled.
Compressed class space mapped at: 0x0000000800000000-0x0000000840000000, size: 1073741824
Narrow klass base: 0x0000000800000000, Narrow klass shift: 0, Narrow klass range: 0x40000000

GC Precious Log:
 CPUs: 8 total, 8 available
 Memory: 16190M
 Large Page Support: Disabled
 NUMA Support: Disabled
 Compressed Oops: Enabled (Zero based)
 Heap Region Size: 2M
 Heap Min Capacity: 8M
 Heap Initial Capacity: 254M
 Heap Max Capacity: 4048M
 Pre-touch: Disabled
 Parallel Workers: 8
 Concurrent Workers: 2
 Concurrent Refinement Workers: 8
 Periodic GC: Disabled

Heap:
 garbage-first heap   total 186368K, used 75597K [0x0000000703000000, 0x0000000800000000)
  region size 2048K, 4 young (8192K), 4 survivors (8192K)
 Metaspace       used 44588K, capacity 45381K, committed 45520K, reserved 1089536K
  class space    used 4788K, capacity 5143K, committed 5196K, reserved 1048576K

Heap Regions: E=young(eden), S=young(survivor), O=old, HS=humongous(starts), HC=humongous(continues), CS=collection set, F=free, OA=open archive, CA=closed archive, TAMS=top-at-mark-start (previous, next)
|   0|0x0000000703000000, 0x0000000703200000, 0x0000000703200000|100%| O|  |TAMS 0x0000000703200000, 0x0000000703000000| Untracked 
|   1|0x0000000703200000, 0x0000000703400000, 0x0000000703400000|100%| O|  |TAMS 0x0000000703400000, 0x0000000703200000| Untracked 
|   2|0x0000000703400000, 0x0000000703600000, 0x0000000703600000|100%| O|  |TAMS 0x0000000703600000, 0x0000000703400000| Untracked 
|   3|0x0000000703600000, 0x0000000703800000, 0x0000000703800000|100%| O|  |TAMS 0x0000000703800000, 0x0000000703600000| Untracked 
|   4|0x0000000703800000, 0x0000000703a00000, 0x0000000703a00000|100%| O|  |TAMS 0x0000000703a00000, 0x0000000703800000| Untracked 
|   5|0x0000000703a00000, 0x0000000703c00000, 0x0000000703c00000|100%| O|  |TAMS 0x0000000703c00000, 0x0000000703a00000| Untracked 
|   6|0x0000000703c00000, 0x0000000703d31800, 0x0000000703e00000| 59%| O|  |TAMS 0x0000000703d31800, 0x0000000703c00000| Untracked 
|   7|0x0000000703e00000, 0x0000000704000000, 0x0000000704000000|100%| O|  |TAMS 0x0000000704000000, 0x0000000703e00000| Untracked 
|   8|0x0000000704000000, 0x0000000704200000, 0x0000000704200000|100%| O|  |TAMS 0x0000000704200000, 0x0000000704000000| Untracked 
|   9|0x0000000704200000, 0x0000000704400000, 0x0000000704400000|100%| O|  |TAMS 0x0000000704400000, 0x0000000704200000| Untracked 
|  10|0x0000000704400000, 0x0000000704600000, 0x0000000704600000|100%| O|  |TAMS 0x0000000704600000, 0x0000000704400000| Untracked 
|  11|0x0000000704600000, 0x0000000704800000, 0x0000000704800000|100%| O|  |TAMS 0x0000000704800000, 0x0000000704600000| Untracked 
|  12|0x0000000704800000, 0x0000000704a00000, 0x0000000704a00000|100%| O|  |TAMS 0x0000000704a00000, 0x0000000704800000| Untracked 
|  13|0x0000000704a00000, 0x0000000704c00000, 0x0000000704c00000|100%| O|  |TAMS 0x0000000704c00000, 0x0000000704a00000| Untracked 
|  14|0x0000000704c00000, 0x0000000704e00000, 0x0000000704e00000|100%| O|  |TAMS 0x0000000704e00000, 0x0000000704c00000| Untracked 
|  15|0x0000000704e00000, 0x0000000705000000, 0x0000000705000000|100%| O|  |TAMS 0x0000000705000000, 0x0000000704e00000| Untracked 
|  16|0x0000000705000000, 0x0000000705200000, 0x0000000705200000|100%| O|  |TAMS 0x0000000705200000, 0x0000000705000000| Untracked 
|  17|0x0000000705200000, 0x0000000705400000, 0x0000000705400000|100%| O|  |TAMS 0x0000000705400000, 0x0000000705200000| Untracked 
|  18|0x0000000705400000, 0x0000000705600000, 0x0000000705600000|100%| O|  |TAMS 0x0000000705600000, 0x0000000705400000| Untracked 
|  19|0x0000000705600000, 0x0000000705800000, 0x0000000705800000|100%| O|  |TAMS 0x0000000705800000, 0x0000000705600000| Untracked 
|  20|0x0000000705800000, 0x0000000705a00000, 0x0000000705a00000|100%| O|  |TAMS 0x0000000705a00000, 0x0000000705800000| Untracked 
|  21|0x0000000705a00000, 0x0000000705c00000, 0x0000000705c00000|100%| O|  |TAMS 0x0000000705c00000, 0x0000000705a00000| Untracked 
|  22|0x0000000705c00000, 0x0000000705e00000, 0x0000000705e00000|100%| O|  |TAMS 0x0000000705e00000, 0x0000000705c00000| Untracked 
|  23|0x0000000705e00000, 0x0000000706000000, 0x0000000706000000|100%| O|  |TAMS 0x0000000706000000, 0x0000000705e00000| Untracked 
|  24|0x0000000706000000, 0x0000000706200000, 0x0000000706200000|100%| O|  |TAMS 0x0000000706200000, 0x0000000706000000| Untracked 
|  25|0x0000000706200000, 0x0000000706400000, 0x0000000706400000|100%| O|  |TAMS 0x0000000706200000, 0x0000000706200000| Untracked 
|  26|0x0000000706400000, 0x0000000706600000, 0x0000000706600000|100%| O|  |TAMS 0x0000000706400000, 0x0000000706400000| Untracked 
|  27|0x0000000706600000, 0x0000000706800000, 0x0000000706800000|100%| O|  |TAMS 0x0000000706600000, 0x0000000706600000| Untracked 
|  28|0x0000000706800000, 0x0000000706a00000, 0x0000000706a00000|100%| O|  |TAMS 0x0000000706800000, 0x0000000706800000| Untracked 
|  29|0x0000000706a00000, 0x0000000706c00000, 0x0000000706c00000|100%| O|  |TAMS 0x0000000706a00000, 0x0000000706a00000| Untracked 
|  30|0x0000000706c00000, 0x0000000706e00000, 0x0000000706e00000|100%| O|  |TAMS 0x0000000706c00000, 0x0000000706c00000| Untracked 
|  31|0x0000000706e00000, 0x0000000707000000, 0x0000000707000000|100%| O|  |TAMS 0x0000000706e00000, 0x0000000706e00000| Untracked 
|  32|0x0000000707000000, 0x0000000707200000, 0x0000000707200000|100%| O|  |TAMS 0x0000000707000000, 0x0000000707000000| Untracked 
|  33|0x0000000707200000, 0x0000000707400000, 0x0000000707400000|100%| O|  |TAMS 0x0000000707200000, 0x0000000707200000| Untracked 
|  34|0x0000000707400000, 0x0000000707400000, 0x0000000707600000|  0%| F|  |TAMS 0x0000000707400000, 0x0000000707400000| Untracked 
|  35|0x0000000707600000, 0x0000000707600000, 0x0000000707800000|  0%| F|  |TAMS 0x0000000707600000, 0x0000000707600000| Untracked 
|  36|0x0000000707800000, 0x0000000707800000, 0x0000000707a00000|  0%| F|  |TAMS 0x0000000707800000, 0x0000000707800000| Untracked 
|  37|0x0000000707a00000, 0x0000000707a00000, 0x0000000707c00000|  0%| F|  |TAMS 0x0000000707a00000, 0x0000000707a00000| Untracked 
|  38|0x0000000707c00000, 0x0000000707c00000, 0x0000000707e00000|  0%| F|  |TAMS 0x0000000707c00000, 0x0000000707c00000| Untracked 
|  39|0x0000000707e00000, 0x0000000707e00000, 0x0000000708000000|  0%| F|  |TAMS 0x0000000707e00000, 0x0000000707e00000| Untracked 
|  40|0x0000000708000000, 0x0000000708000000, 0x0000000708200000|  0%| F|  |TAMS 0x0000000708000000, 0x0000000708000000| Untracked 
|  41|0x0000000708200000, 0x0000000708200000, 0x0000000708400000|  0%| F|  |TAMS 0x0000000708200000, 0x0000000708200000| Untracked 
|  42|0x0000000708400000, 0x0000000708400000, 0x0000000708600000|  0%| F|  |TAMS 0x0000000708400000, 0x0000000708400000| Untracked 
|  43|0x0000000708600000, 0x0000000708600000, 0x0000000708800000|  0%| F|  |TAMS 0x0000000708600000, 0x0000000708600000| Untracked 
|  44|0x0000000708800000, 0x0000000708800000, 0x0000000708a00000|  0%| F|  |TAMS 0x0000000708800000, 0x0000000708800000| Untracked 
|  45|0x0000000708a00000, 0x0000000708a00000, 0x0000000708c00000|  0%| F|  |TAMS 0x0000000708a00000, 0x0000000708a00000| Untracked 
|  46|0x0000000708c00000, 0x0000000708c00000, 0x0000000708e00000|  0%| F|  |TAMS 0x0000000708c00000, 0x0000000708c00000| Untracked 
|  47|0x0000000708e00000, 0x0000000708ea1f70, 0x0000000709000000| 31%| S|CS|TAMS 0x0000000708e00000, 0x0000000708e00000| Complete 
|  48|0x0000000709000000, 0x0000000709000000, 0x0000000709200000|  0%| F|  |TAMS 0x0000000709000000, 0x0000000709000000| Untracked 
|  49|0x0000000709200000, 0x0000000709200000, 0x0000000709400000|  0%| F|  |TAMS 0x0000000709200000, 0x0000000709200000| Untracked 
|  50|0x0000000709400000, 0x0000000709600000, 0x0000000709600000|100%| S|CS|TAMS 0x0000000709400000, 0x0000000709400000| Complete 
|  51|0x0000000709600000, 0x0000000709800000, 0x0000000709800000|100%| S|CS|TAMS 0x0000000709600000, 0x0000000709600000| Complete 
|  52|0x0000000709800000, 0x0000000709a00000, 0x0000000709a00000|100%| S|CS|TAMS 0x0000000709800000, 0x0000000709800000| Complete 
|  53|0x0000000709a00000, 0x0000000709a00000, 0x0000000709c00000|  0%| F|  |TAMS 0x0000000709a00000, 0x0000000709a00000| Untracked 
|  54|0x0000000709c00000, 0x0000000709c00000, 0x0000000709e00000|  0%| F|  |TAMS 0x0000000709c00000, 0x0000000709c00000| Untracked 
|  55|0x0000000709e00000, 0x0000000709e00000, 0x000000070a000000|  0%| F|  |TAMS 0x0000000709e00000, 0x0000000709e00000| Untracked 
|  56|0x000000070a000000, 0x000000070a000000, 0x000000070a200000|  0%| F|  |TAMS 0x000000070a000000, 0x000000070a000000| Untracked 
|  57|0x000000070a200000, 0x000000070a200000, 0x000000070a400000|  0%| F|  |TAMS 0x000000070a200000, 0x000000070a200000| Untracked 
|  58|0x000000070a400000, 0x000000070a400000, 0x000000070a600000|  0%| F|  |TAMS 0x000000070a400000, 0x000000070a400000| Untracked 
|  59|0x000000070a600000, 0x000000070a600000, 0x000000070a800000|  0%| F|  |TAMS 0x000000070a600000, 0x000000070a600000| Untracked 
|  60|0x000000070a800000, 0x000000070a800000, 0x000000070aa00000|  0%| F|  |TAMS 0x000000070a800000, 0x000000070a800000| Untracked 
|  61|0x000000070aa00000, 0x000000070aa00000, 0x000000070ac00000|  0%| F|  |TAMS 0x000000070aa00000, 0x000000070aa00000| Untracked 
|  62|0x000000070ac00000, 0x000000070ac00000, 0x000000070ae00000|  0%| F|  |TAMS 0x000000070ac00000, 0x000000070ac00000| Untracked 
|  63|0x000000070ae00000, 0x000000070ae00000, 0x000000070b000000|  0%| F|  |TAMS 0x000000070ae00000, 0x000000070ae00000| Untracked 
|  64|0x000000070b000000, 0x000000070b000000, 0x000000070b200000|  0%| F|  |TAMS 0x000000070b000000, 0x000000070b000000| Untracked 
|  65|0x000000070b200000, 0x000000070b200000, 0x000000070b400000|  0%| F|  |TAMS 0x000000070b200000, 0x000000070b200000| Untracked 
|  66|0x000000070b400000, 0x000000070b400000, 0x000000070b600000|  0%| F|  |TAMS 0x000000070b400000, 0x000000070b400000| Untracked 
|  67|0x000000070b600000, 0x000000070b600000, 0x000000070b800000|  0%| F|  |TAMS 0x000000070b600000, 0x000000070b600000| Untracked 
|  68|0x000000070b800000, 0x000000070b800000, 0x000000070ba00000|  0%| F|  |TAMS 0x000000070b800000, 0x000000070b800000| Untracked 
|  69|0x000000070ba00000, 0x000000070ba00000, 0x000000070bc00000|  0%| F|  |TAMS 0x000000070ba00000, 0x000000070ba00000| Untracked 
|  70|0x000000070bc00000, 0x000000070bc00000, 0x000000070be00000|  0%| F|  |TAMS 0x000000070bc00000, 0x000000070bc00000| Untracked 
|  71|0x000000070be00000, 0x000000070be00000, 0x000000070c000000|  0%| F|  |TAMS 0x000000070be00000, 0x000000070be00000| Untracked 
|  72|0x000000070c000000, 0x000000070c000000, 0x000000070c200000|  0%| F|  |TAMS 0x000000070c000000, 0x000000070c000000| Untracked 
|  82|0x000000070d400000, 0x000000070d400000, 0x000000070d600000|  0%| F|  |TAMS 0x000000070d400000, 0x000000070d400000| Untracked 
|  83|0x000000070d600000, 0x000000070d600000, 0x000000070d800000|  0%| F|  |TAMS 0x000000070d600000, 0x000000070d600000| Untracked 
|  84|0x000000070d800000, 0x000000070d800000, 0x000000070da00000|  0%| F|  |TAMS 0x000000070d800000, 0x000000070d800000| Untracked 
|  85|0x000000070da00000, 0x000000070da00000, 0x000000070dc00000|  0%| F|  |TAMS 0x000000070da00000, 0x000000070da00000| Untracked 
|  86|0x000000070dc00000, 0x000000070dc00000, 0x000000070de00000|  0%| F|  |TAMS 0x000000070dc00000, 0x000000070dc00000| Untracked 
|  87|0x000000070de00000, 0x000000070de00000, 0x000000070e000000|  0%| F|  |TAMS 0x000000070de00000, 0x000000070de00000| Untracked 
|  88|0x000000070e000000, 0x000000070e000000, 0x000000070e200000|  0%| F|  |TAMS 0x000000070e000000, 0x000000070e000000| Untracked 
| 125|0x0000000712a00000, 0x0000000712a00000, 0x0000000712c00000|  0%| F|  |TAMS 0x0000000712a00000, 0x0000000712a00000| Untracked 
| 126|0x0000000712c00000, 0x0000000712c00000, 0x0000000712e00000|  0%| F|  |TAMS 0x0000000712c00000, 0x0000000712c00000| Untracked 

Card table byte_map: [0x000001e43e5c0000,0x000001e43edb0000] _byte_map_base: 0x000001e43ada8000

Marking Bits (Prev, Next): (CMBitMap*) 0x000001e42b0fc540, (CMBitMap*) 0x000001e42b0fc580
 Prev Bits: [0x000001e43f5a0000, 0x000001e4434e0000)
 Next Bits: [0x000001e4434e0000, 0x000001e447420000)

Polling page: 0x000001e429220000

Metaspace:

Usage:
  Non-class:     39.29 MB capacity,    38.87 MB ( 99%) used,   374.64 KB ( <1%) free+waste,    62.75 KB ( <1%) overhead. 
      Class:      5.02 MB capacity,     4.68 MB ( 93%) used,   328.75 KB (  6%) free+waste,    26.12 KB ( <1%) overhead. 
       Both:     44.32 MB capacity,    43.54 MB ( 98%) used,   703.39 KB (  2%) free+waste,    88.88 KB ( <1%) overhead. 

Virtual space:
  Non-class space:       40.00 MB reserved,      39.38 MB ( 98%) committed 
      Class space:        1.00 GB reserved,       5.07 MB ( <1%) committed 
             Both:        1.04 GB reserved,      44.45 MB (  4%) committed 

Chunk freelists:
   Non-Class:  22.00 KB
       Class:  9.00 KB
        Both:  31.00 KB

MaxMetaspaceSize: 17179869184.00 GB
CompressedClassSpaceSize: 1.00 GB

CodeHeap 'non-profiled nmethods': size=120000Kb used=3384Kb max_used=3384Kb free=116615Kb
 bounds [0x000001e436570000, 0x000001e4368c0000, 0x000001e43daa0000]
CodeHeap 'profiled nmethods': size=120000Kb used=10027Kb max_used=10027Kb free=109972Kb
 bounds [0x000001e42f040000, 0x000001e42fa10000, 0x000001e436570000]
CodeHeap 'non-nmethods': size=5760Kb used=2324Kb max_used=2426Kb free=3435Kb
 bounds [0x000001e42eaa0000, 0x000001e42ed10000, 0x000001e42f040000]
 total_blobs=5678 nmethods=4879 adapters=711
 compilation: enabled
              stopped_count=0, restarted_count=0
 full_count=0

Compilation events (20 events):
Event: 8.572 Thread 0x000001e44a7723f0 nmethod 5529 0x000001e42fa01210 code [0x000001e42fa018e0, 0x000001e42fa04248]
Event: 8.572 Thread 0x000001e44a7723f0 5531       3       org.codehaus.groovy.runtime.InvokerHelper::getMetaClass (28 bytes)
Event: 8.573 Thread 0x000001e44a7723f0 nmethod 5531 0x000001e42fa05590 code [0x000001e42fa05800, 0x000001e42fa06628]
Event: 8.573 Thread 0x000001e44a7723f0 5532       3       org.codehaus.groovy.runtime.metaclass.MetaClassRegistryImpl::getMetaClass (12 bytes)
Event: 8.574 Thread 0x000001e44a7723f0 nmethod 5532 0x000001e42fa06a10 code [0x000001e42fa06c40, 0x000001e42fa07678]
Event: 8.578 Thread 0x000001e44a7723f0 5534       3       org.codehaus.groovy.reflection.CachedMethod::getParamsCount (6 bytes)
Event: 8.579 Thread 0x000001e44a7723f0 nmethod 5534 0x000001e42fa07a10 code [0x000001e42fa07bc0, 0x000001e42fa07e28]
Event: 8.581 Thread 0x000001e44a7723f0 5535       1       groovy.lang.Tuple2::getV1 (5 bytes)
Event: 8.581 Thread 0x000001e44a7723f0 nmethod 5535 0x000001e4368bda90 code [0x000001e4368bdc20, 0x000001e4368bdcd8]
Event: 8.581 Thread 0x000001e44a7723f0 5536       1       groovy.lang.Tuple2::getV2 (5 bytes)
Event: 8.581 Thread 0x000001e44a7723f0 nmethod 5536 0x000001e4368bdd90 code [0x000001e4368bdf20, 0x000001e4368bdfd8]
Event: 8.586 Thread 0x000001e44a7723f0 5537       3       groovyjarjarasm.asm.Label::addForwardReference (102 bytes)
Event: 8.586 Thread 0x000001e44a7723f0 nmethod 5537 0x000001e42fa07f10 code [0x000001e42fa080e0, 0x000001e42fa08608]
Event: 8.586 Thread 0x000001e44a7723f0 5538       3       groovyjarjarasm.asm.MethodWriter::visitTryCatchBlock (67 bytes)
Event: 8.587 Thread 0x000001e44a7723f0 nmethod 5538 0x000001e42fa08810 code [0x000001e42fa08a00, 0x000001e42fa090e8]
Event: 8.587 Thread 0x000001e44a7723f0 5541       3       org.codehaus.groovy.classgen.asm.BytecodeHelper::getMethodDescriptor (76 bytes)
Event: 8.588 Thread 0x000001e44a7723f0 nmethod 5541 0x000001e42fa09310 code [0x000001e42fa095e0, 0x000001e42fa0a188]
Event: 8.588 Thread 0x000001e44a7723f0 5539       3       groovyjarjarasm.asm.Handler::<init> (32 bytes)
Event: 8.588 Thread 0x000001e44a7723f0 nmethod 5539 0x000001e42fa0a710 code [0x000001e42fa0a8c0, 0x000001e42fa0abb8]
Event: 8.588 Thread 0x000001e44a7723f0 5540       3       groovyjarjarasm.asm.SymbolTable::getType (7 bytes)

GC Heap History (20 events):
Event: 1.415 GC heap after
{Heap after GC invocations=3 (full 0):
 garbage-first heap   total 260096K, used 19119K [0x0000000703000000, 0x0000000800000000)
  region size 2048K, 3 young (6144K), 3 survivors (6144K)
 Metaspace       used 17154K, capacity 17298K, committed 17536K, reserved 1064960K
  class space    used 1534K, capacity 1580K, committed 1664K, reserved 1048576K
}
Event: 2.050 GC heap before
{Heap before GC invocations=3 (full 0):
 garbage-first heap   total 260096K, used 88751K [0x0000000703000000, 0x0000000800000000)
  region size 2048K, 38 young (77824K), 3 survivors (6144K)
 Metaspace       used 21105K, capacity 21202K, committed 21296K, reserved 1069056K
  class space    used 1878K, capacity 1900K, committed 1920K, reserved 1048576K
}
Event: 2.063 GC heap after
{Heap after GC invocations=4 (full 0):
 garbage-first heap   total 260096K, used 27846K [0x0000000703000000, 0x0000000800000000)
  region size 2048K, 7 young (14336K), 7 survivors (14336K)
 Metaspace       used 21105K, capacity 21202K, committed 21296K, reserved 1069056K
  class space    used 1878K, capacity 1900K, committed 1920K, reserved 1048576K
}
Event: 3.028 GC heap before
{Heap before GC invocations=5 (full 0):
 garbage-first heap   total 110592K, used 79046K [0x0000000703000000, 0x0000000800000000)
  region size 2048K, 32 young (65536K), 7 survivors (14336K)
 Metaspace       used 24343K, capacity 24538K, committed 24828K, reserved 1071104K
  class space    used 2214K, capacity 2261K, committed 2380K, reserved 1048576K
}
Event: 3.050 GC heap after
{Heap after GC invocations=6 (full 0):
 garbage-first heap   total 133120K, used 33255K [0x0000000703000000, 0x0000000800000000)
  region size 2048K, 3 young (6144K), 3 survivors (6144K)
 Metaspace       used 24343K, capacity 24538K, committed 24828K, reserved 1071104K
  class space    used 2214K, capacity 2261K, committed 2380K, reserved 1048576K
}
Event: 3.842 GC heap before
{Heap before GC invocations=6 (full 0):
 garbage-first heap   total 133120K, used 86503K [0x0000000703000000, 0x0000000800000000)
  region size 2048K, 29 young (59392K), 3 survivors (6144K)
 Metaspace       used 26527K, capacity 26800K, committed 26876K, reserved 1073152K
  class space    used 2475K, capacity 2567K, committed 2636K, reserved 1048576K
}
Event: 3.857 GC heap after
{Heap after GC invocations=7 (full 0):
 garbage-first heap   total 133120K, used 40413K [0x0000000703000000, 0x0000000800000000)
  region size 2048K, 4 young (8192K), 4 survivors (8192K)
 Metaspace       used 26527K, capacity 26800K, committed 26876K, reserved 1073152K
  class space    used 2475K, capacity 2567K, committed 2636K, reserved 1048576K
}
Event: 4.586 GC heap before
{Heap before GC invocations=7 (full 0):
 garbage-first heap   total 133120K, used 89565K [0x0000000703000000, 0x0000000800000000)
  region size 2048K, 29 young (59392K), 4 survivors (8192K)
 Metaspace       used 29712K, capacity 29968K, committed 30076K, reserved 1077248K
  class space    used 3111K, capacity 3175K, committed 3276K, reserved 1048576K
}
Event: 4.601 GC heap after
{Heap after GC invocations=8 (full 0):
 garbage-first heap   total 133120K, used 44848K [0x0000000703000000, 0x0000000800000000)
  region size 2048K, 3 young (6144K), 3 survivors (6144K)
 Metaspace       used 29712K, capacity 29968K, committed 30076K, reserved 1077248K
  class space    used 3111K, capacity 3175K, committed 3276K, reserved 1048576K
}
Event: 5.367 GC heap before
{Heap before GC invocations=8 (full 0):
 garbage-first heap   total 133120K, used 94000K [0x0000000703000000, 0x0000000800000000)
  region size 2048K, 28 young (57344K), 3 survivors (6144K)
 Metaspace       used 33088K, capacity 33476K, committed 33532K, reserved 1079296K
  class space    used 3522K, capacity 3633K, committed 3660K, reserved 1048576K
}
Event: 5.380 GC heap after
{Heap after GC invocations=9 (full 0):
 garbage-first heap   total 133120K, used 50840K [0x0000000703000000, 0x0000000800000000)
  region size 2048K, 3 young (6144K), 3 survivors (6144K)
 Metaspace       used 33088K, capacity 33476K, committed 33532K, reserved 1079296K
  class space    used 3522K, capacity 3633K, committed 3660K, reserved 1048576K
}
Event: 5.967 GC heap before
{Heap before GC invocations=9 (full 0):
 garbage-first heap   total 133120K, used 95896K [0x0000000703000000, 0x0000000800000000)
  region size 2048K, 26 young (53248K), 3 survivors (6144K)
 Metaspace       used 35469K, capacity 35854K, committed 36048K, reserved 1081344K
  class space    used 3745K, capacity 3871K, committed 3916K, reserved 1048576K
}
Event: 5.982 GC heap after
{Heap after GC invocations=10 (full 0):
 garbage-first heap   total 167936K, used 56518K [0x0000000703000000, 0x0000000800000000)
  region size 2048K, 3 young (6144K), 3 survivors (6144K)
 Metaspace       used 35469K, capacity 35854K, committed 36048K, reserved 1081344K
  class space    used 3745K, capacity 3871K, committed 3916K, reserved 1048576K
}
Event: 6.027 GC heap before
{Heap before GC invocations=10 (full 0):
 garbage-first heap   total 167936K, used 58566K [0x0000000703000000, 0x0000000800000000)
  region size 2048K, 5 young (10240K), 3 survivors (6144K)
 Metaspace       used 35679K, capacity 35982K, committed 36048K, reserved 1081344K
  class space    used 3769K, capacity 3871K, committed 3916K, reserved 1048576K
}
Event: 6.036 GC heap after
{Heap after GC invocations=11 (full 0):
 garbage-first heap   total 167936K, used 57358K [0x0000000703000000, 0x0000000800000000)
  region size 2048K, 1 young (2048K), 1 survivors (2048K)
 Metaspace       used 35679K, capacity 35982K, committed 36048K, reserved 1081344K
  class space    used 3769K, capacity 3871K, committed 3916K, reserved 1048576K
}
Event: 6.809 GC heap before
{Heap before GC invocations=12 (full 0):
 garbage-first heap   total 167936K, used 126990K [0x0000000703000000, 0x0000000800000000)
  region size 2048K, 34 young (69632K), 1 survivors (2048K)
 Metaspace       used 38901K, capacity 39209K, committed 39376K, reserved 1085440K
  class space    used 4028K, capacity 4135K, committed 4172K, reserved 1048576K
}
Event: 6.816 GC heap after
{Heap after GC invocations=13 (full 0):
 garbage-first heap   total 167936K, used 61812K [0x0000000703000000, 0x0000000800000000)
  region size 2048K, 3 young (6144K), 3 survivors (6144K)
 Metaspace       used 38901K, capacity 39209K, committed 39376K, reserved 1085440K
  class space    used 4028K, capacity 4135K, committed 4172K, reserved 1048576K
}
Event: 7.796 GC heap before
{Heap before GC invocations=13 (full 0):
 garbage-first heap   total 167936K, used 127348K [0x0000000703000000, 0x0000000800000000)
  region size 2048K, 35 young (71680K), 3 survivors (6144K)
 Metaspace       used 41245K, capacity 41876K, committed 42192K, reserved 1087488K
  class space    used 4360K, capacity 4584K, committed 4684K, reserved 1048576K
}
Event: 7.811 GC heap after
{Heap after GC invocations=14 (full 0):
 garbage-first heap   total 167936K, used 68804K [0x0000000703000000, 0x0000000800000000)
  region size 2048K, 4 young (8192K), 4 survivors (8192K)
 Metaspace       used 41245K, capacity 41876K, committed 42192K, reserved 1087488K
  class space    used 4360K, capacity 4584K, committed 4684K, reserved 1048576K
}
Event: 8.588 GC heap before
{Heap before GC invocations=14 (full 0):
 garbage-first heap   total 167936K, used 128196K [0x0000000703000000, 0x0000000800000000)
  region size 2048K, 33 young (67584K), 4 survivors (8192K)
 Metaspace       used 44588K, capacity 45381K, committed 45520K, reserved 1089536K
  class space    used 4788K, capacity 5143K, committed 5196K, reserved 1048576K
}

Deoptimization events (20 events):
Event: 8.424 Thread 0x000001e42b0abb80 Uncommon trap: trap_request=0xffffff45 fr.pc=0x000001e4368988f0 relative=0x0000000000002cb0
Event: 8.424 Thread 0x000001e42b0abb80 Uncommon trap: reason=unstable_if action=reinterpret pc=0x000001e4368988f0 method=groovyjarjarasm.asm.Frame.execute(IILgroovyjarjarasm/asm/Symbol;Lgroovyjarjarasm/asm/SymbolTable;)V @ 2260 c2
Event: 8.424 Thread 0x000001e42b0abb80 DEOPT PACKING pc=0x000001e4368988f0 sp=0x000000d3429f7870
Event: 8.424 Thread 0x000001e42b0abb80 DEOPT UNPACKING pc=0x000001e42eaee42f sp=0x000000d3429f7810 mode 2
Event: 8.440 Thread 0x000001e42b0abb80 Uncommon trap: trap_request=0xffffffbe fr.pc=0x000001e4368a8d80 relative=0x0000000000000260
Event: 8.440 Thread 0x000001e42b0abb80 Uncommon trap: reason=profile_predicate action=maybe_recompile pc=0x000001e4368a8d80 method=java.util.HashMap.valuesToArray([Ljava/lang/Object;)[Ljava/lang/Object; @ 48 c2
Event: 8.440 Thread 0x000001e42b0abb80 DEOPT PACKING pc=0x000001e4368a8d80 sp=0x000000d3429f7740
Event: 8.440 Thread 0x000001e42b0abb80 DEOPT UNPACKING pc=0x000001e42eaee42f sp=0x000000d3429f76f8 mode 2
Event: 8.477 Thread 0x000001e42b0abb80 DEOPT PACKING pc=0x000001e42f8633bc sp=0x000000d3429f6730
Event: 8.477 Thread 0x000001e42b0abb80 DEOPT UNPACKING pc=0x000001e42eaee23f sp=0x000000d3429f5c18 mode 0
Event: 8.481 Thread 0x000001e42b0abb80 Uncommon trap: trap_request=0xffffffbe fr.pc=0x000001e4368a8d80 relative=0x0000000000000260
Event: 8.481 Thread 0x000001e42b0abb80 Uncommon trap: reason=profile_predicate action=maybe_recompile pc=0x000001e4368a8d80 method=java.util.HashMap.valuesToArray([Ljava/lang/Object;)[Ljava/lang/Object; @ 48 c2
Event: 8.481 Thread 0x000001e42b0abb80 DEOPT PACKING pc=0x000001e4368a8d80 sp=0x000000d3429f7360
Event: 8.481 Thread 0x000001e42b0abb80 DEOPT UNPACKING pc=0x000001e42eaee42f sp=0x000000d3429f7318 mode 2
Event: 8.497 Thread 0x000001e42b0abb80 DEOPT PACKING pc=0x000001e42f8eb77b sp=0x000000d3429f79f0
Event: 8.497 Thread 0x000001e42b0abb80 DEOPT UNPACKING pc=0x000001e42eaee23f sp=0x000000d3429f6ea0 mode 0
Event: 8.555 Thread 0x000001e42b0abb80 Uncommon trap: trap_request=0xffffffd6 fr.pc=0x000001e4368bad00 relative=0x00000000000004e0
Event: 8.556 Thread 0x000001e42b0abb80 Uncommon trap: reason=array_check action=maybe_recompile pc=0x000001e4368bad00 method=java.util.HashMap.valuesToArray([Ljava/lang/Object;)[Ljava/lang/Object; @ 62 c2
Event: 8.556 Thread 0x000001e42b0abb80 DEOPT PACKING pc=0x000001e4368bad00 sp=0x000000d3429f9560
Event: 8.556 Thread 0x000001e42b0abb80 DEOPT UNPACKING pc=0x000001e42eaee42f sp=0x000000d3429f9508 mode 2

Classes unloaded (0 events):
No events

Classes redefined (0 events):
No events

Internal exceptions (20 events):
Event: 8.546 Thread 0x000001e42b0abb80 Exception <a 'java/lang/ArrayIndexOutOfBoundsException'{0x0000000709d9f0f0}> (0x0000000709d9f0f0) 
thrown [./open/src/hotspot/share/runtime/sharedRuntime.cpp, line 585]
Event: 8.547 Thread 0x000001e42b0abb80 Exception <a 'java/lang/ArrayIndexOutOfBoundsException'{0x0000000709daffb8}> (0x0000000709daffb8) 
thrown [./open/src/hotspot/share/runtime/sharedRuntime.cpp, line 585]
Event: 8.547 Thread 0x000001e42b0abb80 Exception <a 'java/lang/ArrayIndexOutOfBoundsException'{0x0000000709db0d78}> (0x0000000709db0d78) 
thrown [./open/src/hotspot/share/runtime/sharedRuntime.cpp, line 585]
Event: 8.548 Thread 0x000001e42b0abb80 Exception <a 'java/lang/ArrayIndexOutOfBoundsException'{0x0000000709db2760}> (0x0000000709db2760) 
thrown [./open/src/hotspot/share/runtime/sharedRuntime.cpp, line 585]
Event: 8.548 Thread 0x000001e42b0abb80 Exception <a 'java/lang/ArrayIndexOutOfBoundsException'{0x0000000709db3520}> (0x0000000709db3520) 
thrown [./open/src/hotspot/share/runtime/sharedRuntime.cpp, line 585]
Event: 8.548 Thread 0x000001e42b0abb80 Exception <a 'java/lang/ArrayIndexOutOfBoundsException'{0x0000000709db88b0}> (0x0000000709db88b0) 
thrown [./open/src/hotspot/share/runtime/sharedRuntime.cpp, line 585]
Event: 8.555 Thread 0x000001e42b0abb80 Exception <a 'java/lang/ClassNotFoundException'{0x0000000709a01d38}: groovy/lang/GroovyObjectBeanInfo> (0x0000000709a01d38) 
thrown [./open/src/hotspot/share/classfile/systemDictionary.cpp, line 295]
Event: 8.555 Thread 0x000001e42b0abb80 Exception <a 'java/lang/ClassNotFoundException'{0x0000000709a128b0}: groovy/lang/GroovyObjectCustomizer> (0x0000000709a128b0) 
thrown [./open/src/hotspot/share/classfile/systemDictionary.cpp, line 295]
Event: 8.561 Thread 0x000001e42b0abb80 Exception <a 'java/lang/ArrayIndexOutOfBoundsException'{0x0000000709a68298}> (0x0000000709a68298) 
thrown [./open/src/hotspot/share/runtime/sharedRuntime.cpp, line 585]
Event: 8.562 Thread 0x000001e42b0abb80 Exception <a 'java/lang/ArrayIndexOutOfBoundsException'{0x0000000709a69058}> (0x0000000709a69058) 
thrown [./open/src/hotspot/share/runtime/sharedRuntime.cpp, line 585]
Event: 8.562 Thread 0x000001e42b0abb80 Exception <a 'java/lang/ArrayIndexOutOfBoundsException'{0x0000000709a6aa40}> (0x0000000709a6aa40) 
thrown [./open/src/hotspot/share/runtime/sharedRuntime.cpp, line 585]
Event: 8.562 Thread 0x000001e42b0abb80 Exception <a 'java/lang/ArrayIndexOutOfBoundsException'{0x0000000709a6b800}> (0x0000000709a6b800) 
thrown [./open/src/hotspot/share/runtime/sharedRuntime.cpp, line 585]
Event: 8.562 Thread 0x000001e42b0abb80 Exception <a 'java/lang/ArrayIndexOutOfBoundsException'{0x0000000709a724d0}> (0x0000000709a724d0) 
thrown [./open/src/hotspot/share/runtime/sharedRuntime.cpp, line 585]
Event: 8.562 Thread 0x000001e42b0abb80 Exception <a 'java/lang/ArrayIndexOutOfBoundsException'{0x0000000709a75a88}> (0x0000000709a75a88) 
thrown [./open/src/hotspot/share/runtime/sharedRuntime.cpp, line 585]
Event: 8.563 Thread 0x000001e42b0abb80 Exception <a 'java/lang/ArrayIndexOutOfBoundsException'{0x0000000709a78c98}> (0x0000000709a78c98) 
thrown [./open/src/hotspot/share/runtime/sharedRuntime.cpp, line 585]
Event: 8.564 Thread 0x000001e42b0abb80 Exception <a 'java/lang/ArrayIndexOutOfBoundsException'{0x0000000709a89b60}> (0x0000000709a89b60) 
thrown [./open/src/hotspot/share/runtime/sharedRuntime.cpp, line 585]
Event: 8.564 Thread 0x000001e42b0abb80 Exception <a 'java/lang/ArrayIndexOutOfBoundsException'{0x0000000709a8a920}> (0x0000000709a8a920) 
thrown [./open/src/hotspot/share/runtime/sharedRuntime.cpp, line 585]
Event: 8.564 Thread 0x000001e42b0abb80 Exception <a 'java/lang/ArrayIndexOutOfBoundsException'{0x0000000709a8c308}> (0x0000000709a8c308) 
thrown [./open/src/hotspot/share/runtime/sharedRuntime.cpp, line 585]
Event: 8.564 Thread 0x000001e42b0abb80 Exception <a 'java/lang/ArrayIndexOutOfBoundsException'{0x0000000709a8d0c8}> (0x0000000709a8d0c8) 
thrown [./open/src/hotspot/share/runtime/sharedRuntime.cpp, line 585]
Event: 8.564 Thread 0x000001e42b0abb80 Exception <a 'java/lang/ArrayIndexOutOfBoundsException'{0x0000000709a92458}> (0x0000000709a92458) 
thrown [./open/src/hotspot/share/runtime/sharedRuntime.cpp, line 585]

Events (20 events):
Event: 8.346 loading class javax/net/SocketFactory done
Event: 8.346 loading class javax/net/ssl/SSLSocketFactory done
Event: 8.346 loading class sun/security/ssl/SSLSocketFactoryImpl done
Event: 8.380 loading class java/net/ProxySelectorBeanInfo
Event: 8.380 loading class java/net/ProxySelectorBeanInfo done
Event: 8.380 loading class java/net/ProxySelectorBeanInfo
Event: 8.380 loading class java/net/ProxySelectorBeanInfo done
Event: 8.380 loading class java/net/ProxySelectorCustomizer
Event: 8.380 loading class java/net/ProxySelectorCustomizer done
Event: 8.380 loading class java/net/ProxySelectorCustomizer
Event: 8.380 loading class java/net/ProxySelectorCustomizer done
Event: 8.400 Executing VM operation: ICBufferFull
Event: 8.400 Executing VM operation: ICBufferFull done
Event: 8.400 Executing VM operation: HandshakeAllThreads
Event: 8.400 Executing VM operation: HandshakeAllThreads done
Event: 8.575 loading class java/util/concurrent/atomic/AtomicMarkableReference
Event: 8.575 loading class java/util/concurrent/atomic/AtomicMarkableReference done
Event: 8.575 loading class java/util/concurrent/atomic/AtomicMarkableReference$Pair
Event: 8.575 loading class java/util/concurrent/atomic/AtomicMarkableReference$Pair done
Event: 8.588 Executing VM operation: G1CollectForAllocation


Dynamic libraries:
0x00007ff7293a0000 - 0x00007ff7293ad000 	C:\Users\Smrmr\.p2\pool\plugins\org.eclipse.justj.openjdk.hotspot.jre.full.win32.x86_64_15.0.2.v20210201-0955\jre\bin\javaw.exe
0x00007ffc329d0000 - 0x00007ffc32bc5000 	C:\WINDOWS\SYSTEM32\ntdll.dll
0x00007ffc31f20000 - 0x00007ffc31fdd000 	C:\WINDOWS\System32\KERNEL32.DLL
0x00007ffc30350000 - 0x00007ffc30618000 	C:\WINDOWS\System32\KERNELBASE.dll
0x00007ffc30110000 - 0x00007ffc30210000 	C:\WINDOWS\System32\ucrtbase.dll
0x00007ffc232d0000 - 0x00007ffc232e9000 	C:\Users\Smrmr\.p2\pool\plugins\org.eclipse.justj.openjdk.hotspot.jre.full.win32.x86_64_15.0.2.v20210201-0955\jre\bin\VCRUNTIME140.dll
0x00007ffc270d0000 - 0x00007ffc270e8000 	C:\Users\Smrmr\.p2\pool\plugins\org.eclipse.justj.openjdk.hotspot.jre.full.win32.x86_64_15.0.2.v20210201-0955\jre\bin\jli.dll
0x00007ffc326a0000 - 0x00007ffc32840000 	C:\WINDOWS\System32\USER32.dll
0x00007ffc30860000 - 0x00007ffc30882000 	C:\WINDOWS\System32\win32u.dll
0x00007ffc143c0000 - 0x00007ffc1465a000 	C:\WINDOWS\WinSxS\amd64_microsoft.windows.common-controls_6595b64144ccf1df_6.0.19041.1052_none_60b8f8fd71f5e8cb\COMCTL32.dll
0x00007ffc31a70000 - 0x00007ffc31a9a000 	C:\WINDOWS\System32\GDI32.dll
0x00007ffc31900000 - 0x00007ffc3199e000 	C:\WINDOWS\System32\msvcrt.dll
0x00007ffc30240000 - 0x00007ffc3034b000 	C:\WINDOWS\System32\gdi32full.dll
0x00007ffc308f0000 - 0x00007ffc3098d000 	C:\WINDOWS\System32\msvcp_win.dll
0x00007ffc31b10000 - 0x00007ffc31b40000 	C:\WINDOWS\System32\IMM32.DLL
0x00007ffc24b20000 - 0x00007ffc24b2c000 	C:\Users\Smrmr\.p2\pool\plugins\org.eclipse.justj.openjdk.hotspot.jre.full.win32.x86_64_15.0.2.v20210201-0955\jre\bin\vcruntime140_1.dll
0x00007ffbf1eb0000 - 0x00007ffbf1f41000 	C:\Users\Smrmr\.p2\pool\plugins\org.eclipse.justj.openjdk.hotspot.jre.full.win32.x86_64_15.0.2.v20210201-0955\jre\bin\msvcp140.dll
0x00007ffbb64d0000 - 0x00007ffbb702e000 	C:\Users\Smrmr\.p2\pool\plugins\org.eclipse.justj.openjdk.hotspot.jre.full.win32.x86_64_15.0.2.v20210201-0955\jre\bin\server\jvm.dll
0x00007ffc31b40000 - 0x00007ffc31bec000 	C:\WINDOWS\System32\ADVAPI32.dll
0x00007ffc328f0000 - 0x00007ffc3298b000 	C:\WINDOWS\System32\sechost.dll
0x00007ffc31df0000 - 0x00007ffc31f1b000 	C:\WINDOWS\System32\RPCRT4.dll
0x00007ffc32110000 - 0x00007ffc32118000 	C:\WINDOWS\System32\PSAPI.DLL
0x00007ffc18100000 - 0x00007ffc18109000 	C:\WINDOWS\SYSTEM32\WSOCK32.dll
0x00007ffc1fd00000 - 0x00007ffc1fd27000 	C:\WINDOWS\SYSTEM32\WINMM.dll
0x00007ffc26ec0000 - 0x00007ffc26eca000 	C:\WINDOWS\SYSTEM32\VERSION.dll
0x00007ffc31aa0000 - 0x00007ffc31b0b000 	C:\WINDOWS\System32\WS2_32.dll
0x00007ffc2ea30000 - 0x00007ffc2ea42000 	C:\WINDOWS\SYSTEM32\kernel.appcore.dll
0x00007ffc26be0000 - 0x00007ffc26bea000 	C:\Users\Smrmr\.p2\pool\plugins\org.eclipse.justj.openjdk.hotspot.jre.full.win32.x86_64_15.0.2.v20210201-0955\jre\bin\jimage.dll
0x00007ffc2de10000 - 0x00007ffc2dff4000 	C:\WINDOWS\SYSTEM32\DBGHELP.DLL
0x00007ffc235f0000 - 0x00007ffc2361c000 	C:\WINDOWS\SYSTEM32\dbgcore.DLL
0x00007ffc30620000 - 0x00007ffc306a3000 	C:\WINDOWS\System32\bcryptPrimitives.dll
0x00007ffc254f0000 - 0x00007ffc254fe000 	C:\Users\Smrmr\.p2\pool\plugins\org.eclipse.justj.openjdk.hotspot.jre.full.win32.x86_64_15.0.2.v20210201-0955\jre\bin\instrument.dll
0x00007ffc20d90000 - 0x00007ffc20db5000 	C:\Users\Smrmr\.p2\pool\plugins\org.eclipse.justj.openjdk.hotspot.jre.full.win32.x86_64_15.0.2.v20210201-0955\jre\bin\java.dll
0x00007ffc20c10000 - 0x00007ffc20c28000 	C:\Users\Smrmr\.p2\pool\plugins\org.eclipse.justj.openjdk.hotspot.jre.full.win32.x86_64_15.0.2.v20210201-0955\jre\bin\zip.dll
0x00007ffc311c0000 - 0x00007ffc318ff000 	C:\WINDOWS\System32\SHELL32.dll
0x00007ffc2e240000 - 0x00007ffc2e9d0000 	C:\WINDOWS\SYSTEM32\windows.storage.dll
0x00007ffc30b70000 - 0x00007ffc30ec5000 	C:\WINDOWS\System32\combase.dll
0x00007ffc2fb80000 - 0x00007ffc2fbac000 	C:\WINDOWS\SYSTEM32\Wldp.dll
0x00007ffc32180000 - 0x00007ffc3222e000 	C:\WINDOWS\System32\SHCORE.dll
0x00007ffc32120000 - 0x00007ffc32175000 	C:\WINDOWS\System32\shlwapi.dll
0x00007ffc30050000 - 0x00007ffc3006f000 	C:\WINDOWS\SYSTEM32\profapi.dll
0x00007ffc131e0000 - 0x00007ffc131f9000 	C:\Users\Smrmr\.p2\pool\plugins\org.eclipse.justj.openjdk.hotspot.jre.full.win32.x86_64_15.0.2.v20210201-0955\jre\bin\net.dll
0x00007ffc23d60000 - 0x00007ffc23e6b000 	C:\WINDOWS\SYSTEM32\WINHTTP.dll
0x00007ffc2f8f0000 - 0x00007ffc2f95a000 	C:\WINDOWS\system32\mswsock.dll
0x00007ffc13190000 - 0x00007ffc131a2000 	C:\Users\Smrmr\.p2\pool\plugins\org.eclipse.justj.openjdk.hotspot.jre.full.win32.x86_64_15.0.2.v20210201-0955\jre\bin\nio.dll
0x00007ffc2f5e0000 - 0x00007ffc2f6ac000 	C:\WINDOWS\SYSTEM32\DNSAPI.dll
0x00007ffc2f590000 - 0x00007ffc2f5cb000 	C:\WINDOWS\SYSTEM32\IPHLPAPI.DLL
0x00007ffc30b00000 - 0x00007ffc30b08000 	C:\WINDOWS\System32\NSI.dll
0x00007ffc23e90000 - 0x00007ffc23e9a000 	C:\Windows\System32\rasadhlp.dll
0x00007ffc23aa0000 - 0x00007ffc23b1f000 	C:\WINDOWS\System32\fwpuclnt.dll
0x00007ffc30210000 - 0x00007ffc30237000 	C:\WINDOWS\System32\bcrypt.dll
0x00007ffc2fac0000 - 0x00007ffc2fad8000 	C:\WINDOWS\SYSTEM32\CRYPTSP.dll
0x00007ffc2f220000 - 0x00007ffc2f254000 	C:\WINDOWS\system32\rsaenh.dll
0x00007ffc30010000 - 0x00007ffc3003e000 	C:\WINDOWS\SYSTEM32\USERENV.dll
0x00007ffc2fae0000 - 0x00007ffc2faec000 	C:\WINDOWS\SYSTEM32\CRYPTBASE.dll
0x00007ffc25070000 - 0x00007ffc25087000 	C:\WINDOWS\SYSTEM32\dhcpcsvc6.DLL
0x00007ffc24ff0000 - 0x00007ffc2500d000 	C:\WINDOWS\SYSTEM32\dhcpcsvc.DLL
0x00007ffc23470000 - 0x00007ffc23480000 	C:\Users\Smrmr\.p2\pool\plugins\org.eclipse.justj.openjdk.hotspot.jre.full.win32.x86_64_15.0.2.v20210201-0955\jre\bin\verify.dll
0x00007ffc22fa0000 - 0x00007ffc22fb7000 	C:\WINDOWS\system32\napinsp.dll
0x00007ffc0a630000 - 0x00007ffc0a64b000 	C:\WINDOWS\system32\pnrpnsp.dll
0x00007ffc27960000 - 0x00007ffc27975000 	C:\WINDOWS\system32\wshbth.dll
0x00007ffc253b0000 - 0x00007ffc253cd000 	C:\WINDOWS\system32\NLAapi.dll
0x00007ffc08cf0000 - 0x00007ffc08d02000 	C:\WINDOWS\System32\winrnr.dll
0x00007ffc27380000 - 0x00007ffc27389000 	C:\Users\Smrmr\.p2\pool\plugins\org.eclipse.justj.openjdk.hotspot.jre.full.win32.x86_64_15.0.2.v20210201-0955\jre\bin\management.dll
0x00007ffc233a0000 - 0x00007ffc233ab000 	C:\Users\Smrmr\.p2\pool\plugins\org.eclipse.justj.openjdk.hotspot.jre.full.win32.x86_64_15.0.2.v20210201-0955\jre\bin\management_ext.dll
0x00007ffc278b0000 - 0x00007ffc278bd000 	C:\Users\Smrmr\.p2\pool\plugins\org.eclipse.justj.openjdk.hotspot.jre.full.win32.x86_64_15.0.2.v20210201-0955\jre\bin\sunmscapi.dll
0x00007ffc306b0000 - 0x00007ffc3080f000 	C:\WINDOWS\System32\CRYPT32.dll
0x00007ffc2fbf0000 - 0x00007ffc2fc17000 	C:\WINDOWS\SYSTEM32\ncrypt.dll
0x00007ffc2fbb0000 - 0x00007ffc2fbeb000 	C:\WINDOWS\SYSTEM32\NTASN1.dll

dbghelp: loaded successfully - version: 4.0.5 - missing functions: none
symbol engine: initialized successfully - sym options: 0x614 - pdb path: .;C:\Users\Smrmr\.p2\pool\plugins\org.eclipse.justj.openjdk.hotspot.jre.full.win32.x86_64_15.0.2.v20210201-0955\jre\bin;C:\WINDOWS\SYSTEM32;C:\WINDOWS\WinSxS\amd64_microsoft.windows.common-controls_6595b64144ccf1df_6.0.19041.1052_none_60b8f8fd71f5e8cb;C:\Users\Smrmr\.p2\pool\plugins\org.eclipse.justj.openjdk.hotspot.jre.full.win32.x86_64_15.0.2.v20210201-0955\jre\bin\server

VM Arguments:
jvm_args: -ea -Dtestng.dtd.http=true -javaagent:C:\Users\Smrmr\.m2\repository/org/aspectj/aspectjweaver/1.9.6/aspectjweaver-1.9.6.jar -Dfile.encoding=Cp1252 -XX:+ShowCodeDetailsInExceptionMessages 
java_command: org.testng.remote.RemoteTestNG -usedefaultlisteners false -listener com.shaft.tools.listeners.AlterSuiteListener,com.shaft.tools.listeners.SuiteListener,com.shaft.tools.listeners.InvokedMethodListener,com.shaft.tools.listeners.CucumberFeatureListener -serport 60708 -protocol json -d C:\Users\Smrmr\eclipse-workspace\Alahlymomknapis\test-output C:\Users\Smrmr\AppData\Local\Temp\testng-eclipse-546904860\testng-customsuite.xml
java_class_path (initial): C:\Users\Smrmr\eclipse\java-2021-03\eclipse\configuration\org.eclipse.osgi\444\0\.cp\lib\testng-remote.jar;C:\Users\Smrmr\eclipse-workspace\Alahlymomknapis\target\test-classes;C:\Users\Smrmr\eclipse-workspace\Alahlymomknapis\target\classes;C:\Users\Smrmr\.p2\pool\plugins\org.testng_7.4.0.r202105021533.jar;C:\Users\Smrmr\.p2\pool\plugins\com.beust.jcommander_1.78.0.jar;C:\Users\Smrmr\.p2\pool\plugins\org.apache-extras.beanshell.bsh_2.0.0.b6.jar;C:\Users\Smrmr\.p2\pool\plugins\org.yaml.snakeyaml_1.21.0.jar;C:\Users\Smrmr\.m2\repository\io\github\mohabmohie\SHAFT_ENGINE\5.3.20210615\SHAFT_ENGINE-5.3.20210615.jar;C:\Users\Smrmr\.m2\repository\org\testng\testng\7.4.0\testng-7.4.0.jar;C:\Users\Smrmr\.m2\repository\com\beust\jcommander\1.78\jcommander-1.78.jar;C:\Users\Smrmr\.m2\repository\org\webjars\jquery\3.5.1\jquery-3.5.1.jar;C:\Users\Smrmr\.m2\repository\org\seleniumhq\selenium\selenium-java\3.141.59\selenium-java-3.141.59.jar;C:\Users\Smrmr\.m2\repository\org\seleniumhq\selenium\selenium-api\3.141.59\selenium-api-3.141.59.jar;C:\Users\Smrmr\.m2\repository\org\seleniumhq\selenium\selenium-chrome-driver\3.141.59\selenium-chrome-driver-3.141.59.jar;C:\Users\Smrmr\.m2\repository\org\seleniumhq\selenium\selenium-edge-driver\3.141.59\selenium-edge-driver-3.141.59.jar;C:\Users\Smrmr\.m2\repository\org\seleniumhq\selenium\selenium-firefox-driver\3.141.59\selenium-firefox-driver-3.141.59.jar;C:\Users\Smrmr\.m2\repository\org\seleniumhq\selenium\selenium-ie-driver\3.141.59\selenium-ie-driver-3.141.59.jar;C:\Users\Smrmr\.m2\repository\org\seleniumhq\selenium\selenium-opera-driver\3.141.59\selenium-opera-driver-3.141.59.jar;C:\Users\Smrmr\.m2\repository\org\seleniumhq\selenium\selenium-remote-driver\3.141.59\selenium-remote-driver-3.141.59.jar;C:\Users\Smrmr\.m2\repository\org\seleniumhq\selenium\selenium-safari-driver\3.141.59\selenium-safari-driver-3.141.59.jar;C:\Users\Smrmr\.m2\repository\org\seleniumhq\selenium\selenium-support\3.141.59\seleniu
Launcher Type: SUN_STANDARD

[Global flags]
     intx CICompilerCount                          = 4                                         {product} {ergonomic}
     uint ConcGCThreads                            = 2                                         {product} {ergonomic}
     uint G1ConcRefinementThreads                  = 8                                         {product} {ergonomic}
   size_t G1HeapRegionSize                         = 2097152                                   {product} {ergonomic}
    uintx GCDrainStackTargetSize                   = 64                                        {product} {ergonomic}
   size_t InitialHeapSize                          = 266338304                                 {product} {ergonomic}
   size_t MarkStackSize                            = 4194304                                   {product} {ergonomic}
   size_t MaxHeapSize                              = 4244635648                                {product} {ergonomic}
   size_t MaxNewSize                               = 2545942528                                {product} {ergonomic}
   size_t MinHeapDeltaBytes                        = 2097152                                   {product} {ergonomic}
   size_t MinHeapSize                              = 8388608                                   {product} {ergonomic}
    uintx NonNMethodCodeHeapSize                   = 5839372                                {pd product} {ergonomic}
    uintx NonProfiledCodeHeapSize                  = 122909434                              {pd product} {ergonomic}
    uintx ProfiledCodeHeapSize                     = 122909434                              {pd product} {ergonomic}
    uintx ReservedCodeCacheSize                    = 251658240                              {pd product} {ergonomic}
     bool SegmentedCodeCache                       = true                                      {product} {ergonomic}
     bool ShowCodeDetailsInExceptionMessages       = true                                   {manageable} {command line}
   size_t SoftMaxHeapSize                          = 4244635648                             {manageable} {ergonomic}
     bool UseCompressedClassPointers               = true                                 {lp64_product} {ergonomic}
     bool UseCompressedOops                        = true                                 {lp64_product} {ergonomic}
     bool UseG1GC                                  = true                                      {product} {ergonomic}
     bool UseLargePagesIndividualAllocation        = false                                  {pd product} {ergonomic}

Logging:
Log output configuration:
 #0: stdout all=warning uptime,level,tags
 #1: stderr all=off uptime,level,tags

Environment Variables:
JAVA_HOME=C:\Program Files\Java\jdk-16.0.1
PATH=C:/Users/Smrmr/.p2/pool/plugins/org.eclipse.justj.openjdk.hotspot.jre.full.win32.x86_64_15.0.2.v20210201-0955/jre/bin/server;C:/Users/Smrmr/.p2/pool/plugins/org.eclipse.justj.openjdk.hotspot.jre.full.win32.x86_64_15.0.2.v20210201-0955/jre/bin;C:\Program Files\AdoptOpenJDK\jdk-8.0.292.10-hotspot\bin;C:\Users\Smrmr\AppData\Local\Programs\Python\Python39\Scripts\;C:\Users\Smrmr\AppData\Local\Programs\Python\Python39\;C:\Program Files\Common Files\Oracle\Java\javapath;C:\Program Files (x86)\Common Files\Oracle\Java\javapath;C:\WINDOWS\system32;C:\WINDOWS;C:\WINDOWS\System32\Wbem;C:\WINDOWS\System32\WindowsPowerShell\v1.0\;C:\WINDOWS\System32\OpenSSH\;C:\Program Files (x86)\Microsoft SQL Server\150\DTS\Binn\;C:\Program Files\Azure Data Studio\bin;C:\Program Files\Java\jdk-16.0.1\bin;C:\Program Files (x86)\Microsoft SQL Server\130\DTS\Binn\;C:\Program Files\Microsoft SQL Server\130\DTS\Binn\;C:\Program Files\Microsoft SQL Server\Client SDK\ODBC\130\Tools\Binn\;C:\Program Files (x86)\Microsoft SQL Server\130\Tools\Binn\;C:\Program Files\Microsoft SQL Server\130\Tools\Binn\;C:\Program Files\dotnet\;C:\Program Files\Microsoft SQL Server\Client SDK\ODBC\170\Tools\Binn\;C:\Users\Smrmr\Downloads\platform-tools;C:\Program Files\Git\cmd;C:\Program Files\wkhtmltopdf\bin;C:\Program Files\nodejs\;C:\Program Files\nodejs\node_modules\npm\bin;C:\Users\Smrmr\AppData\Local\Android\Sdk\platform-tools;C:\Users\Smrmr\AppData\Local\Programs\Python\Python39\Scripts\;C:\Users\Smrmr\AppData\Local\Programs\Python\Python39\;C:\Users\Smrmr\AppData\Local\Microsoft\WindowsApps;C:\Program Files\Azure Data Studio\bin;C:\Program Files\TestProject Agent;C:\Users\Smrmr\.dotnet\tools;C:\Users\Smrmr\AppData\Roaming\npm;C:\WINDOWS\System32;
USERNAME=Smrmr
OS=Windows_NT
PROCESSOR_IDENTIFIER=Intel64 Family 6 Model 142 Stepping 12, GenuineIntel



---------------  S Y S T E M  ---------------

OS:
 Windows 10 , 64 bit Build 19041 (10.0.19041.1023)
OS uptime: 16 days 23:54 hours

CPU: total 8 (initial active 8) (4 cores per cpu, 2 threads per core) family 6 model 142 stepping 12 microcode 0xde, cmov, cx8, fxsr, mmx, sse, sse2, sse3, ssse3, sse4.1, sse4.2, popcnt, vzeroupper, avx, avx2, aes, clmul, erms, 3dnowpref, lzcnt, ht, tsc, tscinvbit, bmi1, bmi2, adx, fma, clflush, clflushopt

Memory: 4k page, system-wide physical 16190M (3646M free)
TotalPageFile size 34761M (AvailPageFile size 15M)
current process WorkingSet (physical memory assigned to process): 343M, peak: 346M
current process commit charge ("private bytes"): 379M, peak: 433M

vm_info: OpenJDK 64-Bit Server VM (15.0.2+7-27) for windows-amd64 JRE (15.0.2+7-27), built on Dec  7 2020 20:02:38 by "mach5one" with unknown MS VC++:1925

END.
